Using pre-set license
Built from '2020.3/staging' branch; Version is '2020.3.23f1 (c5d91304a876) revision 12966163'; Using compiler version '192528614'; Build Type 'Release'
OS: 'Windows 10 Pro; OS build 18362.1256; Version 1903; 64bit' Language: 'ko' Physical Memory: 16075 MB
BatchMode: 1, IsHumanControllingUs: 0, StartBugReporterOnCrash: 0, Is64bit: 1, IsPro: 0

COMMAND LINE ARGUMENTS:
C:\Program Files\Unity\Hub\Editor\2020.3.23f1\Editor\Unity.exe
-adb2
-batchMode
-noUpm
-name
AssetImportWorker0
-projectPath
C:/Users/SGA/Documents/GitHub/Scrolldnjswhd/12281034
-logFile
Logs/AssetImportWorker0.log
-srvPort
50845
Successfully changed project path to: C:/Users/SGA/Documents/GitHub/Scrolldnjswhd/12281034
C:/Users/SGA/Documents/GitHub/Scrolldnjswhd/12281034
Using Asset Import Pipeline V2.
Refreshing native plugins compatible for Editor in 53.94 ms, found 2 plugins.
Preloading 0 native plugins for Editor in 0.00 ms.
Initialize engine version: 2020.3.23f1 (c5d91304a876)
[Subsystems] Discovering subsystems at path C:/Program Files/Unity/Hub/Editor/2020.3.23f1/Editor/Data/Resources/UnitySubsystems
[Subsystems] Discovering subsystems at path C:/Users/SGA/Documents/GitHub/Scrolldnjswhd/12281034/Assets
GfxDevice: creating device client; threaded=0
Direct3D:
    Version:  Direct3D 11.0 [level 11.1]
    Renderer: Intel(R) HD Graphics 630 (ID=0x5912)
    Vendor:   
    VRAM:     8037 MB
    Driver:   26.20.100.7323
Initialize mono
Mono path[0] = 'C:/Program Files/Unity/Hub/Editor/2020.3.23f1/Editor/Data/Managed'
Mono path[1] = 'C:/Program Files/Unity/Hub/Editor/2020.3.23f1/Editor/Data/MonoBleedingEdge/lib/mono/unityjit'
Mono config path = 'C:/Program Files/Unity/Hub/Editor/2020.3.23f1/Editor/Data/MonoBleedingEdge/etc'
Using monoOptions --debugger-agent=transport=dt_socket,embedding=1,server=y,suspend=n,address=127.0.0.1:56008
Begin MonoManager ReloadAssembly
Registering precompiled unity dll's ...
Register platform support module: C:/Program Files/Unity/Hub/Editor/2020.3.23f1/Editor/Data/PlaybackEngines/WindowsStandaloneSupport/UnityEditor.WindowsStandalone.Extensions.dll
Registered in 0.001350 seconds.
Native extension for WindowsStandalone target not found
Refreshing native plugins compatible for Editor in 33.18 ms, found 2 plugins.
Preloading 0 native plugins for Editor in 0.00 ms.
Mono: successfully reloaded assembly
- Completed reload, in  0.622 seconds
Domain Reload Profiling:
	ReloadAssembly (622ms)
		BeginReloadAssembly (72ms)
			ExecutionOrderSort (0ms)
			DisableScriptedObjects (0ms)
			BackupInstance (0ms)
			ReleaseScriptingObjects (0ms)
			CreateAndSetChildDomain (1ms)
		EndReloadAssembly (460ms)
			LoadAssemblies (70ms)
			RebuildTransferFunctionScriptingTraits (0ms)
			SetupTypeCache (164ms)
			ReleaseScriptCaches (0ms)
			RebuildScriptCaches (30ms)
			SetupLoadedEditorAssemblies (166ms)
				LogAssemblyErrors (0ms)
				InitializePlatformSupportModulesInManaged (4ms)
				SetLoadedEditorAssemblies (0ms)
				RefreshPlugins (33ms)
				BeforeProcessingInitializeOnLoad (15ms)
				ProcessInitializeOnLoadAttributes (86ms)
				ProcessInitializeOnLoadMethodAttributes (27ms)
				AfterProcessingInitializeOnLoad (0ms)
				EditorAssembliesLoaded (0ms)
			ExecutionOrderSort2 (0ms)
			AwakeInstancesAfterBackupRestoration (0ms)
Platform modules already initialized, skipping
Registering precompiled user dll's ...
Registered in 0.003979 seconds.
Begin MonoManager ReloadAssembly
Native extension for WindowsStandalone target not found
Refreshing native plugins compatible for Editor in 0.38 ms, found 2 plugins.
Preloading 0 native plugins for Editor in 0.00 ms.
Mono: successfully reloaded assembly
- Completed reload, in  0.996 seconds
Domain Reload Profiling:
	ReloadAssembly (997ms)
		BeginReloadAssembly (139ms)
			ExecutionOrderSort (0ms)
			DisableScriptedObjects (5ms)
			BackupInstance (0ms)
			ReleaseScriptingObjects (0ms)
			CreateAndSetChildDomain (19ms)
		EndReloadAssembly (797ms)
			LoadAssemblies (78ms)
			RebuildTransferFunctionScriptingTraits (0ms)
			SetupTypeCache (277ms)
			ReleaseScriptCaches (0ms)
			RebuildScriptCaches (43ms)
			SetupLoadedEditorAssemblies (291ms)
				LogAssemblyErrors (0ms)
				InitializePlatformSupportModulesInManaged (4ms)
				SetLoadedEditorAssemblies (1ms)
				RefreshPlugins (0ms)
				BeforeProcessingInitializeOnLoad (76ms)
				ProcessInitializeOnLoadAttributes (195ms)
				ProcessInitializeOnLoadMethodAttributes (9ms)
				AfterProcessingInitializeOnLoad (5ms)
				EditorAssembliesLoaded (0ms)
			ExecutionOrderSort2 (0ms)
			AwakeInstancesAfterBackupRestoration (8ms)
Platform modules already initialized, skipping
========================================================================
Worker process is ready to serve import requests
Launched and connected shader compiler UnityShaderCompiler.exe after 0.07 seconds
Refreshing native plugins compatible for Editor in 0.35 ms, found 2 plugins.
Preloading 0 native plugins for Editor in 0.00 ms.
Unloading 1516 Unused Serialized files (Serialized files now loaded: 0)
System memory in use before: 74.0 MB.
System memory in use after: 74.1 MB.

Unloading 19 unused Assets to reduce memory usage. Loaded Objects now: 1952.
Total: 2.630800 ms (FindLiveObjects: 0.136600 ms CreateObjectMapping: 0.047700 ms MarkObjects: 2.284400 ms  DeleteObjects: 0.161200 ms)

AssetImportParameters requested are different than current active one (requested -> active):
  custom:framework-win-MediaFoundation: 216162199b28c13a410421893ffa2e32 -> 
  custom:video-decoder-ogg-theora: a1e56fd34408186e4bbccfd4996cb3dc -> 
  custom:container-muxer-webm: aa71ff27fc2769a1b78a27578f13a17b -> 
  custom:container-demuxer-webm: 4f35f7cbe854078d1ac9338744f61a02 -> 
  custom:container-demuxer-ogg: 62fdf1f143b41e24485cea50d1cbac27 -> 
  custom:video-encoder-webm-vp8: eb34c28f22e8b96e1ab97ce403110664 -> 
  custom:video-decoder-webm-vp8: 9c59270c3fd7afecdb556c50c9e8de78 -> 
  custom:audio-decoder-ogg-vorbis: bf7c407c2cedff20999df2af8eb42d56 -> 
  custom:audio-encoder-webm-vorbis: bf7c407c2cedff20999df2af8eb42d56 -> 
========================================================================
Received Import Request.
  path: Assets/FightingMotionsVolume1/FBX/hk_rh_right_A.fbx
  artifactKey: Guid(6d57102141fc7184db95eafa963b4572) Importer(815301076,1909f56bfc062723c751e8b465ee728b)
Start importing Assets/FightingMotionsVolume1/FBX/hk_rh_right_A.fbx using Guid(6d57102141fc7184db95eafa963b4572) Importer(815301076,1909f56bfc062723c751e8b465ee728b)  -> (artifact id: '9a7563fae32b2be74d36df2110fa1bff') in 0.166288 seconds 
  Import took 0.168976 seconds .

========================================================================
Received Import Request.
  Time since last request: 0.000284 seconds.
  path: Assets/FightingMotionsVolume1/FBX/hp_straight_left_Tiramis.fbx
  artifactKey: Guid(5134975584e9d31438f5ac1f9fd3de18) Importer(815301076,1909f56bfc062723c751e8b465ee728b)
Start importing Assets/FightingMotionsVolume1/FBX/hp_straight_left_Tiramis.fbx using Guid(5134975584e9d31438f5ac1f9fd3de18) Importer(815301076,1909f56bfc062723c751e8b465ee728b)  -> (artifact id: '1e5570e253901a8e27ef6c315c013c19') in 0.054450 seconds 
  Import took 0.057214 seconds .

========================================================================
Received Import Request.
  Time since last request: 0.000291 seconds.
  path: Assets/FightingMotionsVolume1/FBX/knockdown_A.fbx
  artifactKey: Guid(80c66b0b507d2374e8a428e340dd8414) Importer(815301076,1909f56bfc062723c751e8b465ee728b)
Start importing Assets/FightingMotionsVolume1/FBX/knockdown_A.fbx using Guid(80c66b0b507d2374e8a428e340dd8414) Importer(815301076,1909f56bfc062723c751e8b465ee728b)  -> (artifact id: 'c78218795a46b1b6dd95bcc5a10cb5ca') in 0.044660 seconds 
  Import took 0.047383 seconds .

========================================================================
Received Import Request.
  Time since last request: 0.000280 seconds.
  path: Assets/FightingMotionsVolume1/FBX/ld_front_A.fbx
  artifactKey: Guid(028821a698cf0654c8d9d6aa19889290) Importer(815301076,1909f56bfc062723c751e8b465ee728b)
Start importing Assets/FightingMotionsVolume1/FBX/ld_front_A.fbx using Guid(028821a698cf0654c8d9d6aa19889290) Importer(815301076,1909f56bfc062723c751e8b465ee728b)  -> (artifact id: '013d9a14b1f8a92d2069e913cda1a8cd') in 0.040017 seconds 
  Import took 0.042802 seconds .

========================================================================
Received Import Request.
  Time since last request: 0.000317 seconds.
  path: Assets/FightingMotionsVolume1/FBX/hp_upper_right_A.fbx
  artifactKey: Guid(59c7dab75889cc747a38565aacf425cb) Importer(815301076,1909f56bfc062723c751e8b465ee728b)
Start importing Assets/FightingMotionsVolume1/FBX/hp_upper_right_A.fbx using Guid(59c7dab75889cc747a38565aacf425cb) Importer(815301076,1909f56bfc062723c751e8b465ee728b)  -> (artifact id: 'b2842518d625dd9b4b683c05a79baf13') in 0.039769 seconds 
  Import took 0.042516 seconds .

========================================================================
Received Import Request.
  Time since last request: 0.000205 seconds.
  path: Assets/FightingMotionsVolume1/FBX/hd_front_B.fbx
  artifactKey: Guid(3875ee494c5527c40a1c44833d2202d3) Importer(815301076,1909f56bfc062723c751e8b465ee728b)
Start importing Assets/FightingMotionsVolume1/FBX/hd_front_B.fbx using Guid(3875ee494c5527c40a1c44833d2202d3) Importer(815301076,1909f56bfc062723c751e8b465ee728b)  -> (artifact id: '86a5e1c02cf4d092d29ecda12b2c181d') in 0.040682 seconds 
  Import took 0.043323 seconds .

========================================================================
Received Import Request.
  Time since last request: 0.000204 seconds.
  path: Assets/FightingMotionsVolume1/FBX/hp_straight_right_A.fbx
  artifactKey: Guid(2664f222f7b81d04999f8018fe475b2f) Importer(815301076,1909f56bfc062723c751e8b465ee728b)
Start importing Assets/FightingMotionsVolume1/FBX/hp_straight_right_A.fbx using Guid(2664f222f7b81d04999f8018fe475b2f) Importer(815301076,1909f56bfc062723c751e8b465ee728b)  -> (artifact id: '95e17e231502648a304257dd8b74d338') in 0.035248 seconds 
  Import took 0.038028 seconds .

========================================================================
Received Import Request.
  Time since last request: 0.000172 seconds.
  path: Assets/FightingMotionsVolume1/FBX/lk_rh_right_A.fbx
  artifactKey: Guid(eea3a4476bab05b458d87a5b376889c8) Importer(815301076,1909f56bfc062723c751e8b465ee728b)
Start importing Assets/FightingMotionsVolume1/FBX/lk_rh_right_A.fbx using Guid(eea3a4476bab05b458d87a5b376889c8) Importer(815301076,1909f56bfc062723c751e8b465ee728b)  -> (artifact id: 'b8f00b8e44a8f63596812dfae4171f25') in 0.035488 seconds 
  Import took 0.038771 seconds .

========================================================================
Received Import Request.
  Time since last request: 0.000183 seconds.
  path: Assets/FightingMotionsVolume1/FBX/move_forward_B.fbx
  artifactKey: Guid(5c75701039296084fb07becd1460ad4f) Importer(815301076,1909f56bfc062723c751e8b465ee728b)
Start importing Assets/FightingMotionsVolume1/FBX/move_forward_B.fbx using Guid(5c75701039296084fb07becd1460ad4f) Importer(815301076,1909f56bfc062723c751e8b465ee728b)  -> (artifact id: '72c097baef59b4d476af5a85a8036a83') in 0.034006 seconds 
  Import took 0.036670 seconds .

========================================================================
Received Import Request.
  Time since last request: 0.000174 seconds.
  path: Assets/FightingMotionsVolume1/FBX/lk_rh_right_Tiramis.fbx
  artifactKey: Guid(96bd314225bd5934dbcde0048ded2180) Importer(815301076,1909f56bfc062723c751e8b465ee728b)
Start importing Assets/FightingMotionsVolume1/FBX/lk_rh_right_Tiramis.fbx using Guid(96bd314225bd5934dbcde0048ded2180) Importer(815301076,1909f56bfc062723c751e8b465ee728b)  -> (artifact id: '749bdb83643576b769b2509272c83a21') in 0.035369 seconds 
  Import took 0.037897 seconds .

========================================================================
Received Import Request.
  Time since last request: 0.000177 seconds.
  path: Assets/FightingMotionsVolume1/FBX/hp_hook_left_A.fbx
  artifactKey: Guid(e85eabbd59e479e48a4b8d0cb836f2e3) Importer(815301076,1909f56bfc062723c751e8b465ee728b)
Start importing Assets/FightingMotionsVolume1/FBX/hp_hook_left_A.fbx using Guid(e85eabbd59e479e48a4b8d0cb836f2e3) Importer(815301076,1909f56bfc062723c751e8b465ee728b)  -> (artifact id: '375d5672af4d6816f5b40ca504894935') in 0.035757 seconds 
  Import took 0.038391 seconds .

========================================================================
Received Import Request.
  Time since last request: 0.000181 seconds.
  path: Assets/FightingMotionsVolume1/FBX/hp_hook_left_Tiramis.fbx
  artifactKey: Guid(e96932110ac686d4ca3d30528d498dde) Importer(815301076,1909f56bfc062723c751e8b465ee728b)
Start importing Assets/FightingMotionsVolume1/FBX/hp_hook_left_Tiramis.fbx using Guid(e96932110ac686d4ca3d30528d498dde) Importer(815301076,1909f56bfc062723c751e8b465ee728b)  -> (artifact id: 'c0f708d09349ca0c67e52911bda5ea55') in 0.031760 seconds 
  Import took 0.036069 seconds .

========================================================================
Received Import Request.
  Time since last request: 0.000176 seconds.
  path: Assets/FightingMotionsVolume1/FBX/hd_front_A.fbx
  artifactKey: Guid(b1d836fe66d68fe4b9921d0d510eee15) Importer(815301076,1909f56bfc062723c751e8b465ee728b)
Start importing Assets/FightingMotionsVolume1/FBX/hd_front_A.fbx using Guid(b1d836fe66d68fe4b9921d0d510eee15) Importer(815301076,1909f56bfc062723c751e8b465ee728b)  -> (artifact id: '83a3ec883181de819a51590a414bf5d4') in 0.037096 seconds 
  Import took 0.039731 seconds .

========================================================================
Received Import Request.
  Time since last request: 0.000179 seconds.
  path: Assets/FightingMotionsVolume1/FBX/lk_rh_left_A.fbx
  artifactKey: Guid(b89157ae667535c4480304ff481b791b) Importer(815301076,1909f56bfc062723c751e8b465ee728b)
Start importing Assets/FightingMotionsVolume1/FBX/lk_rh_left_A.fbx using Guid(b89157ae667535c4480304ff481b791b) Importer(815301076,1909f56bfc062723c751e8b465ee728b)  -> (artifact id: '8ba1bd8ea785583f89358b84042e3d55') in 0.032894 seconds 
  Import took 0.035629 seconds .

========================================================================
Received Import Request.
  Time since last request: 0.000167 seconds.
  path: Assets/FightingMotionsVolume1/FBX/hb_front_A.fbx
  artifactKey: Guid(6f36d974de0fac648a26b5796fbfc3c3) Importer(815301076,1909f56bfc062723c751e8b465ee728b)
Start importing Assets/FightingMotionsVolume1/FBX/hb_front_A.fbx using Guid(6f36d974de0fac648a26b5796fbfc3c3) Importer(815301076,1909f56bfc062723c751e8b465ee728b)  -> (artifact id: '45a1ff5142dec06e01303fc5883f9e5e') in 0.036923 seconds 
  Import took 0.040088 seconds .

========================================================================
Received Import Request.
  Time since last request: 0.000212 seconds.
  path: Assets/FightingMotionsVolume1/FBX/knockdown_loop_A.fbx
  artifactKey: Guid(3ff1228a6fef1834f96812bc96c1d41b) Importer(815301076,1909f56bfc062723c751e8b465ee728b)
Start importing Assets/FightingMotionsVolume1/FBX/knockdown_loop_A.fbx using Guid(3ff1228a6fef1834f96812bc96c1d41b) Importer(815301076,1909f56bfc062723c751e8b465ee728b)  -> (artifact id: 'fcf6c6611a4204e7313a8a13be198498') in 0.034142 seconds 
  Import took 0.037440 seconds .

========================================================================
Received Import Request.
  Time since last request: 0.000188 seconds.
  path: Assets/FightingMotionsVolume1/FBX/win_A.fbx
  artifactKey: Guid(ac5e1deee6f0b284fbbae6a3fe80b6ef) Importer(815301076,1909f56bfc062723c751e8b465ee728b)
Start importing Assets/FightingMotionsVolume1/FBX/win_A.fbx using Guid(ac5e1deee6f0b284fbbae6a3fe80b6ef) Importer(815301076,1909f56bfc062723c751e8b465ee728b)  -> (artifact id: '1def8e7f53567780679b4b68cceea4c1') in 0.034134 seconds 
  Import took 0.037060 seconds .

========================================================================
Received Import Request.
  Time since last request: 0.000176 seconds.
  path: Assets/FightingMotionsVolume1/FBX/hp_straight_left_A.fbx
  artifactKey: Guid(e0ad8083c895ff74ea01f55b82884971) Importer(815301076,1909f56bfc062723c751e8b465ee728b)
Start importing Assets/FightingMotionsVolume1/FBX/hp_straight_left_A.fbx using Guid(e0ad8083c895ff74ea01f55b82884971) Importer(815301076,1909f56bfc062723c751e8b465ee728b)  -> (artifact id: '57a8397324357d882f0f2b79c32bef91') in 0.035700 seconds 
  Import took 0.038474 seconds .

========================================================================
Received Import Request.
  Time since last request: 0.000177 seconds.
  path: Assets/FightingMotionsVolume1/FBX/move_backward_B.fbx
  artifactKey: Guid(235c95899b878bb47a6e6decf0954821) Importer(815301076,1909f56bfc062723c751e8b465ee728b)
Start importing Assets/FightingMotionsVolume1/FBX/move_backward_B.fbx using Guid(235c95899b878bb47a6e6decf0954821) Importer(815301076,1909f56bfc062723c751e8b465ee728b)  -> (artifact id: '33f1da94f448a4211d8b9e834f9f5ff9') in 0.036216 seconds 
  Import took 0.038787 seconds .

========================================================================
Received Import Request.
  Time since last request: 0.000178 seconds.
  path: Assets/FightingMotionsVolume1/FBX/hk_side_left_A.fbx
  artifactKey: Guid(32ed0de2e84ee9540870e3c35b13272c) Importer(815301076,1909f56bfc062723c751e8b465ee728b)
Start importing Assets/FightingMotionsVolume1/FBX/hk_side_left_A.fbx using Guid(32ed0de2e84ee9540870e3c35b13272c) Importer(815301076,1909f56bfc062723c751e8b465ee728b)  -> (artifact id: '6f6822b830035e3d88bec026db6db618') in 0.033670 seconds 
  Import took 0.036269 seconds .

========================================================================
Received Import Request.
  Time since last request: 0.000167 seconds.
  path: Assets/FightingMotionsVolume1/FBX/lb_front_A.fbx
  artifactKey: Guid(095c255e0c1c0744d9160d43cdc9e041) Importer(815301076,1909f56bfc062723c751e8b465ee728b)
Start importing Assets/FightingMotionsVolume1/FBX/lb_front_A.fbx using Guid(095c255e0c1c0744d9160d43cdc9e041) Importer(815301076,1909f56bfc062723c751e8b465ee728b)  -> (artifact id: 'bb9f22e629d95d03cbd7f93e8c925f29') in 0.034048 seconds 
  Import took 0.036603 seconds .

========================================================================
Received Import Request.
  Time since last request: 0.000209 seconds.
  path: Assets/FightingMotionsVolume1/FBX/idle_A.fbx
  artifactKey: Guid(6c88f17ac7ff45543a0878e71288c038) Importer(815301076,1909f56bfc062723c751e8b465ee728b)
Start importing Assets/FightingMotionsVolume1/FBX/idle_A.fbx using Guid(6c88f17ac7ff45543a0878e71288c038) Importer(815301076,1909f56bfc062723c751e8b465ee728b)  -> (artifact id: '398feec6ae1adf84c021040cfb8b19e4') in 0.032182 seconds 
  Import took 0.034816 seconds .

========================================================================
Received Import Request.
  Time since last request: 0.000186 seconds.
  path: Assets/FightingMotionsVolume1/FBX/idle_Tiramis.fbx
  artifactKey: Guid(243b013a8548d9344b2e92934493d476) Importer(815301076,1909f56bfc062723c751e8b465ee728b)
Start importing Assets/FightingMotionsVolume1/FBX/idle_Tiramis.fbx using Guid(243b013a8548d9344b2e92934493d476) Importer(815301076,1909f56bfc062723c751e8b465ee728b)  -> (artifact id: '19ceb20dd76031810215e2351a30fd87') in 0.035163 seconds 
  Import took 0.038597 seconds .

========================================================================
Received Import Request.
  Time since last request: 41.398847 seconds.
  path: Assets/unitychan.fbx
  artifactKey: Guid(8f0565f23a2b58541a475bd3c1393052) Importer(815301076,1909f56bfc062723c751e8b465ee728b)
Start importing Assets/unitychan.fbx using Guid(8f0565f23a2b58541a475bd3c1393052) Importer(815301076,1909f56bfc062723c751e8b465ee728b)  -> (artifact id: 'fe29fd6ba1dc603bdc309882e236d130') in 0.156853 seconds 
  Import took 0.161142 seconds .

========================================================================
Received Import Request.
  Time since last request: 0.000190 seconds.
  path: Assets/unitychan.prefab
  artifactKey: Guid(ad797627272b5ed4aad7ceacbdb48d4d) Importer(815301076,1909f56bfc062723c751e8b465ee728b)
Start importing Assets/unitychan.prefab using Guid(ad797627272b5ed4aad7ceacbdb48d4d) Importer(815301076,1909f56bfc062723c751e8b465ee728b) BlendTree "Blend Tree" in state "Blend Tree" in Controller "Player" uses parameter "forwerd" which does not exist.
UnityEngine.StackTraceUtility:ExtractStackTrace ()
UnityEditor.EditorUtility:Internal_InstantiateRemoveAllNonAnimationComponentsSingle (UnityEngine.Object,UnityEngine.Vector3,UnityEngine.Quaternion)
UnityEditor.EditorUtility:InstantiateRemoveAllNonAnimationComponents (UnityEngine.Object,UnityEngine.Vector3,UnityEngine.Quaternion)
UnityEditor.EditorUtility:InstantiateForAnimatorPreview (UnityEngine.Object)
UnityEditor.GameObjectInspector/PreviewData:UpdateGameObject (UnityEngine.Object)
UnityEditor.GameObjectInspector/PreviewData:.ctor (UnityEngine.Object)
UnityEditor.GameObjectInspector:GetPreviewData ()
UnityEditor.GameObjectInspector:RenderStaticPreview (string,UnityEngine.Object[],int,int)
UnityEditor.AssetPreviewUpdater:CreatePreviewForAsset (UnityEngine.Object,UnityEngine.Object[],string)

[C:\buildslave\unity\build\Modules\Animation\AnimatorController.cpp line 975]

 -> (artifact id: '78b6005514b2cf6e6c987bbd73cb635d') in 0.331518 seconds 
  Import took 0.337369 seconds .

========================================================================
Received Import Request.
  Time since last request: 99.717900 seconds.
  path: Assets/Anim.cs
  artifactKey: Guid(5bb0597d802cc8b4faae4f1dff418d3d) Importer(815301076,1909f56bfc062723c751e8b465ee728b)
Start importing Assets/Anim.cs using Guid(5bb0597d802cc8b4faae4f1dff418d3d) Importer(815301076,1909f56bfc062723c751e8b465ee728b)  -> (artifact id: 'ef3f07b16297b6ccff41d0d38ed64742') in 0.017483 seconds 
  Import took 0.020031 seconds .

========================================================================
Received Prepare
Registering precompiled user dll's ...
Registered in 0.140758 seconds.
Begin MonoManager ReloadAssembly
Native extension for WindowsStandalone target not found
Refreshing native plugins compatible for Editor in 0.33 ms, found 2 plugins.
Preloading 0 native plugins for Editor in 0.00 ms.
Mono: successfully reloaded assembly
- Completed reload, in  0.889 seconds
Domain Reload Profiling:
	ReloadAssembly (889ms)
		BeginReloadAssembly (106ms)
			ExecutionOrderSort (0ms)
			DisableScriptedObjects (4ms)
			BackupInstance (0ms)
			ReleaseScriptingObjects (0ms)
			CreateAndSetChildDomain (32ms)
		EndReloadAssembly (726ms)
			LoadAssemblies (76ms)
			RebuildTransferFunctionScriptingTraits (0ms)
			SetupTypeCache (269ms)
			ReleaseScriptCaches (1ms)
			RebuildScriptCaches (35ms)
			SetupLoadedEditorAssemblies (253ms)
				LogAssemblyErrors (0ms)
				InitializePlatformSupportModulesInManaged (4ms)
				SetLoadedEditorAssemblies (0ms)
				RefreshPlugins (0ms)
				BeforeProcessingInitializeOnLoad (66ms)
				ProcessInitializeOnLoadAttributes (169ms)
				ProcessInitializeOnLoadMethodAttributes (8ms)
				AfterProcessingInitializeOnLoad (4ms)
				EditorAssembliesLoaded (0ms)
			ExecutionOrderSort2 (0ms)
			AwakeInstancesAfterBackupRestoration (6ms)
Platform modules already initialized, skipping
Refreshing native plugins compatible for Editor in 0.43 ms, found 2 plugins.
Preloading 0 native plugins for Editor in 0.00 ms.
Unloading 1500 Unused Serialized files (Serialized files now loaded: 0)
System memory in use before: 76.6 MB.
System memory in use after: 76.7 MB.

Unloading 14 unused Assets to reduce memory usage. Loaded Objects now: 1964.
Total: 2.561100 ms (FindLiveObjects: 0.205500 ms CreateObjectMapping: 0.083500 ms MarkObjects: 2.252000 ms  DeleteObjects: 0.019000 ms)

AssetImportParameters requested are different than current active one (requested -> active):
  custom:framework-win-MediaFoundation: 216162199b28c13a410421893ffa2e32 -> 
  custom:video-decoder-ogg-theora: a1e56fd34408186e4bbccfd4996cb3dc -> 
  custom:container-muxer-webm: aa71ff27fc2769a1b78a27578f13a17b -> 
  custom:container-demuxer-webm: 4f35f7cbe854078d1ac9338744f61a02 -> 
  custom:container-demuxer-ogg: 62fdf1f143b41e24485cea50d1cbac27 -> 
  custom:video-encoder-webm-vp8: eb34c28f22e8b96e1ab97ce403110664 -> 
  custom:video-decoder-webm-vp8: 9c59270c3fd7afecdb556c50c9e8de78 -> 
  custom:audio-decoder-ogg-vorbis: bf7c407c2cedff20999df2af8eb42d56 -> 
  custom:audio-encoder-webm-vorbis: bf7c407c2cedff20999df2af8eb42d56 -> 
========================================================================
Received Prepare
Registering precompiled user dll's ...
Registered in 0.003641 seconds.
Begin MonoManager ReloadAssembly
Native extension for WindowsStandalone target not found
Refreshing native plugins compatible for Editor in 0.36 ms, found 2 plugins.
Preloading 0 native plugins for Editor in 0.00 ms.
Mono: successfully reloaded assembly
- Completed reload, in  1.027 seconds
Domain Reload Profiling:
	ReloadAssembly (1027ms)
		BeginReloadAssembly (102ms)
			ExecutionOrderSort (0ms)
			DisableScriptedObjects (4ms)
			BackupInstance (0ms)
			ReleaseScriptingObjects (0ms)
			CreateAndSetChildDomain (29ms)
		EndReloadAssembly (864ms)
			LoadAssemblies (79ms)
			RebuildTransferFunctionScriptingTraits (0ms)
			SetupTypeCache (378ms)
			ReleaseScriptCaches (1ms)
			RebuildScriptCaches (37ms)
			SetupLoadedEditorAssemblies (267ms)
				LogAssemblyErrors (0ms)
				InitializePlatformSupportModulesInManaged (4ms)
				SetLoadedEditorAssemblies (0ms)
				RefreshPlugins (0ms)
				BeforeProcessingInitializeOnLoad (68ms)
				ProcessInitializeOnLoadAttributes (180ms)
				ProcessInitializeOnLoadMethodAttributes (9ms)
				AfterProcessingInitializeOnLoad (5ms)
				EditorAssembliesLoaded (0ms)
			ExecutionOrderSort2 (0ms)
			AwakeInstancesAfterBackupRestoration (6ms)
Platform modules already initialized, skipping
Refreshing native plugins compatible for Editor in 0.33 ms, found 2 plugins.
Preloading 0 native plugins for Editor in 0.00 ms.
Unloading 1500 Unused Serialized files (Serialized files now loaded: 0)
System memory in use before: 76.6 MB.
System memory in use after: 76.7 MB.

Unloading 14 unused Assets to reduce memory usage. Loaded Objects now: 1966.
Total: 2.424900 ms (FindLiveObjects: 0.157700 ms CreateObjectMapping: 0.054800 ms MarkObjects: 2.181600 ms  DeleteObjects: 0.029900 ms)

AssetImportParameters requested are different than current active one (requested -> active):
  custom:framework-win-MediaFoundation: 216162199b28c13a410421893ffa2e32 -> 
  custom:video-decoder-ogg-theora: a1e56fd34408186e4bbccfd4996cb3dc -> 
  custom:container-muxer-webm: aa71ff27fc2769a1b78a27578f13a17b -> 
  custom:container-demuxer-webm: 4f35f7cbe854078d1ac9338744f61a02 -> 
  custom:container-demuxer-ogg: 62fdf1f143b41e24485cea50d1cbac27 -> 
  custom:video-encoder-webm-vp8: eb34c28f22e8b96e1ab97ce403110664 -> 
  custom:video-decoder-webm-vp8: 9c59270c3fd7afecdb556c50c9e8de78 -> 
  custom:audio-decoder-ogg-vorbis: bf7c407c2cedff20999df2af8eb42d56 -> 
  custom:audio-encoder-webm-vorbis: bf7c407c2cedff20999df2af8eb42d56 -> 
========================================================================
Received Import Request.
  Time since last request: 366.831245 seconds.
  path: Assets/FightingMotionsVolume1/FBX/bb_front_A.fbx
  artifactKey: Guid(0282c4d4925893d41928a32222f24b11) Importer(815301076,1909f56bfc062723c751e8b465ee728b)
Start importing Assets/FightingMotionsVolume1/FBX/bb_front_A.fbx using Guid(0282c4d4925893d41928a32222f24b11) Importer(815301076,1909f56bfc062723c751e8b465ee728b)  -> (artifact id: '322c62b4726c5fbc3b2834c7fb80f586') in 0.254999 seconds 
  Import took 0.261475 seconds .

========================================================================
Received Import Request.
  Time since last request: 0.000051 seconds.
  path: Assets/FightingMotionsVolume1/FBX/getup_A.fbx
  artifactKey: Guid(17004ac38f600ff4f90db12b9b2d5433) Importer(815301076,1909f56bfc062723c751e8b465ee728b)
Start importing Assets/FightingMotionsVolume1/FBX/getup_A.fbx using Guid(17004ac38f600ff4f90db12b9b2d5433) Importer(815301076,1909f56bfc062723c751e8b465ee728b)  -> (artifact id: 'a65b066d6cbeab01b0c6bf20f3983815') in 0.161492 seconds 
  Import took 0.165705 seconds .

========================================================================
Received Import Request.
  Time since last request: 0.000169 seconds.
  path: Assets/FightingMotionsVolume1/FBX/bd_front_A.fbx
  artifactKey: Guid(570197eb6cbea1c479c35bda442dada9) Importer(815301076,1909f56bfc062723c751e8b465ee728b)
Start importing Assets/FightingMotionsVolume1/FBX/bd_front_A.fbx using Guid(570197eb6cbea1c479c35bda442dada9) Importer(815301076,1909f56bfc062723c751e8b465ee728b)  -> (artifact id: '6f7d492cfbe02c031c58692076fd158e') in 0.131282 seconds 
  Import took 0.134526 seconds .

========================================================================
Received Import Request.
  Time since last request: 0.000076 seconds.
  path: Assets/FightingMotionsVolume1/FBX/bk_push_left_A.fbx
  artifactKey: Guid(e4f3ef320ac0e124fbd5766ab8a38cde) Importer(815301076,1909f56bfc062723c751e8b465ee728b)
Start importing Assets/FightingMotionsVolume1/FBX/bk_push_left_A.fbx using Guid(e4f3ef320ac0e124fbd5766ab8a38cde) Importer(815301076,1909f56bfc062723c751e8b465ee728b)  -> (artifact id: '3beb6548a746809b6c0389949e073706') in 0.119485 seconds 
  Import took 0.124352 seconds .

========================================================================
Received Import Request.
  Time since last request: 0.000189 seconds.
  path: Assets/FightingMotionsVolume1/FBX/BlueGuy.fbx
  artifactKey: Guid(0bf37dc7372c57146bfc553d666ef609) Importer(815301076,1909f56bfc062723c751e8b465ee728b)
Start importing Assets/FightingMotionsVolume1/FBX/BlueGuy.fbx using Guid(0bf37dc7372c57146bfc553d666ef609) Importer(815301076,1909f56bfc062723c751e8b465ee728b)  -> (artifact id: '062aa3c859d2e3c28db6bd794d4a4100') in 0.126443 seconds 
  Import took 0.129289 seconds .

========================================================================
Received Import Request.
  Time since last request: 0.000048 seconds.
  path: Assets/FightingMotionsVolume1/FBX/bp_upper_left_A.fbx
  artifactKey: Guid(34b0f0ed3390d964b8b6b299db28f69d) Importer(815301076,1909f56bfc062723c751e8b465ee728b)
Start importing Assets/FightingMotionsVolume1/FBX/bp_upper_left_A.fbx using Guid(34b0f0ed3390d964b8b6b299db28f69d) Importer(815301076,1909f56bfc062723c751e8b465ee728b)  -> (artifact id: 'e9d94d94196b805438908298099a8639') in 0.357365 seconds 
  Import took 0.401065 seconds .

========================================================================
Received Import Request.
  Time since last request: 0.001203 seconds.
  path: Assets/FightingMotionsVolume1/FBX/bk_rh_right_A.fbx
  artifactKey: Guid(82ff370070ffcb846a647642afec9429) Importer(815301076,1909f56bfc062723c751e8b465ee728b)
Start importing Assets/FightingMotionsVolume1/FBX/bk_rh_right_A.fbx using Guid(82ff370070ffcb846a647642afec9429) Importer(815301076,1909f56bfc062723c751e8b465ee728b)  -> (artifact id: '2a474aed0264efbe6cd4afc6222b492e') in 0.054106 seconds 
  Import took 0.209919 seconds .

========================================================================
Received Import Request.
  Time since last request: 0.000181 seconds.
  path: Assets/FightingMotionsVolume1/FBX/bp_hook_right_A.fbx
  artifactKey: Guid(8b6ca66cf21170749b7c0644ee77cc39) Importer(815301076,1909f56bfc062723c751e8b465ee728b)
Start importing Assets/FightingMotionsVolume1/FBX/bp_hook_right_A.fbx using Guid(8b6ca66cf21170749b7c0644ee77cc39) Importer(815301076,1909f56bfc062723c751e8b465ee728b)  -> (artifact id: 'bbde075e2aee2732cbd8d38f72cc94a7') in 0.110347 seconds 
  Import took 0.115190 seconds .

========================================================================
Received Prepare
Registering precompiled user dll's ...
Registered in 0.004080 seconds.
Begin MonoManager ReloadAssembly
Native extension for WindowsStandalone target not found
Refreshing native plugins compatible for Editor in 0.51 ms, found 2 plugins.
Preloading 0 native plugins for Editor in 0.00 ms.
Mono: successfully reloaded assembly
- Completed reload, in  1.346 seconds
Domain Reload Profiling:
	ReloadAssembly (1348ms)
		BeginReloadAssembly (164ms)
			ExecutionOrderSort (0ms)
			DisableScriptedObjects (19ms)
			BackupInstance (0ms)
			ReleaseScriptingObjects (0ms)
			CreateAndSetChildDomain (44ms)
		EndReloadAssembly (1043ms)
			LoadAssemblies (175ms)
			RebuildTransferFunctionScriptingTraits (0ms)
			SetupTypeCache (421ms)
			ReleaseScriptCaches (1ms)
			RebuildScriptCaches (55ms)
			SetupLoadedEditorAssemblies (278ms)
				LogAssemblyErrors (0ms)
				InitializePlatformSupportModulesInManaged (4ms)
				SetLoadedEditorAssemblies (1ms)
				RefreshPlugins (1ms)
				BeforeProcessingInitializeOnLoad (71ms)
				ProcessInitializeOnLoadAttributes (183ms)
				ProcessInitializeOnLoadMethodAttributes (13ms)
				AfterProcessingInitializeOnLoad (5ms)
				EditorAssembliesLoaded (0ms)
			ExecutionOrderSort2 (0ms)
			AwakeInstancesAfterBackupRestoration (6ms)
Platform modules already initialized, skipping
Refreshing native plugins compatible for Editor in 0.34 ms, found 2 plugins.
Preloading 0 native plugins for Editor in 0.00 ms.
Unloading 1500 Unused Serialized files (Serialized files now loaded: 0)
System memory in use before: 76.8 MB.
System memory in use after: 76.9 MB.

Unloading 14 unused Assets to reduce memory usage. Loaded Objects now: 1969.
Total: 3.413800 ms (FindLiveObjects: 0.189800 ms CreateObjectMapping: 0.059300 ms MarkObjects: 3.142600 ms  DeleteObjects: 0.020700 ms)

AssetImportParameters requested are different than current active one (requested -> active):
  custom:framework-win-MediaFoundation: 216162199b28c13a410421893ffa2e32 -> 
  custom:video-decoder-ogg-theora: a1e56fd34408186e4bbccfd4996cb3dc -> 
  custom:container-muxer-webm: aa71ff27fc2769a1b78a27578f13a17b -> 
  custom:container-demuxer-webm: 4f35f7cbe854078d1ac9338744f61a02 -> 
  custom:container-demuxer-ogg: 62fdf1f143b41e24485cea50d1cbac27 -> 
  custom:video-encoder-webm-vp8: eb34c28f22e8b96e1ab97ce403110664 -> 
  custom:video-decoder-webm-vp8: 9c59270c3fd7afecdb556c50c9e8de78 -> 
  custom:audio-decoder-ogg-vorbis: bf7c407c2cedff20999df2af8eb42d56 -> 
  custom:audio-encoder-webm-vorbis: bf7c407c2cedff20999df2af8eb42d56 -> 
========================================================================
Received Prepare
Registering precompiled user dll's ...
Registered in 0.003453 seconds.
Begin MonoManager ReloadAssembly
Native extension for WindowsStandalone target not found
Refreshing native plugins compatible for Editor in 0.34 ms, found 2 plugins.
Preloading 0 native plugins for Editor in 0.00 ms.
Mono: successfully reloaded assembly
- Completed reload, in  1.374 seconds
Domain Reload Profiling:
	ReloadAssembly (1375ms)
		BeginReloadAssembly (126ms)
			ExecutionOrderSort (0ms)
			DisableScriptedObjects (8ms)
			BackupInstance (0ms)
			ReleaseScriptingObjects (0ms)
			CreateAndSetChildDomain (34ms)
		EndReloadAssembly (1166ms)
			LoadAssemblies (136ms)
			RebuildTransferFunctionScriptingTraits (0ms)
			SetupTypeCache (597ms)
			ReleaseScriptCaches (1ms)
			RebuildScriptCaches (41ms)
			SetupLoadedEditorAssemblies (294ms)
				LogAssemblyErrors (0ms)
				InitializePlatformSupportModulesInManaged (5ms)
				SetLoadedEditorAssemblies (0ms)
				RefreshPlugins (0ms)
				BeforeProcessingInitializeOnLoad (72ms)
				ProcessInitializeOnLoadAttributes (203ms)
				ProcessInitializeOnLoadMethodAttributes (8ms)
				AfterProcessingInitializeOnLoad (5ms)
				EditorAssembliesLoaded (0ms)
			ExecutionOrderSort2 (0ms)
			AwakeInstancesAfterBackupRestoration (6ms)
Platform modules already initialized, skipping
Refreshing native plugins compatible for Editor in 0.37 ms, found 2 plugins.
Preloading 0 native plugins for Editor in 0.00 ms.
Unloading 1500 Unused Serialized files (Serialized files now loaded: 0)
System memory in use before: 76.8 MB.
System memory in use after: 76.9 MB.

Unloading 14 unused Assets to reduce memory usage. Loaded Objects now: 1971.
Total: 2.514300 ms (FindLiveObjects: 0.138000 ms CreateObjectMapping: 0.045500 ms MarkObjects: 2.314700 ms  DeleteObjects: 0.015300 ms)

AssetImportParameters requested are different than current active one (requested -> active):
  custom:framework-win-MediaFoundation: 216162199b28c13a410421893ffa2e32 -> 
  custom:video-decoder-ogg-theora: a1e56fd34408186e4bbccfd4996cb3dc -> 
  custom:container-muxer-webm: aa71ff27fc2769a1b78a27578f13a17b -> 
  custom:container-demuxer-webm: 4f35f7cbe854078d1ac9338744f61a02 -> 
  custom:container-demuxer-ogg: 62fdf1f143b41e24485cea50d1cbac27 -> 
  custom:video-encoder-webm-vp8: eb34c28f22e8b96e1ab97ce403110664 -> 
  custom:video-decoder-webm-vp8: 9c59270c3fd7afecdb556c50c9e8de78 -> 
  custom:audio-decoder-ogg-vorbis: bf7c407c2cedff20999df2af8eb42d56 -> 
  custom:audio-encoder-webm-vorbis: bf7c407c2cedff20999df2af8eb42d56 -> 
========================================================================
Received Prepare
Registering precompiled user dll's ...
Registered in 0.011426 seconds.
Begin MonoManager ReloadAssembly
Native extension for WindowsStandalone target not found
Refreshing native plugins compatible for Editor in 0.33 ms, found 2 plugins.
Preloading 0 native plugins for Editor in 0.00 ms.
Mono: successfully reloaded assembly
- Completed reload, in  1.465 seconds
Domain Reload Profiling:
	ReloadAssembly (1466ms)
		BeginReloadAssembly (267ms)
			ExecutionOrderSort (0ms)
			DisableScriptedObjects (4ms)
			BackupInstance (0ms)
			ReleaseScriptingObjects (0ms)
			CreateAndSetChildDomain (30ms)
		EndReloadAssembly (833ms)
			LoadAssemblies (266ms)
			RebuildTransferFunctionScriptingTraits (0ms)
			SetupTypeCache (321ms)
			ReleaseScriptCaches (4ms)
			RebuildScriptCaches (40ms)
			SetupLoadedEditorAssemblies (276ms)
				LogAssemblyErrors (0ms)
				InitializePlatformSupportModulesInManaged (4ms)
				SetLoadedEditorAssemblies (0ms)
				RefreshPlugins (0ms)
				BeforeProcessingInitializeOnLoad (68ms)
				ProcessInitializeOnLoadAttributes (179ms)
				ProcessInitializeOnLoadMethodAttributes (9ms)
				AfterProcessingInitializeOnLoad (13ms)
				EditorAssembliesLoaded (0ms)
			ExecutionOrderSort2 (0ms)
			AwakeInstancesAfterBackupRestoration (7ms)
Platform modules already initialized, skipping
Refreshing native plugins compatible for Editor in 0.33 ms, found 2 plugins.
Preloading 0 native plugins for Editor in 0.00 ms.
Unloading 1500 Unused Serialized files (Serialized files now loaded: 0)
System memory in use before: 76.8 MB.
System memory in use after: 76.9 MB.

Unloading 14 unused Assets to reduce memory usage. Loaded Objects now: 1973.
Total: 2.644900 ms (FindLiveObjects: 0.140400 ms CreateObjectMapping: 0.063600 ms MarkObjects: 2.425800 ms  DeleteObjects: 0.014100 ms)

AssetImportParameters requested are different than current active one (requested -> active):
  custom:framework-win-MediaFoundation: 216162199b28c13a410421893ffa2e32 -> 
  custom:video-decoder-ogg-theora: a1e56fd34408186e4bbccfd4996cb3dc -> 
  custom:container-muxer-webm: aa71ff27fc2769a1b78a27578f13a17b -> 
  custom:container-demuxer-webm: 4f35f7cbe854078d1ac9338744f61a02 -> 
  custom:container-demuxer-ogg: 62fdf1f143b41e24485cea50d1cbac27 -> 
  custom:video-encoder-webm-vp8: eb34c28f22e8b96e1ab97ce403110664 -> 
  custom:video-decoder-webm-vp8: 9c59270c3fd7afecdb556c50c9e8de78 -> 
  custom:audio-decoder-ogg-vorbis: bf7c407c2cedff20999df2af8eb42d56 -> 
  custom:audio-encoder-webm-vorbis: bf7c407c2cedff20999df2af8eb42d56 -> 
========================================================================
Received Prepare
Registering precompiled user dll's ...
Registered in 0.003628 seconds.
Begin MonoManager ReloadAssembly
Native extension for WindowsStandalone target not found
Refreshing native plugins compatible for Editor in 0.34 ms, found 2 plugins.
Preloading 0 native plugins for Editor in 0.00 ms.
Mono: successfully reloaded assembly
- Completed reload, in  1.305 seconds
Domain Reload Profiling:
	ReloadAssembly (1306ms)
		BeginReloadAssembly (378ms)
			ExecutionOrderSort (0ms)
			DisableScriptedObjects (13ms)
			BackupInstance (0ms)
			ReleaseScriptingObjects (0ms)
			CreateAndSetChildDomain (250ms)
		EndReloadAssembly (851ms)
			LoadAssemblies (122ms)
			RebuildTransferFunctionScriptingTraits (0ms)
			SetupTypeCache (355ms)
			ReleaseScriptCaches (1ms)
			RebuildScriptCaches (37ms)
			SetupLoadedEditorAssemblies (280ms)
				LogAssemblyErrors (0ms)
				InitializePlatformSupportModulesInManaged (4ms)
				SetLoadedEditorAssemblies (0ms)
				RefreshPlugins (0ms)
				BeforeProcessingInitializeOnLoad (67ms)
				ProcessInitializeOnLoadAttributes (195ms)
				ProcessInitializeOnLoadMethodAttributes (8ms)
				AfterProcessingInitializeOnLoad (4ms)
				EditorAssembliesLoaded (0ms)
			ExecutionOrderSort2 (0ms)
			AwakeInstancesAfterBackupRestoration (6ms)
Platform modules already initialized, skipping
Refreshing native plugins compatible for Editor in 0.37 ms, found 2 plugins.
Preloading 0 native plugins for Editor in 0.00 ms.
Unloading 1500 Unused Serialized files (Serialized files now loaded: 0)
System memory in use before: 76.8 MB.
System memory in use after: 76.9 MB.

Unloading 14 unused Assets to reduce memory usage. Loaded Objects now: 1975.
Total: 2.692200 ms (FindLiveObjects: 0.148500 ms CreateObjectMapping: 0.050300 ms MarkObjects: 2.474400 ms  DeleteObjects: 0.017700 ms)

AssetImportParameters requested are different than current active one (requested -> active):
  custom:framework-win-MediaFoundation: 216162199b28c13a410421893ffa2e32 -> 
  custom:video-decoder-ogg-theora: a1e56fd34408186e4bbccfd4996cb3dc -> 
  custom:container-muxer-webm: aa71ff27fc2769a1b78a27578f13a17b -> 
  custom:container-demuxer-webm: 4f35f7cbe854078d1ac9338744f61a02 -> 
  custom:container-demuxer-ogg: 62fdf1f143b41e24485cea50d1cbac27 -> 
  custom:video-encoder-webm-vp8: eb34c28f22e8b96e1ab97ce403110664 -> 
  custom:video-decoder-webm-vp8: 9c59270c3fd7afecdb556c50c9e8de78 -> 
  custom:audio-decoder-ogg-vorbis: bf7c407c2cedff20999df2af8eb42d56 -> 
  custom:audio-encoder-webm-vorbis: bf7c407c2cedff20999df2af8eb42d56 -> 
========================================================================
Received Prepare
Registering precompiled user dll's ...
Registered in 0.008009 seconds.
Begin MonoManager ReloadAssembly
Native extension for WindowsStandalone target not found
Refreshing native plugins compatible for Editor in 0.35 ms, found 2 plugins.
Preloading 0 native plugins for Editor in 0.00 ms.
Mono: successfully reloaded assembly
- Completed reload, in  1.433 seconds
Domain Reload Profiling:
	ReloadAssembly (1434ms)
		BeginReloadAssembly (117ms)
			ExecutionOrderSort (0ms)
			DisableScriptedObjects (4ms)
			BackupInstance (0ms)
			ReleaseScriptingObjects (0ms)
			CreateAndSetChildDomain (31ms)
		EndReloadAssembly (1104ms)
			LoadAssemblies (295ms)
			RebuildTransferFunctionScriptingTraits (0ms)
			SetupTypeCache (419ms)
			ReleaseScriptCaches (1ms)
			RebuildScriptCaches (36ms)
			SetupLoadedEditorAssemblies (259ms)
				LogAssemblyErrors (0ms)
				InitializePlatformSupportModulesInManaged (4ms)
				SetLoadedEditorAssemblies (1ms)
				RefreshPlugins (0ms)
				BeforeProcessingInitializeOnLoad (65ms)
				ProcessInitializeOnLoadAttributes (175ms)
				ProcessInitializeOnLoadMethodAttributes (8ms)
				AfterProcessingInitializeOnLoad (5ms)
				EditorAssembliesLoaded (0ms)
			ExecutionOrderSort2 (0ms)
			AwakeInstancesAfterBackupRestoration (7ms)
Platform modules already initialized, skipping
Refreshing native plugins compatible for Editor in 0.39 ms, found 2 plugins.
Preloading 0 native plugins for Editor in 0.00 ms.
Unloading 1500 Unused Serialized files (Serialized files now loaded: 0)
System memory in use before: 76.8 MB.
System memory in use after: 76.9 MB.

Unloading 14 unused Assets to reduce memory usage. Loaded Objects now: 1977.
Total: 2.961900 ms (FindLiveObjects: 0.136900 ms CreateObjectMapping: 0.043300 ms MarkObjects: 2.737600 ms  DeleteObjects: 0.042900 ms)

AssetImportParameters requested are different than current active one (requested -> active):
  custom:framework-win-MediaFoundation: 216162199b28c13a410421893ffa2e32 -> 
  custom:video-decoder-ogg-theora: a1e56fd34408186e4bbccfd4996cb3dc -> 
  custom:container-muxer-webm: aa71ff27fc2769a1b78a27578f13a17b -> 
  custom:container-demuxer-webm: 4f35f7cbe854078d1ac9338744f61a02 -> 
  custom:container-demuxer-ogg: 62fdf1f143b41e24485cea50d1cbac27 -> 
  custom:video-encoder-webm-vp8: eb34c28f22e8b96e1ab97ce403110664 -> 
  custom:video-decoder-webm-vp8: 9c59270c3fd7afecdb556c50c9e8de78 -> 
  custom:audio-decoder-ogg-vorbis: bf7c407c2cedff20999df2af8eb42d56 -> 
  custom:audio-encoder-webm-vorbis: bf7c407c2cedff20999df2af8eb42d56 -> 
========================================================================
Received Prepare
Registering precompiled user dll's ...
Registered in 0.003821 seconds.
Begin MonoManager ReloadAssembly
Native extension for WindowsStandalone target not found
Refreshing native plugins compatible for Editor in 0.42 ms, found 2 plugins.
Preloading 0 native plugins for Editor in 0.00 ms.
Mono: successfully reloaded assembly
- Completed reload, in  1.237 seconds
Domain Reload Profiling:
	ReloadAssembly (1237ms)
		BeginReloadAssembly (93ms)
			ExecutionOrderSort (0ms)
			DisableScriptedObjects (4ms)
			BackupInstance (0ms)
			ReleaseScriptingObjects (0ms)
			CreateAndSetChildDomain (29ms)
		EndReloadAssembly (966ms)
			LoadAssemblies (171ms)
			RebuildTransferFunctionScriptingTraits (0ms)
			SetupTypeCache (336ms)
			ReleaseScriptCaches (1ms)
			RebuildScriptCaches (39ms)
			SetupLoadedEditorAssemblies (277ms)
				LogAssemblyErrors (0ms)
				InitializePlatformSupportModulesInManaged (5ms)
				SetLoadedEditorAssemblies (1ms)
				RefreshPlugins (1ms)
				BeforeProcessingInitializeOnLoad (77ms)
				ProcessInitializeOnLoadAttributes (180ms)
				ProcessInitializeOnLoadMethodAttributes (9ms)
				AfterProcessingInitializeOnLoad (4ms)
				EditorAssembliesLoaded (0ms)
			ExecutionOrderSort2 (0ms)
			AwakeInstancesAfterBackupRestoration (6ms)
Platform modules already initialized, skipping
Refreshing native plugins compatible for Editor in 0.36 ms, found 2 plugins.
Preloading 0 native plugins for Editor in 0.00 ms.
Unloading 1500 Unused Serialized files (Serialized files now loaded: 0)
System memory in use before: 76.8 MB.
System memory in use after: 76.9 MB.

Unloading 14 unused Assets to reduce memory usage. Loaded Objects now: 1979.
Total: 2.629600 ms (FindLiveObjects: 0.140500 ms CreateObjectMapping: 0.045200 ms MarkObjects: 2.426400 ms  DeleteObjects: 0.016300 ms)

AssetImportParameters requested are different than current active one (requested -> active):
  custom:framework-win-MediaFoundation: 216162199b28c13a410421893ffa2e32 -> 
  custom:video-decoder-ogg-theora: a1e56fd34408186e4bbccfd4996cb3dc -> 
  custom:container-muxer-webm: aa71ff27fc2769a1b78a27578f13a17b -> 
  custom:container-demuxer-webm: 4f35f7cbe854078d1ac9338744f61a02 -> 
  custom:container-demuxer-ogg: 62fdf1f143b41e24485cea50d1cbac27 -> 
  custom:video-encoder-webm-vp8: eb34c28f22e8b96e1ab97ce403110664 -> 
  custom:video-decoder-webm-vp8: 9c59270c3fd7afecdb556c50c9e8de78 -> 
  custom:audio-decoder-ogg-vorbis: bf7c407c2cedff20999df2af8eb42d56 -> 
  custom:audio-encoder-webm-vorbis: bf7c407c2cedff20999df2af8eb42d56 -> 
AssetImportWorkerClient::OnTransportError - code=2 error=End of file
