Using pre-set license
Built from '2020.3/staging' branch; Version is '2020.3.23f1 (c5d91304a876) revision 12966163'; Using compiler version '192528614'; Build Type 'Release'
OS: 'Windows 10 Pro; OS build 18362.1256; Version 1903; 64bit' Language: 'ko' Physical Memory: 16075 MB
BatchMode: 1, IsHumanControllingUs: 0, StartBugReporterOnCrash: 0, Is64bit: 1, IsPro: 0

COMMAND LINE ARGUMENTS:
C:\Program Files\Unity\Hub\Editor\2020.3.23f1\Editor\Unity.exe
-adb2
-batchMode
-noUpm
-name
AssetImportWorker0
-projectPath
C:/Users/SGA/Documents/GitHub/Scrolldnjswhd/12281034
-logFile
Logs/AssetImportWorker0.log
-srvPort
53537
Successfully changed project path to: C:/Users/SGA/Documents/GitHub/Scrolldnjswhd/12281034
C:/Users/SGA/Documents/GitHub/Scrolldnjswhd/12281034
Using Asset Import Pipeline V2.
Refreshing native plugins compatible for Editor in 31.53 ms, found 2 plugins.
Preloading 0 native plugins for Editor in 0.00 ms.
Initialize engine version: 2020.3.23f1 (c5d91304a876)
[Subsystems] Discovering subsystems at path C:/Program Files/Unity/Hub/Editor/2020.3.23f1/Editor/Data/Resources/UnitySubsystems
[Subsystems] Discovering subsystems at path C:/Users/SGA/Documents/GitHub/Scrolldnjswhd/12281034/Assets
GfxDevice: creating device client; threaded=0
Direct3D:
    Version:  Direct3D 11.0 [level 11.1]
    Renderer: Intel(R) HD Graphics 630 (ID=0x5912)
    Vendor:   
    VRAM:     8037 MB
    Driver:   26.20.100.7323
Initialize mono
Mono path[0] = 'C:/Program Files/Unity/Hub/Editor/2020.3.23f1/Editor/Data/Managed'
Mono path[1] = 'C:/Program Files/Unity/Hub/Editor/2020.3.23f1/Editor/Data/MonoBleedingEdge/lib/mono/unityjit'
Mono config path = 'C:/Program Files/Unity/Hub/Editor/2020.3.23f1/Editor/Data/MonoBleedingEdge/etc'
Using monoOptions --debugger-agent=transport=dt_socket,embedding=1,server=y,suspend=n,address=127.0.0.1:56836
Begin MonoManager ReloadAssembly
Registering precompiled unity dll's ...
Register platform support module: C:/Program Files/Unity/Hub/Editor/2020.3.23f1/Editor/Data/PlaybackEngines/WindowsStandaloneSupport/UnityEditor.WindowsStandalone.Extensions.dll
Registered in 0.001391 seconds.
Native extension for WindowsStandalone target not found
Refreshing native plugins compatible for Editor in 30.44 ms, found 2 plugins.
Preloading 0 native plugins for Editor in 0.00 ms.
Mono: successfully reloaded assembly
- Completed reload, in  0.542 seconds
Domain Reload Profiling:
	ReloadAssembly (542ms)
		BeginReloadAssembly (48ms)
			ExecutionOrderSort (0ms)
			DisableScriptedObjects (0ms)
			BackupInstance (0ms)
			ReleaseScriptingObjects (0ms)
			CreateAndSetChildDomain (1ms)
		EndReloadAssembly (427ms)
			LoadAssemblies (46ms)
			RebuildTransferFunctionScriptingTraits (0ms)
			SetupTypeCache (146ms)
			ReleaseScriptCaches (0ms)
			RebuildScriptCaches (29ms)
			SetupLoadedEditorAssemblies (153ms)
				LogAssemblyErrors (0ms)
				InitializePlatformSupportModulesInManaged (4ms)
				SetLoadedEditorAssemblies (0ms)
				RefreshPlugins (31ms)
				BeforeProcessingInitializeOnLoad (16ms)
				ProcessInitializeOnLoadAttributes (76ms)
				ProcessInitializeOnLoadMethodAttributes (26ms)
				AfterProcessingInitializeOnLoad (0ms)
				EditorAssembliesLoaded (0ms)
			ExecutionOrderSort2 (0ms)
			AwakeInstancesAfterBackupRestoration (0ms)
Platform modules already initialized, skipping
Registering precompiled user dll's ...
Registered in 0.003764 seconds.
Begin MonoManager ReloadAssembly
Native extension for WindowsStandalone target not found
Refreshing native plugins compatible for Editor in 0.31 ms, found 2 plugins.
Preloading 0 native plugins for Editor in 0.00 ms.
Mono: successfully reloaded assembly
- Completed reload, in  0.945 seconds
Domain Reload Profiling:
	ReloadAssembly (945ms)
		BeginReloadAssembly (133ms)
			ExecutionOrderSort (0ms)
			DisableScriptedObjects (4ms)
			BackupInstance (0ms)
			ReleaseScriptingObjects (0ms)
			CreateAndSetChildDomain (17ms)
		EndReloadAssembly (755ms)
			LoadAssemblies (79ms)
			RebuildTransferFunctionScriptingTraits (0ms)
			SetupTypeCache (260ms)
			ReleaseScriptCaches (0ms)
			RebuildScriptCaches (41ms)
			SetupLoadedEditorAssemblies (283ms)
				LogAssemblyErrors (0ms)
				InitializePlatformSupportModulesInManaged (4ms)
				SetLoadedEditorAssemblies (0ms)
				RefreshPlugins (0ms)
				BeforeProcessingInitializeOnLoad (73ms)
				ProcessInitializeOnLoadAttributes (191ms)
				ProcessInitializeOnLoadMethodAttributes (9ms)
				AfterProcessingInitializeOnLoad (5ms)
				EditorAssembliesLoaded (0ms)
			ExecutionOrderSort2 (0ms)
			AwakeInstancesAfterBackupRestoration (6ms)
Platform modules already initialized, skipping
========================================================================
Worker process is ready to serve import requests
Launched and connected shader compiler UnityShaderCompiler.exe after 0.07 seconds
Refreshing native plugins compatible for Editor in 0.30 ms, found 2 plugins.
Preloading 0 native plugins for Editor in 0.00 ms.
Unloading 1498 Unused Serialized files (Serialized files now loaded: 0)
System memory in use before: 67.5 MB.
System memory in use after: 67.5 MB.

Unloading 19 unused Assets to reduce memory usage. Loaded Objects now: 1930.
Total: 2.649100 ms (FindLiveObjects: 0.136200 ms CreateObjectMapping: 0.047300 ms MarkObjects: 2.355300 ms  DeleteObjects: 0.109300 ms)

AssetImportParameters requested are different than current active one (requested -> active):
  custom:framework-win-MediaFoundation: 216162199b28c13a410421893ffa2e32 -> 
  custom:video-decoder-ogg-theora: a1e56fd34408186e4bbccfd4996cb3dc -> 
  custom:container-muxer-webm: aa71ff27fc2769a1b78a27578f13a17b -> 
  custom:container-demuxer-webm: 4f35f7cbe854078d1ac9338744f61a02 -> 
  custom:container-demuxer-ogg: 62fdf1f143b41e24485cea50d1cbac27 -> 
  custom:video-encoder-webm-vp8: eb34c28f22e8b96e1ab97ce403110664 -> 
  custom:video-decoder-webm-vp8: 9c59270c3fd7afecdb556c50c9e8de78 -> 
  custom:audio-decoder-ogg-vorbis: bf7c407c2cedff20999df2af8eb42d56 -> 
  custom:audio-encoder-webm-vorbis: bf7c407c2cedff20999df2af8eb42d56 -> 
========================================================================
Received Import Request.
  path: Assets
  artifactKey: Guid(00000000000000001000000000000000) Importer(815301076,1909f56bfc062723c751e8b465ee728b)
Start importing Assets using Guid(00000000000000001000000000000000) Importer(815301076,1909f56bfc062723c751e8b465ee728b)  -> (artifact id: '42d402b061de3733987d63b9cc3b64de') in 0.010608 seconds 
  Import took 0.012678 seconds .

========================================================================
Received Import Request.
  Time since last request: 1.760614 seconds.
  path: Assets/New Animator Controller.controller
  artifactKey: Guid(dc53b78b5c294d64b8d2352f737e7c1e) Importer(815301076,1909f56bfc062723c751e8b465ee728b)
Start importing Assets/New Animator Controller.controller using Guid(dc53b78b5c294d64b8d2352f737e7c1e) Importer(815301076,1909f56bfc062723c751e8b465ee728b)  -> (artifact id: 'ae9abb305a579aa12a21fa07f90a74f0') in 0.048332 seconds 
  Import took 0.051376 seconds .

========================================================================
Received Import Request.
  Time since last request: 15.457006 seconds.
  path: Assets/New Animation.anim
  artifactKey: Guid(55a52f2b83de52f4e865b3a1301a79b1) Importer(815301076,1909f56bfc062723c751e8b465ee728b)
Start importing Assets/New Animation.anim using Guid(55a52f2b83de52f4e865b3a1301a79b1) Importer(815301076,1909f56bfc062723c751e8b465ee728b)  -> (artifact id: 'd389dfe81d967294ebb39b2ba1decb9c') in 0.013710 seconds 
  Import took 0.016853 seconds .

========================================================================
Received Prepare
Registering precompiled user dll's ...
Registered in 0.003566 seconds.
Begin MonoManager ReloadAssembly
Native extension for WindowsStandalone target not found
Refreshing native plugins compatible for Editor in 0.37 ms, found 2 plugins.
Preloading 0 native plugins for Editor in 0.00 ms.
Mono: successfully reloaded assembly
- Completed reload, in  0.886 seconds
Domain Reload Profiling:
	ReloadAssembly (887ms)
		BeginReloadAssembly (113ms)
			ExecutionOrderSort (0ms)
			DisableScriptedObjects (4ms)
			BackupInstance (0ms)
			ReleaseScriptingObjects (0ms)
			CreateAndSetChildDomain (30ms)
		EndReloadAssembly (717ms)
			LoadAssemblies (75ms)
			RebuildTransferFunctionScriptingTraits (0ms)
			SetupTypeCache (256ms)
			ReleaseScriptCaches (1ms)
			RebuildScriptCaches (35ms)
			SetupLoadedEditorAssemblies (258ms)
				LogAssemblyErrors (0ms)
				InitializePlatformSupportModulesInManaged (4ms)
				SetLoadedEditorAssemblies (0ms)
				RefreshPlugins (0ms)
				BeforeProcessingInitializeOnLoad (66ms)
				ProcessInitializeOnLoadAttributes (175ms)
				ProcessInitializeOnLoadMethodAttributes (8ms)
				AfterProcessingInitializeOnLoad (4ms)
				EditorAssembliesLoaded (0ms)
			ExecutionOrderSort2 (0ms)
			AwakeInstancesAfterBackupRestoration (6ms)
Platform modules already initialized, skipping
Refreshing native plugins compatible for Editor in 0.37 ms, found 2 plugins.
Preloading 0 native plugins for Editor in 0.00 ms.
Unloading 1517 Unused Serialized files (Serialized files now loaded: 0)
System memory in use before: 73.9 MB.
System memory in use after: 70.8 MB.

Unloading 25 unused Assets to reduce memory usage. Loaded Objects now: 1948.
Total: 6.212700 ms (FindLiveObjects: 0.129700 ms CreateObjectMapping: 0.038100 ms MarkObjects: 3.474300 ms  DeleteObjects: 2.569300 ms)

AssetImportParameters requested are different than current active one (requested -> active):
  custom:framework-win-MediaFoundation: 216162199b28c13a410421893ffa2e32 -> 
  custom:video-decoder-ogg-theora: a1e56fd34408186e4bbccfd4996cb3dc -> 
  custom:container-muxer-webm: aa71ff27fc2769a1b78a27578f13a17b -> 
  custom:container-demuxer-webm: 4f35f7cbe854078d1ac9338744f61a02 -> 
  custom:container-demuxer-ogg: 62fdf1f143b41e24485cea50d1cbac27 -> 
  custom:video-encoder-webm-vp8: eb34c28f22e8b96e1ab97ce403110664 -> 
  custom:video-decoder-webm-vp8: 9c59270c3fd7afecdb556c50c9e8de78 -> 
  custom:audio-decoder-ogg-vorbis: bf7c407c2cedff20999df2af8eb42d56 -> 
  custom:audio-encoder-webm-vorbis: bf7c407c2cedff20999df2af8eb42d56 -> 
========================================================================
Received Import Request.
  Time since last request: 726.249098 seconds.
  path: Assets/unity-chan!
  artifactKey: Guid(1bf99b2d6247c1a4abac6a8e2ab4e43a) Importer(815301076,1909f56bfc062723c751e8b465ee728b)
Start importing Assets/unity-chan! using Guid(1bf99b2d6247c1a4abac6a8e2ab4e43a) Importer(815301076,1909f56bfc062723c751e8b465ee728b)  -> (artifact id: '2c9852da718fccbc9b8082c239cb829e') in 0.009233 seconds 
  Import took 0.011783 seconds .

========================================================================
Received Import Request.
  Time since last request: 1.208121 seconds.
  path: Assets/unity-chan!/Unity-chan! Model
  artifactKey: Guid(6395fe2434a22ef41b83186b290f8fab) Importer(815301076,1909f56bfc062723c751e8b465ee728b)
Start importing Assets/unity-chan!/Unity-chan! Model using Guid(6395fe2434a22ef41b83186b290f8fab) Importer(815301076,1909f56bfc062723c751e8b465ee728b)  -> (artifact id: '4da1c6fc935fe302be838b1c133b3a4e') in 0.183335 seconds 
  Import took 0.185655 seconds .

========================================================================
Received Import Request.
  Time since last request: 2.510300 seconds.
  path: Assets/unity-chan!/Unity-chan! Model/Prefabs
  artifactKey: Guid(f875c0a860fab1c498f1ed5edcee2b47) Importer(815301076,1909f56bfc062723c751e8b465ee728b)
Start importing Assets/unity-chan!/Unity-chan! Model/Prefabs using Guid(f875c0a860fab1c498f1ed5edcee2b47) Importer(815301076,1909f56bfc062723c751e8b465ee728b)  -> (artifact id: '2c700920a4e942a0b8a1c2cc49452732') in 0.010023 seconds 
  Import took 0.013057 seconds .

========================================================================
Received Import Request.
  Time since last request: 0.045373 seconds.
  path: Assets/unity-chan!/Unity-chan! Model/Prefabs/BoxUnityChan.prefab
  artifactKey: Guid(6788413dff62c534d8ca610faef3c7a2) Importer(815301076,1909f56bfc062723c751e8b465ee728b)
Start importing Assets/unity-chan!/Unity-chan! Model/Prefabs/BoxUnityChan.prefab using Guid(6788413dff62c534d8ca610faef3c7a2) Importer(815301076,1909f56bfc062723c751e8b465ee728b)  -> (artifact id: '32c502a5460497bb2d3b74613e12eb8d') in 0.207824 seconds 
  Import took 0.211808 seconds .

========================================================================
Received Import Request.
  Time since last request: 0.000271 seconds.
  path: Assets/unity-chan!/Unity-chan! Model/Prefabs/unitychan_dynamic.prefab
  artifactKey: Guid(49f2055d53eeb4e5a92af590a44bddee) Importer(815301076,1909f56bfc062723c751e8b465ee728b)
Start importing Assets/unity-chan!/Unity-chan! Model/Prefabs/unitychan_dynamic.prefab using Guid(49f2055d53eeb4e5a92af590a44bddee) Importer(815301076,1909f56bfc062723c751e8b465ee728b)  -> (artifact id: '13686540f39dc30ecc2f6204e71de057') in 0.406961 seconds 
  Import took 0.417059 seconds .

========================================================================
Received Import Request.
  Time since last request: 0.000258 seconds.
  path: Assets/unity-chan!/Unity-chan! Model/Prefabs/LookPos.prefab
  artifactKey: Guid(6d5bff5837eca402492a89073b17c2e6) Importer(815301076,1909f56bfc062723c751e8b465ee728b)
Start importing Assets/unity-chan!/Unity-chan! Model/Prefabs/LookPos.prefab using Guid(6d5bff5837eca402492a89073b17c2e6) Importer(815301076,1909f56bfc062723c751e8b465ee728b)  -> (artifact id: '9e1f3d6709f59e5d8c5011b48bb8c0eb') in 0.016762 seconds 
  Import took 0.022448 seconds .

========================================================================
Received Import Request.
  Time since last request: 0.000409 seconds.
  path: Assets/unity-chan!/Unity-chan! Model/Prefabs/unitychan.prefab
  artifactKey: Guid(412b92d4feeb9c548bfa98f62c4d1022) Importer(815301076,1909f56bfc062723c751e8b465ee728b)
Start importing Assets/unity-chan!/Unity-chan! Model/Prefabs/unitychan.prefab using Guid(412b92d4feeb9c548bfa98f62c4d1022) Importer(815301076,1909f56bfc062723c751e8b465ee728b)  -> (artifact id: 'a9246ab61af37a90d2334dfebb9da908') in 0.100125 seconds 
  Import took 0.109835 seconds .

========================================================================
Received Import Request.
  Time since last request: 0.000275 seconds.
  path: Assets/unity-chan!/Unity-chan! Model/Prefabs/Locator_IKtarget.prefab
  artifactKey: Guid(88eeda7d3a9f2492da9213d1c1ab46d0) Importer(815301076,1909f56bfc062723c751e8b465ee728b)
Start importing Assets/unity-chan!/Unity-chan! Model/Prefabs/Locator_IKtarget.prefab using Guid(88eeda7d3a9f2492da9213d1c1ab46d0) Importer(815301076,1909f56bfc062723c751e8b465ee728b)  -> (artifact id: 'd2e155f43d4ce94493e145ffc7e11cf0') in 0.029986 seconds 
  Import took 0.032645 seconds .

========================================================================
Received Import Request.
  Time since last request: 0.000294 seconds.
  path: Assets/unity-chan!/Unity-chan! Model/Prefabs/Directional light for UnityChan.prefab
  artifactKey: Guid(b76c71a1e3f6c4fdab657f4fbf5466de) Importer(815301076,1909f56bfc062723c751e8b465ee728b)
Start importing Assets/unity-chan!/Unity-chan! Model/Prefabs/Directional light for UnityChan.prefab using Guid(b76c71a1e3f6c4fdab657f4fbf5466de) Importer(815301076,1909f56bfc062723c751e8b465ee728b)  -> (artifact id: 'f36c85673a41d253c52eaeb796f23f8b') in 0.013698 seconds 
  Import took 0.016654 seconds .

========================================================================
Received Import Request.
  Time since last request: 35.605032 seconds.
  path: Assets/unity-chan!/Unity-chan! Model/Editor
  artifactKey: Guid(0ed7722d085f04820ba89e8fb4d451a2) Importer(815301076,1909f56bfc062723c751e8b465ee728b)
Start importing Assets/unity-chan!/Unity-chan! Model/Editor using Guid(0ed7722d085f04820ba89e8fb4d451a2) Importer(815301076,1909f56bfc062723c751e8b465ee728b)  -> (artifact id: '403b72f14aba875b39fef33560e67a06') in 0.007855 seconds 
  Import took 0.011130 seconds .

========================================================================
Received Import Request.
  Time since last request: 2.803292 seconds.
  path: Assets/unity-chan!/Unity-chan! Model/Documentation
  artifactKey: Guid(aecbc32136ead544e86c327b0a2dad85) Importer(815301076,1909f56bfc062723c751e8b465ee728b)
Start importing Assets/unity-chan!/Unity-chan! Model/Documentation using Guid(aecbc32136ead544e86c327b0a2dad85) Importer(815301076,1909f56bfc062723c751e8b465ee728b)  -> (artifact id: 'be9cde70a93c80a3fbb637457ff20db4') in 0.008025 seconds 
  Import took 0.011913 seconds .

========================================================================
Received Import Request.
  Time since last request: 5.451676 seconds.
  path: Assets/unity-chan!/Unity-chan! Model/SplashScreen
  artifactKey: Guid(c8c132d65fec645bea7e69631da40d73) Importer(815301076,1909f56bfc062723c751e8b465ee728b)
Start importing Assets/unity-chan!/Unity-chan! Model/SplashScreen using Guid(c8c132d65fec645bea7e69631da40d73) Importer(815301076,1909f56bfc062723c751e8b465ee728b)  -> (artifact id: '280cbb0841b29775a6a4d732bab443cd') in 0.009216 seconds 
  Import took 0.012921 seconds .

========================================================================
Received Import Request.
  Time since last request: 3.091315 seconds.
  path: Assets/unity-chan!/Unity-chan! Model/SplashScreen/Animations
  artifactKey: Guid(9d5699de723ca42539a5d71dc2dd9006) Importer(815301076,1909f56bfc062723c751e8b465ee728b)
Start importing Assets/unity-chan!/Unity-chan! Model/SplashScreen/Animations using Guid(9d5699de723ca42539a5d71dc2dd9006) Importer(815301076,1909f56bfc062723c751e8b465ee728b)  -> (artifact id: '0e9f69ec3cc017dfcbea025b03eefd8b') in 0.007306 seconds 
  Import took 0.011542 seconds .

========================================================================
Received Import Request.
  Time since last request: 13.484910 seconds.
  path: Assets/unity-chan!/Unity-chan! Model/SplashScreen/Animations/FadeIn.anim
  artifactKey: Guid(4bd5bac4ccdae4f9c85135b8fd7da355) Importer(815301076,1909f56bfc062723c751e8b465ee728b)
Start importing Assets/unity-chan!/Unity-chan! Model/SplashScreen/Animations/FadeIn.anim using Guid(4bd5bac4ccdae4f9c85135b8fd7da355) Importer(815301076,1909f56bfc062723c751e8b465ee728b)  -> (artifact id: '059f430346ac2e8a0dec1b4751821d9b') in 0.009875 seconds 
  Import took 0.012595 seconds .

========================================================================
Received Import Request.
  Time since last request: 28.136044 seconds.
  path: Assets/unity-chan!/Unity-chan! Model/Prefabs/for Locomotion
  artifactKey: Guid(9aeff261260b248328b8ce74346dc8fd) Importer(815301076,1909f56bfc062723c751e8b465ee728b)
Start importing Assets/unity-chan!/Unity-chan! Model/Prefabs/for Locomotion using Guid(9aeff261260b248328b8ce74346dc8fd) Importer(815301076,1909f56bfc062723c751e8b465ee728b)  -> (artifact id: '63a366015f26edaf11343eb56dc09405') in 0.009660 seconds 
  Import took 0.012284 seconds .

========================================================================
Received Import Request.
  Time since last request: 0.060499 seconds.
  path: Assets/unity-chan!/Unity-chan! Model/Prefabs/for Locomotion/CamPos.prefab
  artifactKey: Guid(65eb07d65eb184e13a4b388eced0d32b) Importer(815301076,1909f56bfc062723c751e8b465ee728b)
Start importing Assets/unity-chan!/Unity-chan! Model/Prefabs/for Locomotion/CamPos.prefab using Guid(65eb07d65eb184e13a4b388eced0d32b) Importer(815301076,1909f56bfc062723c751e8b465ee728b)  -> (artifact id: '8277fb5d09c3aa3846887bf52108d1c4') in 0.008253 seconds 
  Import took 0.010972 seconds .

========================================================================
Received Import Request.
  Time since last request: 0.000264 seconds.
  path: Assets/unity-chan!/Unity-chan! Model/Prefabs/for Locomotion/LookAtPos.prefab
  artifactKey: Guid(efaf5c7817edc41d68744ffe3a3dbeb7) Importer(815301076,1909f56bfc062723c751e8b465ee728b)
Start importing Assets/unity-chan!/Unity-chan! Model/Prefabs/for Locomotion/LookAtPos.prefab using Guid(efaf5c7817edc41d68744ffe3a3dbeb7) Importer(815301076,1909f56bfc062723c751e8b465ee728b)  -> (artifact id: 'f3aede2e9a4608309d4eee55299e0831') in 0.011285 seconds 
  Import took 0.013784 seconds .

========================================================================
Received Import Request.
  Time since last request: 0.000291 seconds.
  path: Assets/unity-chan!/Unity-chan! Model/Prefabs/for Locomotion/JumpPos.prefab
  artifactKey: Guid(2801f2532c4364c8696fc1dc3b4c6a1a) Importer(815301076,1909f56bfc062723c751e8b465ee728b)
Start importing Assets/unity-chan!/Unity-chan! Model/Prefabs/for Locomotion/JumpPos.prefab using Guid(2801f2532c4364c8696fc1dc3b4c6a1a) Importer(815301076,1909f56bfc062723c751e8b465ee728b)  -> (artifact id: '3be82136742c14df989feb0dffa9809d') in 0.009503 seconds 
  Import took 0.012303 seconds .

========================================================================
Received Import Request.
  Time since last request: 0.000454 seconds.
  path: Assets/unity-chan!/Unity-chan! Model/Prefabs/for Locomotion/unitychan_dynamic_locomotion.prefab
  artifactKey: Guid(69c3ed15e9d13481e8f7dc4db5532fb6) Importer(815301076,1909f56bfc062723c751e8b465ee728b)
Start importing Assets/unity-chan!/Unity-chan! Model/Prefabs/for Locomotion/unitychan_dynamic_locomotion.prefab using Guid(69c3ed15e9d13481e8f7dc4db5532fb6) Importer(815301076,1909f56bfc062723c751e8b465ee728b)  -> (artifact id: '60fc0e85457479890ea88788e731c6d4') in 0.133364 seconds 
  Import took 0.140506 seconds .

========================================================================
Received Import Request.
  Time since last request: 0.000267 seconds.
  path: Assets/unity-chan!/Unity-chan! Model/Prefabs/for Locomotion/unitychan.prefab
  artifactKey: Guid(40046bae76ac54bffb59f14f47d9ba1b) Importer(815301076,1909f56bfc062723c751e8b465ee728b)
Start importing Assets/unity-chan!/Unity-chan! Model/Prefabs/for Locomotion/unitychan.prefab using Guid(40046bae76ac54bffb59f14f47d9ba1b) Importer(815301076,1909f56bfc062723c751e8b465ee728b)  -> (artifact id: 'a4628301e1e111aca4630d721ee24947') in 0.122726 seconds 
  Import took 0.130039 seconds .

========================================================================
Received Import Request.
  Time since last request: 0.000270 seconds.
  path: Assets/unity-chan!/Unity-chan! Model/Prefabs/for Locomotion/FrontPos.prefab
  artifactKey: Guid(5ab36471a20d548e1b89d3501e011ada) Importer(815301076,1909f56bfc062723c751e8b465ee728b)
Start importing Assets/unity-chan!/Unity-chan! Model/Prefabs/for Locomotion/FrontPos.prefab using Guid(5ab36471a20d548e1b89d3501e011ada) Importer(815301076,1909f56bfc062723c751e8b465ee728b)  -> (artifact id: '343efa6bd7c75401dfbaf821770b99e6') in 0.014333 seconds 
  Import took 0.017569 seconds .

========================================================================
Received Import Request.
  Time since last request: 0.000188 seconds.
  path: Assets/unity-chan!/Unity-chan! Model/Prefabs/for Locomotion/Main Camera.prefab
  artifactKey: Guid(79674db77adfc4d6f9f17fb043493b1e) Importer(815301076,1909f56bfc062723c751e8b465ee728b)
Start importing Assets/unity-chan!/Unity-chan! Model/Prefabs/for Locomotion/Main Camera.prefab using Guid(79674db77adfc4d6f9f17fb043493b1e) Importer(815301076,1909f56bfc062723c751e8b465ee728b)  -> (artifact id: 'bff82a44cf792e7c4d0e3f8670072032') in 0.008093 seconds 
  Import took 0.013872 seconds .

========================================================================
Received Import Request.
  Time since last request: 16.752177 seconds.
  path: Assets/unity-chan!/Unity-chan! Model/Art/Animations
  artifactKey: Guid(74bcda471467838418c210cd804e4978) Importer(815301076,1909f56bfc062723c751e8b465ee728b)
Start importing Assets/unity-chan!/Unity-chan! Model/Art/Animations using Guid(74bcda471467838418c210cd804e4978) Importer(815301076,1909f56bfc062723c751e8b465ee728b)  -> (artifact id: '665ed0f0b10487a3bafbde2f2c9d4e0e') in 0.003066 seconds 
  Import took 0.006487 seconds .

========================================================================
Received Import Request.
  Time since last request: 0.989101 seconds.
  path: Assets/unity-chan!/Unity-chan! Model/Art/Animations/unitychan_ARpose1.fbx
  artifactKey: Guid(e8397bfde2758f942a04edaaf7ad57ec) Importer(815301076,1909f56bfc062723c751e8b465ee728b)
Start importing Assets/unity-chan!/Unity-chan! Model/Art/Animations/unitychan_ARpose1.fbx using Guid(e8397bfde2758f942a04edaaf7ad57ec) Importer(815301076,1909f56bfc062723c751e8b465ee728b)  -> (artifact id: 'eade161124a96bb516146c0bd3ba2b48') in 0.053065 seconds 
  Import took 0.058534 seconds .

========================================================================
Received Import Request.
  Time since last request: 0.000285 seconds.
  path: Assets/unity-chan!/Unity-chan! Model/Art/Animations/unitychan_JUMP01.fbx
  artifactKey: Guid(87486f7b16eedbf4eb26567d70189058) Importer(815301076,1909f56bfc062723c751e8b465ee728b)
Start importing Assets/unity-chan!/Unity-chan! Model/Art/Animations/unitychan_JUMP01.fbx using Guid(87486f7b16eedbf4eb26567d70189058) Importer(815301076,1909f56bfc062723c751e8b465ee728b)  -> (artifact id: '0f4e4154ceecca30fa47e1aa33b9803b') in 0.129832 seconds 
  Import took 0.133244 seconds .

========================================================================
Received Import Request.
  Time since last request: 0.000250 seconds.
  path: Assets/unity-chan!/Unity-chan! Model/Art/Animations/unitychan_WALK00_B.fbx
  artifactKey: Guid(20fd7934e77f68e4983c9c0fe97c7117) Importer(815301076,1909f56bfc062723c751e8b465ee728b)
Start importing Assets/unity-chan!/Unity-chan! Model/Art/Animations/unitychan_WALK00_B.fbx using Guid(20fd7934e77f68e4983c9c0fe97c7117) Importer(815301076,1909f56bfc062723c751e8b465ee728b)  -> (artifact id: 'becbacc1f54268dea78588c88d5bde4f') in 0.101320 seconds 
  Import took 0.104305 seconds .

========================================================================
Received Import Request.
  Time since last request: 0.000283 seconds.
  path: Assets/unity-chan!/Unity-chan! Model/Art/Animations/unitychan_LOSE00.fbx
  artifactKey: Guid(c7df2ec8d896a4a15abc7636d440631b) Importer(815301076,1909f56bfc062723c751e8b465ee728b)
Start importing Assets/unity-chan!/Unity-chan! Model/Art/Animations/unitychan_LOSE00.fbx using Guid(c7df2ec8d896a4a15abc7636d440631b) Importer(815301076,1909f56bfc062723c751e8b465ee728b)  -> (artifact id: '5cb2ab5aaed2e500a64a1a572d1dc73a') in 0.105876 seconds 
  Import took 0.109320 seconds .

========================================================================
Received Import Request.
  Time since last request: 0.000239 seconds.
  path: Assets/unity-chan!/Unity-chan! Model/Art/Animations/unitychan_WALK00_L.fbx
  artifactKey: Guid(564ea08c07b9a764d8be6f0bbdddfc1c) Importer(815301076,1909f56bfc062723c751e8b465ee728b)
Start importing Assets/unity-chan!/Unity-chan! Model/Art/Animations/unitychan_WALK00_L.fbx using Guid(564ea08c07b9a764d8be6f0bbdddfc1c) Importer(815301076,1909f56bfc062723c751e8b465ee728b)  -> (artifact id: '6982fac7b37b8f801f0ab82f7eb745d2') in 0.099653 seconds 
  Import took 0.102993 seconds .

========================================================================
Received Import Request.
  Time since last request: 0.000270 seconds.
  path: Assets/unity-chan!/Unity-chan! Model/Art/Animations/unitychan_WALK00_R.fbx
  artifactKey: Guid(dbc663f7e83140241a679da3ca9063b7) Importer(815301076,1909f56bfc062723c751e8b465ee728b)
Start importing Assets/unity-chan!/Unity-chan! Model/Art/Animations/unitychan_WALK00_R.fbx using Guid(dbc663f7e83140241a679da3ca9063b7) Importer(815301076,1909f56bfc062723c751e8b465ee728b)  -> (artifact id: 'b1f8d08b0dc82dc2906686554306d78d') in 0.099891 seconds 
  Import took 0.103055 seconds .

========================================================================
Received Import Request.
  Time since last request: 0.000320 seconds.
  path: Assets/unity-chan!/Unity-chan! Model/Art/Animations/unitychan_HANDUP00_R.fbx
  artifactKey: Guid(84ce5ea31570e6b4ca2949b8fe13ee42) Importer(815301076,1909f56bfc062723c751e8b465ee728b)
Start importing Assets/unity-chan!/Unity-chan! Model/Art/Animations/unitychan_HANDUP00_R.fbx using Guid(84ce5ea31570e6b4ca2949b8fe13ee42) Importer(815301076,1909f56bfc062723c751e8b465ee728b)  -> (artifact id: '4ba746b7924c752fdc018a7986f82621') in 0.120487 seconds 
  Import took 0.123664 seconds .

========================================================================
Received Import Request.
  Time since last request: 0.000281 seconds.
  path: Assets/unity-chan!/Unity-chan! Model/Art/Animations/unitychan_WIN00.fbx
  artifactKey: Guid(e2538d48c03da46a8b0c3b59d39a4cab) Importer(815301076,1909f56bfc062723c751e8b465ee728b)
Start importing Assets/unity-chan!/Unity-chan! Model/Art/Animations/unitychan_WIN00.fbx using Guid(e2538d48c03da46a8b0c3b59d39a4cab) Importer(815301076,1909f56bfc062723c751e8b465ee728b)  -> (artifact id: '1ca9b3b9af78f97adaad631a4f66df43') in 0.101054 seconds 
  Import took 0.104537 seconds .

========================================================================
Received Import Request.
  Time since last request: 0.000276 seconds.
  path: Assets/unity-chan!/Unity-chan! Model/Art/Animations/unitychan_RUN00_R.fbx
  artifactKey: Guid(ffe87c9e4c26d174b8df06771ce447bf) Importer(815301076,1909f56bfc062723c751e8b465ee728b)
Start importing Assets/unity-chan!/Unity-chan! Model/Art/Animations/unitychan_RUN00_R.fbx using Guid(ffe87c9e4c26d174b8df06771ce447bf) Importer(815301076,1909f56bfc062723c751e8b465ee728b)  -> (artifact id: '1118eb56dfc01b8e5cf9e943ae15c23f') in 0.098270 seconds 
  Import took 0.101890 seconds .

========================================================================
Received Import Request.
  Time since last request: 0.000320 seconds.
  path: Assets/unity-chan!/Unity-chan! Model/Art/Animations/unitychan_WAIT03.fbx
  artifactKey: Guid(f98ead48d3193eb43a7839c6847a5b13) Importer(815301076,1909f56bfc062723c751e8b465ee728b)
Start importing Assets/unity-chan!/Unity-chan! Model/Art/Animations/unitychan_WAIT03.fbx using Guid(f98ead48d3193eb43a7839c6847a5b13) Importer(815301076,1909f56bfc062723c751e8b465ee728b)  -> (artifact id: 'db53e22373d389f6cc0ed78ec6a985d3') in 0.103622 seconds 
  Import took 0.107159 seconds .

========================================================================
Received Import Request.
  Time since last request: 0.000312 seconds.
  path: Assets/unity-chan!/Unity-chan! Model/Art/Animations/unitychan_DAMAGED01.fbx
  artifactKey: Guid(c895dff4365ad4506ab680fdc4a0afb8) Importer(815301076,1909f56bfc062723c751e8b465ee728b)
Start importing Assets/unity-chan!/Unity-chan! Model/Art/Animations/unitychan_DAMAGED01.fbx using Guid(c895dff4365ad4506ab680fdc4a0afb8) Importer(815301076,1909f56bfc062723c751e8b465ee728b)  -> (artifact id: '5380f11c638e7f31376a89ad1430f9c2') in 0.106011 seconds 
  Import took 0.109083 seconds .

========================================================================
Received Import Request.
  Time since last request: 0.000276 seconds.
  path: Assets/unity-chan!/Unity-chan! Model/Art/Animations/unitychan_WAIT00.fbx
  artifactKey: Guid(0147e212f97e3d449a4b9e4f5d057180) Importer(815301076,1909f56bfc062723c751e8b465ee728b)
Start importing Assets/unity-chan!/Unity-chan! Model/Art/Animations/unitychan_WAIT00.fbx using Guid(0147e212f97e3d449a4b9e4f5d057180) Importer(815301076,1909f56bfc062723c751e8b465ee728b)  -> (artifact id: '2718eef7df656047ff6d12a8868d1ac7') in 0.103316 seconds 
  Import took 0.107097 seconds .

========================================================================
Received Import Request.
  Time since last request: 0.000308 seconds.
  path: Assets/unity-chan!/Unity-chan! Model/Art/Animations/unitychan_WAIT04.fbx
  artifactKey: Guid(685e1a7587d604fd8a8a0a56834063bb) Importer(815301076,1909f56bfc062723c751e8b465ee728b)
Start importing Assets/unity-chan!/Unity-chan! Model/Art/Animations/unitychan_WAIT04.fbx using Guid(685e1a7587d604fd8a8a0a56834063bb) Importer(815301076,1909f56bfc062723c751e8b465ee728b)  -> (artifact id: '1ba1069fbe54e8f0eb2ea4efe182e414') in 0.101463 seconds 
  Import took 0.104627 seconds .

========================================================================
Received Import Request.
  Time since last request: 0.000274 seconds.
  path: Assets/unity-chan!/Unity-chan! Model/Art/Animations/unitychan_UMATOBI00.fbx
  artifactKey: Guid(8bf916c92a6742d4ea62fd210c3fd0e6) Importer(815301076,1909f56bfc062723c751e8b465ee728b)
Start importing Assets/unity-chan!/Unity-chan! Model/Art/Animations/unitychan_UMATOBI00.fbx using Guid(8bf916c92a6742d4ea62fd210c3fd0e6) Importer(815301076,1909f56bfc062723c751e8b465ee728b)  -> (artifact id: '6f9b45d051377ba7b0091daebec04085') in 0.108938 seconds 
  Import took 0.112205 seconds .

========================================================================
Received Import Request.
  Time since last request: 0.000293 seconds.
  path: Assets/unity-chan!/Unity-chan! Model/Art/Animations/unitychan_WAIT01.fbx
  artifactKey: Guid(1e79f5e733df84044a45d6ab05035627) Importer(815301076,1909f56bfc062723c751e8b465ee728b)
Start importing Assets/unity-chan!/Unity-chan! Model/Art/Animations/unitychan_WAIT01.fbx using Guid(1e79f5e733df84044a45d6ab05035627) Importer(815301076,1909f56bfc062723c751e8b465ee728b)  -> (artifact id: '3ca29a6b8c6e4ec5463078e75af621aa') in 0.100471 seconds 
  Import took 0.104256 seconds .

========================================================================
Received Import Request.
  Time since last request: 0.000320 seconds.
  path: Assets/unity-chan!/Unity-chan! Model/Art/Animations/unitychan_ARpose2.fbx
  artifactKey: Guid(edd51f298e7994c498b99bd24c098f52) Importer(815301076,1909f56bfc062723c751e8b465ee728b)
Start importing Assets/unity-chan!/Unity-chan! Model/Art/Animations/unitychan_ARpose2.fbx using Guid(edd51f298e7994c498b99bd24c098f52) Importer(815301076,1909f56bfc062723c751e8b465ee728b)  -> (artifact id: '3aef39a37983551ba5511c2bbd38b31a') in 0.036358 seconds 
  Import took 0.041746 seconds .

========================================================================
Received Import Request.
  Time since last request: 0.000320 seconds.
  path: Assets/unity-chan!/Unity-chan! Model/Art/Animations/unitychan_DAMAGED00.fbx
  artifactKey: Guid(6dd5b57ca7c0d48e4b3e9061e1c88d18) Importer(815301076,1909f56bfc062723c751e8b465ee728b)
Start importing Assets/unity-chan!/Unity-chan! Model/Art/Animations/unitychan_DAMAGED00.fbx using Guid(6dd5b57ca7c0d48e4b3e9061e1c88d18) Importer(815301076,1909f56bfc062723c751e8b465ee728b)  -> (artifact id: '4002d66ee278e39d83b52e41cadfcb9b') in 0.097354 seconds 
  Import took 0.100699 seconds .

========================================================================
Received Import Request.
  Time since last request: 0.000292 seconds.
  path: Assets/unity-chan!/Unity-chan! Model/Art/Animations/unitychan_WALK00_F.fbx
  artifactKey: Guid(e52be2fa48716194ea1d9d76686005f8) Importer(815301076,1909f56bfc062723c751e8b465ee728b)
Start importing Assets/unity-chan!/Unity-chan! Model/Art/Animations/unitychan_WALK00_F.fbx using Guid(e52be2fa48716194ea1d9d76686005f8) Importer(815301076,1909f56bfc062723c751e8b465ee728b)  -> (artifact id: '0eba9db8b6a389cb2cb8726f19ff017e') in 0.098855 seconds 
  Import took 0.102655 seconds .

========================================================================
Received Import Request.
  Time since last request: 0.000285 seconds.
  path: Assets/unity-chan!/Unity-chan! Model/Art/Animations/unitychan_JUMP00B.fbx
  artifactKey: Guid(d6fd0c7048894427c8663615237d6a77) Importer(815301076,1909f56bfc062723c751e8b465ee728b)
Start importing Assets/unity-chan!/Unity-chan! Model/Art/Animations/unitychan_JUMP00B.fbx using Guid(d6fd0c7048894427c8663615237d6a77) Importer(815301076,1909f56bfc062723c751e8b465ee728b)  -> (artifact id: '8a77470c647f267e88dfcbea1db6e233') in 0.103179 seconds 
  Import took 0.106537 seconds .

========================================================================
Received Import Request.
  Time since last request: 0.000269 seconds.
  path: Assets/unity-chan!/Unity-chan! Model/Art/Animations/unitychan_REFLESH00.fbx
  artifactKey: Guid(842226a6a478847f9b6f5c746ae1cb95) Importer(815301076,1909f56bfc062723c751e8b465ee728b)
Start importing Assets/unity-chan!/Unity-chan! Model/Art/Animations/unitychan_REFLESH00.fbx using Guid(842226a6a478847f9b6f5c746ae1cb95) Importer(815301076,1909f56bfc062723c751e8b465ee728b)  -> (artifact id: 'b939c3d10bde014f519a782391d4dc86') in 0.097611 seconds 
  Import took 0.100876 seconds .

========================================================================
Received Import Request.
  Time since last request: 0.000340 seconds.
  path: Assets/unity-chan!/Unity-chan! Model/Art/Animations/unitychan_WAIT02.fbx
  artifactKey: Guid(e54e2e1fa0a994b389fe0654511fac47) Importer(815301076,1909f56bfc062723c751e8b465ee728b)
Start importing Assets/unity-chan!/Unity-chan! Model/Art/Animations/unitychan_WAIT02.fbx using Guid(e54e2e1fa0a994b389fe0654511fac47) Importer(815301076,1909f56bfc062723c751e8b465ee728b)  -> (artifact id: 'dd460f7a577bc69455b4805417ca17fc') in 0.103821 seconds 
  Import took 0.107055 seconds .

========================================================================
Received Import Request.
  Time since last request: 0.000355 seconds.
  path: Assets/unity-chan!/Unity-chan! Model/Art/Animations/unitychan_JUMP01B.fbx
  artifactKey: Guid(c49b7faf71cf048418fe526d8e233c8e) Importer(815301076,1909f56bfc062723c751e8b465ee728b)
Start importing Assets/unity-chan!/Unity-chan! Model/Art/Animations/unitychan_JUMP01B.fbx using Guid(c49b7faf71cf048418fe526d8e233c8e) Importer(815301076,1909f56bfc062723c751e8b465ee728b)  -> (artifact id: '19013a75ebadf1eecf67157c301008fd') in 0.123591 seconds 
  Import took 0.126892 seconds .

========================================================================
Received Import Request.
  Time since last request: 0.000278 seconds.
  path: Assets/unity-chan!/Unity-chan! Model/Art/Animations/unitychan_RUN00_F.fbx
  artifactKey: Guid(26055e26f15260e4e8e0e51f50c41926) Importer(815301076,1909f56bfc062723c751e8b465ee728b)
Start importing Assets/unity-chan!/Unity-chan! Model/Art/Animations/unitychan_RUN00_F.fbx using Guid(26055e26f15260e4e8e0e51f50c41926) Importer(815301076,1909f56bfc062723c751e8b465ee728b)  -> (artifact id: 'e19b4f82006b463199f2d36e97b50aaf') in 0.087983 seconds 
  Import took 0.091324 seconds .

========================================================================
Received Import Request.
  Time since last request: 0.000278 seconds.
  path: Assets/unity-chan!/Unity-chan! Model/Art/Animations/unitychan_RUN00_L.fbx
  artifactKey: Guid(dc7b7dc0360ab494ea2e7625162c6ca3) Importer(815301076,1909f56bfc062723c751e8b465ee728b)
Start importing Assets/unity-chan!/Unity-chan! Model/Art/Animations/unitychan_RUN00_L.fbx using Guid(dc7b7dc0360ab494ea2e7625162c6ca3) Importer(815301076,1909f56bfc062723c751e8b465ee728b)  -> (artifact id: '7fcf9c3e39cf6e1918e0d2816fd5ba31') in 0.102685 seconds 
  Import took 0.106047 seconds .

========================================================================
Received Import Request.
  Time since last request: 0.000242 seconds.
  path: Assets/unity-chan!/Unity-chan! Model/Art/Animations/unitychan_SLIDE00.fbx
  artifactKey: Guid(a3657ebe445392e44a81a7b112b9cf0c) Importer(815301076,1909f56bfc062723c751e8b465ee728b)
Start importing Assets/unity-chan!/Unity-chan! Model/Art/Animations/unitychan_SLIDE00.fbx using Guid(a3657ebe445392e44a81a7b112b9cf0c) Importer(815301076,1909f56bfc062723c751e8b465ee728b)  -> (artifact id: 'b846b41b20f5e9e244e3db65fbd180bc') in 0.104282 seconds 
  Import took 0.107258 seconds .

========================================================================
Received Import Request.
  Time since last request: 0.000244 seconds.
  path: Assets/unity-chan!/Unity-chan! Model/Art/Animations/unitychan_JUMP00.fbx
  artifactKey: Guid(ac75d16809dc0054d8e3449e7ba665f2) Importer(815301076,1909f56bfc062723c751e8b465ee728b)
Start importing Assets/unity-chan!/Unity-chan! Model/Art/Animations/unitychan_JUMP00.fbx using Guid(ac75d16809dc0054d8e3449e7ba665f2) Importer(815301076,1909f56bfc062723c751e8b465ee728b)  -> (artifact id: '377bb69a3b1cf8147207cf568b36290d') in 0.106567 seconds 
  Import took 0.109847 seconds .

========================================================================
Received Import Request.
  Time since last request: 30.677810 seconds.
  path: Assets/unity-chan!/Unity-chan! Model/Art/Models/BoxUnityChan.fbx
  artifactKey: Guid(d6dad0fb52ba12f458cc7ffb66882391) Importer(815301076,1909f56bfc062723c751e8b465ee728b)
Start importing Assets/unity-chan!/Unity-chan! Model/Art/Models/BoxUnityChan.fbx using Guid(d6dad0fb52ba12f458cc7ffb66882391) Importer(815301076,1909f56bfc062723c751e8b465ee728b)  -> (artifact id: '35583e045819f63fd604d97b204b8c70') in 0.180222 seconds 
  Import took 0.184340 seconds .

========================================================================
Received Import Request.
  Time since last request: 0.000297 seconds.
  path: Assets/unity-chan!/Unity-chan! Model/Art/Models/unitychan.fbx
  artifactKey: Guid(8f0565f23a2b58541a475bd3c1393052) Importer(815301076,1909f56bfc062723c751e8b465ee728b)
Start importing Assets/unity-chan!/Unity-chan! Model/Art/Models/unitychan.fbx using Guid(8f0565f23a2b58541a475bd3c1393052) Importer(815301076,1909f56bfc062723c751e8b465ee728b)  -> (artifact id: 'b539c1d8c4b90771e65dda6c17e8d2ec') in 0.193056 seconds 
  Import took 0.198266 seconds .

========================================================================
Received Import Request.
  Time since last request: 21.297969 seconds.
  path: Assets/unity-chan!/Unity-chan! Model/Art/Animations/Animators
  artifactKey: Guid(c8838c29f8f5f47ce889e797aef95a3a) Importer(815301076,1909f56bfc062723c751e8b465ee728b)
Start importing Assets/unity-chan!/Unity-chan! Model/Art/Animations/Animators using Guid(c8838c29f8f5f47ce889e797aef95a3a) Importer(815301076,1909f56bfc062723c751e8b465ee728b)  -> (artifact id: '0f75bb05a4dcb0e6158e0703ca6a36f1') in 0.008233 seconds 
  Import took 0.012975 seconds .

========================================================================
Received Import Request.
  Time since last request: 1.892043 seconds.
  path: Assets/unity-chan!/Unity-chan! Model/Art/Animations/Animators/UnityChanActionCheck.controller
  artifactKey: Guid(212b3a957fa7bee41a0bf8c3b14ce293) Importer(815301076,1909f56bfc062723c751e8b465ee728b)
Start importing Assets/unity-chan!/Unity-chan! Model/Art/Animations/Animators/UnityChanActionCheck.controller using Guid(212b3a957fa7bee41a0bf8c3b14ce293) Importer(815301076,1909f56bfc062723c751e8b465ee728b)  -> (artifact id: '22473b7cc710d81862271c2d593c2460') in 0.176444 seconds 
  Import took 0.183839 seconds .

========================================================================
Received Import Request.
  Time since last request: 2.647893 seconds.
  path: Assets/unity-chan!/Unity-chan! Model/Art/Animations/Animators/UnityChanARPose.controller
  artifactKey: Guid(3173dc991e314594abd6180b45c49c92) Importer(815301076,1909f56bfc062723c751e8b465ee728b)
Start importing Assets/unity-chan!/Unity-chan! Model/Art/Animations/Animators/UnityChanARPose.controller using Guid(3173dc991e314594abd6180b45c49c92) Importer(815301076,1909f56bfc062723c751e8b465ee728b)  -> (artifact id: 'af41281940708a648fa6dc110bef023e') in 0.052739 seconds 
  Import took 0.060071 seconds .

========================================================================
Received Import Request.
  Time since last request: 0.915739 seconds.
  path: Assets/unity-chan!/Unity-chan! Model/Art/Animations/Animators/UnityChanLocomotions.controller
  artifactKey: Guid(8d5a0e0d58f4e4176a844a1a03976c19) Importer(815301076,1909f56bfc062723c751e8b465ee728b)
Start importing Assets/unity-chan!/Unity-chan! Model/Art/Animations/Animators/UnityChanLocomotions.controller using Guid(8d5a0e0d58f4e4176a844a1a03976c19) Importer(815301076,1909f56bfc062723c751e8b465ee728b)  -> (artifact id: '4e3adebdd93e88c3d14f1bae900c9f06') in 0.074893 seconds 
  Import took 0.080296 seconds .

========================================================================
Received Import Request.
  Time since last request: 21.910919 seconds.
  path: Assets/unity-chan!/Unity-chan! Model/Art/UnityChanShader
  artifactKey: Guid(37a9d016da7c84d7d8c3c90eb6399f0a) Importer(815301076,1909f56bfc062723c751e8b465ee728b)
Start importing Assets/unity-chan!/Unity-chan! Model/Art/UnityChanShader using Guid(37a9d016da7c84d7d8c3c90eb6399f0a) Importer(815301076,1909f56bfc062723c751e8b465ee728b)  -> (artifact id: '20ac99a28f2af5b80427463571d90317') in 0.008434 seconds 
  Import took 0.011524 seconds .

========================================================================
Received Prepare
Registering precompiled user dll's ...
Registered in 0.003610 seconds.
Begin MonoManager ReloadAssembly
Native extension for WindowsStandalone target not found
Refreshing native plugins compatible for Editor in 0.39 ms, found 2 plugins.
Preloading 0 native plugins for Editor in 0.00 ms.
Mono: successfully reloaded assembly
- Completed reload, in  0.973 seconds
Domain Reload Profiling:
	ReloadAssembly (974ms)
		BeginReloadAssembly (99ms)
			ExecutionOrderSort (0ms)
			DisableScriptedObjects (5ms)
			BackupInstance (0ms)
			ReleaseScriptingObjects (0ms)
			CreateAndSetChildDomain (31ms)
		EndReloadAssembly (814ms)
			LoadAssemblies (84ms)
			RebuildTransferFunctionScriptingTraits (0ms)
			SetupTypeCache (279ms)
			ReleaseScriptCaches (1ms)
			RebuildScriptCaches (41ms)
			SetupLoadedEditorAssemblies (297ms)
				LogAssemblyErrors (0ms)
				InitializePlatformSupportModulesInManaged (10ms)
				SetLoadedEditorAssemblies (1ms)
				RefreshPlugins (0ms)
				BeforeProcessingInitializeOnLoad (79ms)
				ProcessInitializeOnLoadAttributes (193ms)
				ProcessInitializeOnLoadMethodAttributes (10ms)
				AfterProcessingInitializeOnLoad (5ms)
				EditorAssembliesLoaded (0ms)
			ExecutionOrderSort2 (0ms)
			AwakeInstancesAfterBackupRestoration (7ms)
Platform modules already initialized, skipping
Refreshing native plugins compatible for Editor in 0.37 ms, found 2 plugins.
Preloading 0 native plugins for Editor in 0.00 ms.
Unloading 1516 Unused Serialized files (Serialized files now loaded: 0)
System memory in use before: 92.9 MB.
System memory in use after: 91.7 MB.

Unloading 20 unused Assets to reduce memory usage. Loaded Objects now: 1969.
Total: 3.510700 ms (FindLiveObjects: 0.149300 ms CreateObjectMapping: 0.049900 ms MarkObjects: 2.433500 ms  DeleteObjects: 0.876700 ms)

AssetImportParameters requested are different than current active one (requested -> active):
  custom:framework-win-MediaFoundation: 216162199b28c13a410421893ffa2e32 -> 
  custom:video-decoder-ogg-theora: a1e56fd34408186e4bbccfd4996cb3dc -> 
  custom:container-muxer-webm: aa71ff27fc2769a1b78a27578f13a17b -> 
  custom:container-demuxer-webm: 4f35f7cbe854078d1ac9338744f61a02 -> 
  custom:container-demuxer-ogg: 62fdf1f143b41e24485cea50d1cbac27 -> 
  custom:video-encoder-webm-vp8: eb34c28f22e8b96e1ab97ce403110664 -> 
  custom:video-decoder-webm-vp8: 9c59270c3fd7afecdb556c50c9e8de78 -> 
  custom:audio-decoder-ogg-vorbis: bf7c407c2cedff20999df2af8eb42d56 -> 
  custom:audio-encoder-webm-vorbis: bf7c407c2cedff20999df2af8eb42d56 -> 
========================================================================
Received Prepare
Registering precompiled user dll's ...
Registered in 0.004040 seconds.
Begin MonoManager ReloadAssembly
Native extension for WindowsStandalone target not found
Refreshing native plugins compatible for Editor in 0.39 ms, found 2 plugins.
Preloading 0 native plugins for Editor in 0.00 ms.
Mono: successfully reloaded assembly
- Completed reload, in  1.039 seconds
Domain Reload Profiling:
	ReloadAssembly (1040ms)
		BeginReloadAssembly (127ms)
			ExecutionOrderSort (0ms)
			DisableScriptedObjects (4ms)
			BackupInstance (0ms)
			ReleaseScriptingObjects (0ms)
			CreateAndSetChildDomain (34ms)
		EndReloadAssembly (845ms)
			LoadAssemblies (89ms)
			RebuildTransferFunctionScriptingTraits (0ms)
			SetupTypeCache (328ms)
			ReleaseScriptCaches (1ms)
			RebuildScriptCaches (50ms)
			SetupLoadedEditorAssemblies (279ms)
				LogAssemblyErrors (0ms)
				InitializePlatformSupportModulesInManaged (4ms)
				SetLoadedEditorAssemblies (1ms)
				RefreshPlugins (1ms)
				BeforeProcessingInitializeOnLoad (72ms)
				ProcessInitializeOnLoadAttributes (186ms)
				ProcessInitializeOnLoadMethodAttributes (9ms)
				AfterProcessingInitializeOnLoad (5ms)
				EditorAssembliesLoaded (0ms)
			ExecutionOrderSort2 (0ms)
			AwakeInstancesAfterBackupRestoration (7ms)
Platform modules already initialized, skipping
Refreshing native plugins compatible for Editor in 0.32 ms, found 2 plugins.
Preloading 0 native plugins for Editor in 0.00 ms.
Unloading 1492 Unused Serialized files (Serialized files now loaded: 0)
System memory in use before: 90.1 MB.
System memory in use after: 90.2 MB.

Unloading 26 unused Assets to reduce memory usage. Loaded Objects now: 1959.
Total: 2.732800 ms (FindLiveObjects: 0.156300 ms CreateObjectMapping: 0.053300 ms MarkObjects: 2.499000 ms  DeleteObjects: 0.023100 ms)

AssetImportParameters requested are different than current active one (requested -> active):
  custom:framework-win-MediaFoundation: 216162199b28c13a410421893ffa2e32 -> 
  custom:video-decoder-ogg-theora: a1e56fd34408186e4bbccfd4996cb3dc -> 
  custom:container-muxer-webm: aa71ff27fc2769a1b78a27578f13a17b -> 
  custom:container-demuxer-webm: 4f35f7cbe854078d1ac9338744f61a02 -> 
  custom:container-demuxer-ogg: 62fdf1f143b41e24485cea50d1cbac27 -> 
  custom:video-encoder-webm-vp8: eb34c28f22e8b96e1ab97ce403110664 -> 
  custom:video-decoder-webm-vp8: 9c59270c3fd7afecdb556c50c9e8de78 -> 
  custom:audio-decoder-ogg-vorbis: bf7c407c2cedff20999df2af8eb42d56 -> 
  custom:audio-encoder-webm-vorbis: bf7c407c2cedff20999df2af8eb42d56 -> 
========================================================================
Received Import Request.
  Time since last request: 878.138863 seconds.
  path: Assets/FightingMotionsVolume1
  artifactKey: Guid(1f8ef5ca20ade7f4aa0415e54d4d8cad) Importer(815301076,1909f56bfc062723c751e8b465ee728b)
Start importing Assets/FightingMotionsVolume1 using Guid(1f8ef5ca20ade7f4aa0415e54d4d8cad) Importer(815301076,1909f56bfc062723c751e8b465ee728b)  -> (artifact id: '29e7cb2f3443d2b979a16e5d1bf175fe') in 0.009269 seconds 
  Import took 0.012443 seconds .

========================================================================
Received Import Request.
  Time since last request: 3.170545 seconds.
  path: Assets/Robot Kyle/Model
  artifactKey: Guid(cc9c38d716effb04aa497db743047070) Importer(815301076,1909f56bfc062723c751e8b465ee728b)
Start importing Assets/Robot Kyle/Model using Guid(cc9c38d716effb04aa497db743047070) Importer(815301076,1909f56bfc062723c751e8b465ee728b)  -> (artifact id: '324631d2901c2e791b9b163c694aa0ac') in 0.007779 seconds 
  Import took 0.010703 seconds .

========================================================================
Received Import Request.
  Time since last request: 0.062848 seconds.
  path: Assets/Robot Kyle/Model/Robot Kyle.fbx
  artifactKey: Guid(320b1c2af77554f99a1658df4a6d3d5c) Importer(815301076,1909f56bfc062723c751e8b465ee728b)
Start importing Assets/Robot Kyle/Model/Robot Kyle.fbx using Guid(320b1c2af77554f99a1658df4a6d3d5c) Importer(815301076,1909f56bfc062723c751e8b465ee728b)  -> (artifact id: '850fd414a7d73bf628dbc79cf444a6db') in 0.212001 seconds 
  Import took 0.214983 seconds .

========================================================================
Received Import Request.
  Time since last request: 5.862952 seconds.
  path: Assets/Robot Kyle/Materials/Robot_Color.mat
  artifactKey: Guid(0aa851515cd3747d6b3b3e461199a2ed) Importer(815301076,1909f56bfc062723c751e8b465ee728b)
Start importing Assets/Robot Kyle/Materials/Robot_Color.mat using Guid(0aa851515cd3747d6b3b3e461199a2ed) Importer(815301076,1909f56bfc062723c751e8b465ee728b)  -> (artifact id: '4c044c7f9b336f5bed8a48163b2adbf2') in 0.076603 seconds 
  Import took 0.079866 seconds .

========================================================================
Received Import Request.
  Time since last request: 8.995141 seconds.
  path: Assets/FightingMotionsVolume1/Animator
  artifactKey: Guid(3c6a1d67e78a2ff44b06b42ca9ee9267) Importer(815301076,1909f56bfc062723c751e8b465ee728b)
Start importing Assets/FightingMotionsVolume1/Animator using Guid(3c6a1d67e78a2ff44b06b42ca9ee9267) Importer(815301076,1909f56bfc062723c751e8b465ee728b)  -> (artifact id: 'c4ea01c52d196d0e685bcd25d2204bce') in 0.009046 seconds 
  Import took 0.011881 seconds .

========================================================================
Received Import Request.
  Time since last request: 25.555021 seconds.
  path: Assets/FightingMotionsVolume1/Animator/BlueGuy_Animator.controller
  artifactKey: Guid(4737e6302c9030246ae91eff65c36dbd) Importer(815301076,1909f56bfc062723c751e8b465ee728b)
Start importing Assets/FightingMotionsVolume1/Animator/BlueGuy_Animator.controller using Guid(4737e6302c9030246ae91eff65c36dbd) Importer(815301076,1909f56bfc062723c751e8b465ee728b)  -> (artifact id: 'ee3dbb936e1ffbbb9ee9d3f2cb661501') in 0.032232 seconds 
  Import took 0.036764 seconds .

========================================================================
Received Import Request.
  Time since last request: 48.185793 seconds.
  path: Assets/FightingMotionsVolume1/FBX/idle_A.fbx
  artifactKey: Guid(6c88f17ac7ff45543a0878e71288c038) Importer(815301076,1909f56bfc062723c751e8b465ee728b)
Start importing Assets/FightingMotionsVolume1/FBX/idle_A.fbx using Guid(6c88f17ac7ff45543a0878e71288c038) Importer(815301076,1909f56bfc062723c751e8b465ee728b)  -> (artifact id: 'dd93e25ef5b878d2d7e7cb6958603905') in 0.118118 seconds 
  Import took 0.120782 seconds .

========================================================================
Received Import Request.
  Time since last request: 0.000289 seconds.
  path: Assets/FightingMotionsVolume1/FBX/hk_rh_right_A.fbx
  artifactKey: Guid(6d57102141fc7184db95eafa963b4572) Importer(815301076,1909f56bfc062723c751e8b465ee728b)
Start importing Assets/FightingMotionsVolume1/FBX/hk_rh_right_A.fbx using Guid(6d57102141fc7184db95eafa963b4572) Importer(815301076,1909f56bfc062723c751e8b465ee728b)  -> (artifact id: 'f3dfb90019c59ceb22259df5268dd6a0') in 0.024424 seconds 
  Import took 0.027162 seconds .

========================================================================
Received Import Request.
  Time since last request: 0.000233 seconds.
  path: Assets/FightingMotionsVolume1/FBX/hp_straight_left_Tiramis.fbx
  artifactKey: Guid(5134975584e9d31438f5ac1f9fd3de18) Importer(815301076,1909f56bfc062723c751e8b465ee728b)
Start importing Assets/FightingMotionsVolume1/FBX/hp_straight_left_Tiramis.fbx using Guid(5134975584e9d31438f5ac1f9fd3de18) Importer(815301076,1909f56bfc062723c751e8b465ee728b)  -> (artifact id: '947936cc1354be07ecce75f345647087') in 0.023859 seconds 
  Import took 0.026478 seconds .

========================================================================
Received Import Request.
  Time since last request: 0.000187 seconds.
  path: Assets/FightingMotionsVolume1/FBX/knockdown_A.fbx
  artifactKey: Guid(80c66b0b507d2374e8a428e340dd8414) Importer(815301076,1909f56bfc062723c751e8b465ee728b)
Start importing Assets/FightingMotionsVolume1/FBX/knockdown_A.fbx using Guid(80c66b0b507d2374e8a428e340dd8414) Importer(815301076,1909f56bfc062723c751e8b465ee728b)  -> (artifact id: '468439bacbf997d8f5b6834c50033352') in 0.029755 seconds 
  Import took 0.035371 seconds .

========================================================================
Received Import Request.
  Time since last request: 0.000390 seconds.
  path: Assets/FightingMotionsVolume1/FBX/ld_front_A.fbx
  artifactKey: Guid(028821a698cf0654c8d9d6aa19889290) Importer(815301076,1909f56bfc062723c751e8b465ee728b)
Start importing Assets/FightingMotionsVolume1/FBX/ld_front_A.fbx using Guid(028821a698cf0654c8d9d6aa19889290) Importer(815301076,1909f56bfc062723c751e8b465ee728b)  -> (artifact id: '365d1ca7e555f337e661423f427ebf25') in 0.061857 seconds 
  Import took 0.065246 seconds .

========================================================================
Received Import Request.
  Time since last request: 0.000295 seconds.
  path: Assets/FightingMotionsVolume1/FBX/hp_upper_right_A.fbx
  artifactKey: Guid(59c7dab75889cc747a38565aacf425cb) Importer(815301076,1909f56bfc062723c751e8b465ee728b)
Start importing Assets/FightingMotionsVolume1/FBX/hp_upper_right_A.fbx using Guid(59c7dab75889cc747a38565aacf425cb) Importer(815301076,1909f56bfc062723c751e8b465ee728b)  -> (artifact id: '4ab3871a148a84bc66345d37b21e9498') in 0.064933 seconds 
  Import took 0.067895 seconds .

========================================================================
Received Import Request.
  Time since last request: 0.000240 seconds.
  path: Assets/FightingMotionsVolume1/FBX/hd_front_B.fbx
  artifactKey: Guid(3875ee494c5527c40a1c44833d2202d3) Importer(815301076,1909f56bfc062723c751e8b465ee728b)
Start importing Assets/FightingMotionsVolume1/FBX/hd_front_B.fbx using Guid(3875ee494c5527c40a1c44833d2202d3) Importer(815301076,1909f56bfc062723c751e8b465ee728b)  -> (artifact id: 'ea18dbc56c956e3bb684f0cc16c3e94c') in 0.057856 seconds 
  Import took 0.060733 seconds .

========================================================================
Received Import Request.
  Time since last request: 0.000214 seconds.
  path: Assets/FightingMotionsVolume1/FBX/hp_straight_right_A.fbx
  artifactKey: Guid(2664f222f7b81d04999f8018fe475b2f) Importer(815301076,1909f56bfc062723c751e8b465ee728b)
Start importing Assets/FightingMotionsVolume1/FBX/hp_straight_right_A.fbx using Guid(2664f222f7b81d04999f8018fe475b2f) Importer(815301076,1909f56bfc062723c751e8b465ee728b)  -> (artifact id: '31c00a304ef7efeb452adab40d70c809') in 0.070609 seconds 
  Import took 0.073379 seconds .

========================================================================
Received Import Request.
  Time since last request: 0.000228 seconds.
  path: Assets/FightingMotionsVolume1/FBX/lk_rh_right_A.fbx
  artifactKey: Guid(eea3a4476bab05b458d87a5b376889c8) Importer(815301076,1909f56bfc062723c751e8b465ee728b)
Start importing Assets/FightingMotionsVolume1/FBX/lk_rh_right_A.fbx using Guid(eea3a4476bab05b458d87a5b376889c8) Importer(815301076,1909f56bfc062723c751e8b465ee728b)  -> (artifact id: '86d0962b52a8af6cdd86af2339fe43bd') in 0.054707 seconds 
  Import took 0.057622 seconds .

========================================================================
Received Import Request.
  Time since last request: 0.000264 seconds.
  path: Assets/FightingMotionsVolume1/FBX/move_forward_B.fbx
  artifactKey: Guid(5c75701039296084fb07becd1460ad4f) Importer(815301076,1909f56bfc062723c751e8b465ee728b)
Start importing Assets/FightingMotionsVolume1/FBX/move_forward_B.fbx using Guid(5c75701039296084fb07becd1460ad4f) Importer(815301076,1909f56bfc062723c751e8b465ee728b)  -> (artifact id: 'af60bd24a6ef75735320c95a0079beca') in 0.046254 seconds 
  Import took 0.050293 seconds .

========================================================================
Received Import Request.
  Time since last request: 0.000847 seconds.
  path: Assets/FightingMotionsVolume1/FBX/lk_rh_right_Tiramis.fbx
  artifactKey: Guid(96bd314225bd5934dbcde0048ded2180) Importer(815301076,1909f56bfc062723c751e8b465ee728b)
Start importing Assets/FightingMotionsVolume1/FBX/lk_rh_right_Tiramis.fbx using Guid(96bd314225bd5934dbcde0048ded2180) Importer(815301076,1909f56bfc062723c751e8b465ee728b)  -> (artifact id: 'a4f989039a626f9bc6140ba39fc69905') in 0.059935 seconds 
  Import took 0.064697 seconds .

========================================================================
Received Import Request.
  Time since last request: 0.000295 seconds.
  path: Assets/FightingMotionsVolume1/FBX/hp_hook_left_A.fbx
  artifactKey: Guid(e85eabbd59e479e48a4b8d0cb836f2e3) Importer(815301076,1909f56bfc062723c751e8b465ee728b)
Start importing Assets/FightingMotionsVolume1/FBX/hp_hook_left_A.fbx using Guid(e85eabbd59e479e48a4b8d0cb836f2e3) Importer(815301076,1909f56bfc062723c751e8b465ee728b)  -> (artifact id: '215f2be824f6932a7ce7ad6cd3f31790') in 0.062952 seconds 
  Import took 0.065777 seconds .

========================================================================
Received Import Request.
  Time since last request: 0.000238 seconds.
  path: Assets/FightingMotionsVolume1/FBX/hp_hook_left_Tiramis.fbx
  artifactKey: Guid(e96932110ac686d4ca3d30528d498dde) Importer(815301076,1909f56bfc062723c751e8b465ee728b)
Start importing Assets/FightingMotionsVolume1/FBX/hp_hook_left_Tiramis.fbx using Guid(e96932110ac686d4ca3d30528d498dde) Importer(815301076,1909f56bfc062723c751e8b465ee728b)  -> (artifact id: '406e0b53e988c15d1900a1f1c1e357d0') in 0.051821 seconds 
  Import took 0.055702 seconds .

========================================================================
Received Import Request.
  Time since last request: 0.001000 seconds.
  path: Assets/FightingMotionsVolume1/FBX/hd_front_A.fbx
  artifactKey: Guid(b1d836fe66d68fe4b9921d0d510eee15) Importer(815301076,1909f56bfc062723c751e8b465ee728b)
Start importing Assets/FightingMotionsVolume1/FBX/hd_front_A.fbx using Guid(b1d836fe66d68fe4b9921d0d510eee15) Importer(815301076,1909f56bfc062723c751e8b465ee728b)  -> (artifact id: '9d168c7d342fa59619c04fa81b7f1764') in 0.057664 seconds 
  Import took 0.062442 seconds .

========================================================================
Received Import Request.
  Time since last request: 0.000251 seconds.
  path: Assets/FightingMotionsVolume1/FBX/lk_rh_left_A.fbx
  artifactKey: Guid(b89157ae667535c4480304ff481b791b) Importer(815301076,1909f56bfc062723c751e8b465ee728b)
Start importing Assets/FightingMotionsVolume1/FBX/lk_rh_left_A.fbx using Guid(b89157ae667535c4480304ff481b791b) Importer(815301076,1909f56bfc062723c751e8b465ee728b)  -> (artifact id: '8cd062cffac83ffa2b8856ab05ed3bc8') in 0.056523 seconds 
  Import took 0.059410 seconds .

========================================================================
Received Import Request.
  Time since last request: 0.000282 seconds.
  path: Assets/FightingMotionsVolume1/FBX/hb_front_A.fbx
  artifactKey: Guid(6f36d974de0fac648a26b5796fbfc3c3) Importer(815301076,1909f56bfc062723c751e8b465ee728b)
Start importing Assets/FightingMotionsVolume1/FBX/hb_front_A.fbx using Guid(6f36d974de0fac648a26b5796fbfc3c3) Importer(815301076,1909f56bfc062723c751e8b465ee728b)  -> (artifact id: '0c513a6af59f6ac9fbfb611b274cdbe8') in 0.063961 seconds 
  Import took 0.066713 seconds .

========================================================================
Received Import Request.
  Time since last request: 0.000253 seconds.
  path: Assets/FightingMotionsVolume1/FBX/knockdown_loop_A.fbx
  artifactKey: Guid(3ff1228a6fef1834f96812bc96c1d41b) Importer(815301076,1909f56bfc062723c751e8b465ee728b)
Start importing Assets/FightingMotionsVolume1/FBX/knockdown_loop_A.fbx using Guid(3ff1228a6fef1834f96812bc96c1d41b) Importer(815301076,1909f56bfc062723c751e8b465ee728b)  -> (artifact id: '586569ea11f4bd75ad616649f4198bea') in 0.057982 seconds 
  Import took 0.060759 seconds .

========================================================================
Received Import Request.
  Time since last request: 0.000290 seconds.
  path: Assets/FightingMotionsVolume1/FBX/win_A.fbx
  artifactKey: Guid(ac5e1deee6f0b284fbbae6a3fe80b6ef) Importer(815301076,1909f56bfc062723c751e8b465ee728b)
Start importing Assets/FightingMotionsVolume1/FBX/win_A.fbx using Guid(ac5e1deee6f0b284fbbae6a3fe80b6ef) Importer(815301076,1909f56bfc062723c751e8b465ee728b)  -> (artifact id: '4f42da54417a5643d33a236a5580d351') in 0.057549 seconds 
  Import took 0.060216 seconds .

========================================================================
Received Import Request.
  Time since last request: 0.000251 seconds.
  path: Assets/FightingMotionsVolume1/FBX/hp_straight_left_A.fbx
  artifactKey: Guid(e0ad8083c895ff74ea01f55b82884971) Importer(815301076,1909f56bfc062723c751e8b465ee728b)
Start importing Assets/FightingMotionsVolume1/FBX/hp_straight_left_A.fbx using Guid(e0ad8083c895ff74ea01f55b82884971) Importer(815301076,1909f56bfc062723c751e8b465ee728b)  -> (artifact id: '156abd8dba057b4e1db9c07e3b47bd3d') in 0.062757 seconds 
  Import took 0.065454 seconds .

========================================================================
Received Import Request.
  Time since last request: 0.000254 seconds.
  path: Assets/FightingMotionsVolume1/FBX/move_backward_B.fbx
  artifactKey: Guid(235c95899b878bb47a6e6decf0954821) Importer(815301076,1909f56bfc062723c751e8b465ee728b)
Start importing Assets/FightingMotionsVolume1/FBX/move_backward_B.fbx using Guid(235c95899b878bb47a6e6decf0954821) Importer(815301076,1909f56bfc062723c751e8b465ee728b)  -> (artifact id: '6f3239ac5427c84b7103be05520dede4') in 0.067803 seconds 
  Import took 0.070293 seconds .

========================================================================
Received Import Request.
  Time since last request: 0.000214 seconds.
  path: Assets/FightingMotionsVolume1/FBX/hk_side_left_A.fbx
  artifactKey: Guid(32ed0de2e84ee9540870e3c35b13272c) Importer(815301076,1909f56bfc062723c751e8b465ee728b)
Start importing Assets/FightingMotionsVolume1/FBX/hk_side_left_A.fbx using Guid(32ed0de2e84ee9540870e3c35b13272c) Importer(815301076,1909f56bfc062723c751e8b465ee728b)  -> (artifact id: '58199bbea8ec98b6dc450b83c6f4dfb5') in 0.061468 seconds 
  Import took 0.064110 seconds .

========================================================================
Received Import Request.
  Time since last request: 0.000291 seconds.
  path: Assets/FightingMotionsVolume1/FBX/lb_front_A.fbx
  artifactKey: Guid(095c255e0c1c0744d9160d43cdc9e041) Importer(815301076,1909f56bfc062723c751e8b465ee728b)
Start importing Assets/FightingMotionsVolume1/FBX/lb_front_A.fbx using Guid(095c255e0c1c0744d9160d43cdc9e041) Importer(815301076,1909f56bfc062723c751e8b465ee728b)  -> (artifact id: 'cf30b49c859347fab2221ba3fa953e29') in 0.061577 seconds 
  Import took 0.064381 seconds .

========================================================================
Received Import Request.
  Time since last request: 0.000237 seconds.
  path: Assets/FightingMotionsVolume1/FBX/idle_Tiramis.fbx
  artifactKey: Guid(243b013a8548d9344b2e92934493d476) Importer(815301076,1909f56bfc062723c751e8b465ee728b)
Start importing Assets/FightingMotionsVolume1/FBX/idle_Tiramis.fbx using Guid(243b013a8548d9344b2e92934493d476) Importer(815301076,1909f56bfc062723c751e8b465ee728b)  -> (artifact id: 'd72a70abe51b97db7d308a3fc065c880') in 0.062186 seconds 
  Import took 0.065041 seconds .

========================================================================
Received Import Request.
  Time since last request: 0.275109 seconds.
  path: Assets/FightingMotionsVolume1/FBX/bb_front_A.fbx
  artifactKey: Guid(0282c4d4925893d41928a32222f24b11) Importer(815301076,1909f56bfc062723c751e8b465ee728b)
Start importing Assets/FightingMotionsVolume1/FBX/bb_front_A.fbx using Guid(0282c4d4925893d41928a32222f24b11) Importer(815301076,1909f56bfc062723c751e8b465ee728b)  -> (artifact id: 'c88bb93e26d37468f4c326fd8a247738') in 0.032603 seconds 
  Import took 0.036588 seconds .

========================================================================
Received Import Request.
  Time since last request: 0.000292 seconds.
  path: Assets/FightingMotionsVolume1/FBX/getup_A.fbx
  artifactKey: Guid(17004ac38f600ff4f90db12b9b2d5433) Importer(815301076,1909f56bfc062723c751e8b465ee728b)
Start importing Assets/FightingMotionsVolume1/FBX/getup_A.fbx using Guid(17004ac38f600ff4f90db12b9b2d5433) Importer(815301076,1909f56bfc062723c751e8b465ee728b)  -> (artifact id: '66e35b9dda4df57ba86cd11a10bd4eac') in 0.074736 seconds 
  Import took 0.077406 seconds .

========================================================================
Received Import Request.
  Time since last request: 0.000274 seconds.
  path: Assets/FightingMotionsVolume1/FBX/bd_front_A.fbx
  artifactKey: Guid(570197eb6cbea1c479c35bda442dada9) Importer(815301076,1909f56bfc062723c751e8b465ee728b)
Start importing Assets/FightingMotionsVolume1/FBX/bd_front_A.fbx using Guid(570197eb6cbea1c479c35bda442dada9) Importer(815301076,1909f56bfc062723c751e8b465ee728b)  -> (artifact id: '0e620539e4facb25448866c97c735ae2') in 0.062873 seconds 
  Import took 0.065999 seconds .

========================================================================
Received Import Request.
  Time since last request: 0.000322 seconds.
  path: Assets/FightingMotionsVolume1/FBX/bk_push_left_A.fbx
  artifactKey: Guid(e4f3ef320ac0e124fbd5766ab8a38cde) Importer(815301076,1909f56bfc062723c751e8b465ee728b)
Start importing Assets/FightingMotionsVolume1/FBX/bk_push_left_A.fbx using Guid(e4f3ef320ac0e124fbd5766ab8a38cde) Importer(815301076,1909f56bfc062723c751e8b465ee728b)  -> (artifact id: 'ef07caa1bf32a748c3463dbf8dadf7af') in 0.061397 seconds 
  Import took 0.064109 seconds .

========================================================================
Received Import Request.
  Time since last request: 0.000338 seconds.
  path: Assets/FightingMotionsVolume1/FBX/BlueGuy.fbx
  artifactKey: Guid(0bf37dc7372c57146bfc553d666ef609) Importer(815301076,1909f56bfc062723c751e8b465ee728b)
Start importing Assets/FightingMotionsVolume1/FBX/BlueGuy.fbx using Guid(0bf37dc7372c57146bfc553d666ef609) Importer(815301076,1909f56bfc062723c751e8b465ee728b)  -> (artifact id: 'a9037a50b1ea4e2a1054e28417765fb1') in 0.057322 seconds 
  Import took 0.060053 seconds .

========================================================================
Received Import Request.
  Time since last request: 0.000318 seconds.
  path: Assets/FightingMotionsVolume1/FBX/bp_upper_left_A.fbx
  artifactKey: Guid(34b0f0ed3390d964b8b6b299db28f69d) Importer(815301076,1909f56bfc062723c751e8b465ee728b)
Start importing Assets/FightingMotionsVolume1/FBX/bp_upper_left_A.fbx using Guid(34b0f0ed3390d964b8b6b299db28f69d) Importer(815301076,1909f56bfc062723c751e8b465ee728b)  -> (artifact id: '2fb717ee56c0d5e3c0e136ac45a7b16a') in 0.070260 seconds 
  Import took 0.073004 seconds .

========================================================================
Received Import Request.
  Time since last request: 0.000291 seconds.
  path: Assets/FightingMotionsVolume1/FBX/bk_rh_right_A.fbx
  artifactKey: Guid(82ff370070ffcb846a647642afec9429) Importer(815301076,1909f56bfc062723c751e8b465ee728b)
Start importing Assets/FightingMotionsVolume1/FBX/bk_rh_right_A.fbx using Guid(82ff370070ffcb846a647642afec9429) Importer(815301076,1909f56bfc062723c751e8b465ee728b)  -> (artifact id: '05b255c126e3bcbb04812669cf2f3449') in 0.059532 seconds 
  Import took 0.062904 seconds .

========================================================================
Received Import Request.
  Time since last request: 0.000291 seconds.
  path: Assets/FightingMotionsVolume1/FBX/bp_hook_right_A.fbx
  artifactKey: Guid(8b6ca66cf21170749b7c0644ee77cc39) Importer(815301076,1909f56bfc062723c751e8b465ee728b)
Start importing Assets/FightingMotionsVolume1/FBX/bp_hook_right_A.fbx using Guid(8b6ca66cf21170749b7c0644ee77cc39) Importer(815301076,1909f56bfc062723c751e8b465ee728b)  -> (artifact id: '2ef7118476f971667667d66d4d416b8e') in 0.055224 seconds 
  Import took 0.058439 seconds .

========================================================================
Received Import Request.
  Time since last request: 5.824052 seconds.
  path: Assets/FightingMotionsVolume1/FBX/nomove
  artifactKey: Guid(2145f78739ae3574ea9e462d5c45b535) Importer(815301076,1909f56bfc062723c751e8b465ee728b)
Start importing Assets/FightingMotionsVolume1/FBX/nomove using Guid(2145f78739ae3574ea9e462d5c45b535) Importer(815301076,1909f56bfc062723c751e8b465ee728b)  -> (artifact id: '6ed088cd0fed5de5e796cc6393ffac2f') in 0.007630 seconds 
  Import took 0.011390 seconds .

========================================================================
Received Import Request.
  Time since last request: 10.126171 seconds.
  path: Assets/FightingMotionsVolume1/FBX
  artifactKey: Guid(183d0f0718686594e8926497d8e58c83) Importer(815301076,1909f56bfc062723c751e8b465ee728b)
Start importing Assets/FightingMotionsVolume1/FBX using Guid(183d0f0718686594e8926497d8e58c83) Importer(815301076,1909f56bfc062723c751e8b465ee728b)  -> (artifact id: '1092bafaef67193cafb62250dfb6d803') in 0.008794 seconds 
  Import took 0.011610 seconds .

========================================================================
Received Import Request.
  Time since last request: 2.022887 seconds.
  path: Assets/FightingMotionsVolume1/FBX/nomove/bk_rh_right_A2.fbx
  artifactKey: Guid(fed828ab310f1144e96c82e797cb98b3) Importer(815301076,1909f56bfc062723c751e8b465ee728b)
Start importing Assets/FightingMotionsVolume1/FBX/nomove/bk_rh_right_A2.fbx using Guid(fed828ab310f1144e96c82e797cb98b3) Importer(815301076,1909f56bfc062723c751e8b465ee728b)  -> (artifact id: '3e09f15859dd12a3a754a6c693954296') in 0.025970 seconds 
  Import took 0.029618 seconds .

========================================================================
Received Import Request.
  Time since last request: 0.000292 seconds.
  path: Assets/FightingMotionsVolume1/FBX/nomove/knockdown_A2.fbx
  artifactKey: Guid(a9b5e79aa73ac11439518a1b4173bb37) Importer(815301076,1909f56bfc062723c751e8b465ee728b)
Start importing Assets/FightingMotionsVolume1/FBX/nomove/knockdown_A2.fbx using Guid(a9b5e79aa73ac11439518a1b4173bb37) Importer(815301076,1909f56bfc062723c751e8b465ee728b)  -> (artifact id: '3d80ff064c2dc1148f58dc19b838e61b') in 0.057089 seconds 
  Import took 0.059851 seconds .

========================================================================
Received Import Request.
  Time since last request: 0.000281 seconds.
  path: Assets/FightingMotionsVolume1/FBX/nomove/bp_hook_right_A2.fbx
  artifactKey: Guid(2dfa3ced1f180704ba039b8e3a9ee890) Importer(815301076,1909f56bfc062723c751e8b465ee728b)
Start importing Assets/FightingMotionsVolume1/FBX/nomove/bp_hook_right_A2.fbx using Guid(2dfa3ced1f180704ba039b8e3a9ee890) Importer(815301076,1909f56bfc062723c751e8b465ee728b)  -> (artifact id: '24ababa60dd3e2527ae32f9102271de8') in 0.052290 seconds 
  Import took 0.055359 seconds .

========================================================================
Received Import Request.
  Time since last request: 0.000305 seconds.
  path: Assets/FightingMotionsVolume1/FBX/nomove/move_backward_B2.fbx
  artifactKey: Guid(9a04c3da9b2a41c40b0cd20cfffa4c15) Importer(815301076,1909f56bfc062723c751e8b465ee728b)
Start importing Assets/FightingMotionsVolume1/FBX/nomove/move_backward_B2.fbx using Guid(9a04c3da9b2a41c40b0cd20cfffa4c15) Importer(815301076,1909f56bfc062723c751e8b465ee728b)  -> (artifact id: 'cbe3d2bbc774f2f7c343f22c6e5eda23') in 0.046968 seconds 
  Import took 0.049873 seconds .

========================================================================
Received Import Request.
  Time since last request: 0.000278 seconds.
  path: Assets/FightingMotionsVolume1/FBX/nomove/hk_side_left_A2.fbx
  artifactKey: Guid(7b758c29be5b46b49a442501cb39a4df) Importer(815301076,1909f56bfc062723c751e8b465ee728b)
Start importing Assets/FightingMotionsVolume1/FBX/nomove/hk_side_left_A2.fbx using Guid(7b758c29be5b46b49a442501cb39a4df) Importer(815301076,1909f56bfc062723c751e8b465ee728b)  -> (artifact id: 'bd9eb5082df9b6e104e7867c0405aeda') in 0.046909 seconds 
  Import took 0.049568 seconds .

========================================================================
Received Import Request.
  Time since last request: 0.000287 seconds.
  path: Assets/FightingMotionsVolume1/FBX/nomove/lk_rh_left_A2.fbx
  artifactKey: Guid(09d3d481438fe1342bcac27fe1e47471) Importer(815301076,1909f56bfc062723c751e8b465ee728b)
Start importing Assets/FightingMotionsVolume1/FBX/nomove/lk_rh_left_A2.fbx using Guid(09d3d481438fe1342bcac27fe1e47471) Importer(815301076,1909f56bfc062723c751e8b465ee728b)  -> (artifact id: 'f3fd5dd43f6f417394e46c11fcc26fba') in 0.048462 seconds 
  Import took 0.051521 seconds .

========================================================================
Received Import Request.
  Time since last request: 0.000282 seconds.
  path: Assets/FightingMotionsVolume1/FBX/nomove/bp_upper_left_A2.fbx
  artifactKey: Guid(d28a799ed3743fb459cf17cd032e7d95) Importer(815301076,1909f56bfc062723c751e8b465ee728b)
Start importing Assets/FightingMotionsVolume1/FBX/nomove/bp_upper_left_A2.fbx using Guid(d28a799ed3743fb459cf17cd032e7d95) Importer(815301076,1909f56bfc062723c751e8b465ee728b)  -> (artifact id: '1fc5d8c39d4d8350ab6a678246b2da81') in 0.047914 seconds 
  Import took 0.050827 seconds .

========================================================================
Received Import Request.
  Time since last request: 0.000307 seconds.
  path: Assets/FightingMotionsVolume1/FBX/nomove/hp_straight_right_A2.fbx
  artifactKey: Guid(dcf93b2e2e55c0c41a9c449084c2c861) Importer(815301076,1909f56bfc062723c751e8b465ee728b)
Start importing Assets/FightingMotionsVolume1/FBX/nomove/hp_straight_right_A2.fbx using Guid(dcf93b2e2e55c0c41a9c449084c2c861) Importer(815301076,1909f56bfc062723c751e8b465ee728b)  -> (artifact id: 'ab40bfdc6cd74d23ee2478937bec33f8') in 0.048763 seconds 
  Import took 0.051754 seconds .

========================================================================
Received Import Request.
  Time since last request: 0.000272 seconds.
  path: Assets/FightingMotionsVolume1/FBX/nomove/lk_rh_right_A2.fbx
  artifactKey: Guid(7b2ee5b5217b0fb4188ff8ab278ec625) Importer(815301076,1909f56bfc062723c751e8b465ee728b)
Start importing Assets/FightingMotionsVolume1/FBX/nomove/lk_rh_right_A2.fbx using Guid(7b2ee5b5217b0fb4188ff8ab278ec625) Importer(815301076,1909f56bfc062723c751e8b465ee728b)  -> (artifact id: '22978a72f12fd0c674a445d345d8256c') in 0.043570 seconds 
  Import took 0.046318 seconds .

========================================================================
Received Import Request.
  Time since last request: 0.000286 seconds.
  path: Assets/FightingMotionsVolume1/FBX/nomove/move_forward_B2.fbx
  artifactKey: Guid(0dfeae590efe0e741ac2334c0837c209) Importer(815301076,1909f56bfc062723c751e8b465ee728b)
Start importing Assets/FightingMotionsVolume1/FBX/nomove/move_forward_B2.fbx using Guid(0dfeae590efe0e741ac2334c0837c209) Importer(815301076,1909f56bfc062723c751e8b465ee728b)  -> (artifact id: '19e7cb7e414a1a233f4591ebde9c2879') in 0.047541 seconds 
  Import took 0.050224 seconds .

========================================================================
Received Import Request.
  Time since last request: 0.000358 seconds.
  path: Assets/FightingMotionsVolume1/FBX/nomove/hk_rh_right_A2.fbx
  artifactKey: Guid(29d626fded720ee40a139fcd99958641) Importer(815301076,1909f56bfc062723c751e8b465ee728b)
Start importing Assets/FightingMotionsVolume1/FBX/nomove/hk_rh_right_A2.fbx using Guid(29d626fded720ee40a139fcd99958641) Importer(815301076,1909f56bfc062723c751e8b465ee728b)  -> (artifact id: '979e56051d38a78119dce0032f13fb8e') in 0.046924 seconds 
  Import took 0.049962 seconds .

========================================================================
Received Import Request.
  Time since last request: 0.000279 seconds.
  path: Assets/FightingMotionsVolume1/FBX/nomove/hp_upper_right_A2.fbx
  artifactKey: Guid(0064cb92ace128248a50326a9abf6dd2) Importer(815301076,1909f56bfc062723c751e8b465ee728b)
Start importing Assets/FightingMotionsVolume1/FBX/nomove/hp_upper_right_A2.fbx using Guid(0064cb92ace128248a50326a9abf6dd2) Importer(815301076,1909f56bfc062723c751e8b465ee728b)  -> (artifact id: 'f8ca58d36f220b45211f720f9820553d') in 0.050967 seconds 
  Import took 0.053696 seconds .

========================================================================
Received Prepare
Registering precompiled user dll's ...
Registered in 0.008057 seconds.
Begin MonoManager ReloadAssembly
Native extension for WindowsStandalone target not found
Refreshing native plugins compatible for Editor in 0.36 ms, found 2 plugins.
Preloading 0 native plugins for Editor in 0.00 ms.
Mono: successfully reloaded assembly
- Completed reload, in  0.888 seconds
Domain Reload Profiling:
	ReloadAssembly (888ms)
		BeginReloadAssembly (93ms)
			ExecutionOrderSort (0ms)
			DisableScriptedObjects (4ms)
			BackupInstance (0ms)
			ReleaseScriptingObjects (0ms)
			CreateAndSetChildDomain (29ms)
		EndReloadAssembly (738ms)
			LoadAssemblies (78ms)
			RebuildTransferFunctionScriptingTraits (0ms)
			SetupTypeCache (262ms)
			ReleaseScriptCaches (1ms)
			RebuildScriptCaches (35ms)
			SetupLoadedEditorAssemblies (268ms)
				LogAssemblyErrors (0ms)
				InitializePlatformSupportModulesInManaged (4ms)
				SetLoadedEditorAssemblies (0ms)
				RefreshPlugins (0ms)
				BeforeProcessingInitializeOnLoad (69ms)
				ProcessInitializeOnLoadAttributes (180ms)
				ProcessInitializeOnLoadMethodAttributes (8ms)
				AfterProcessingInitializeOnLoad (5ms)
				EditorAssembliesLoaded (0ms)
			ExecutionOrderSort2 (0ms)
			AwakeInstancesAfterBackupRestoration (6ms)
Platform modules already initialized, skipping
Refreshing native plugins compatible for Editor in 0.33 ms, found 2 plugins.
Preloading 0 native plugins for Editor in 0.00 ms.
Unloading 1492 Unused Serialized files (Serialized files now loaded: 0)
System memory in use before: 91.9 MB.
System memory in use after: 92.0 MB.

Unloading 14 unused Assets to reduce memory usage. Loaded Objects now: 1996.
Total: 2.603900 ms (FindLiveObjects: 0.144500 ms CreateObjectMapping: 0.045400 ms MarkObjects: 2.349400 ms  DeleteObjects: 0.063300 ms)

AssetImportParameters requested are different than current active one (requested -> active):
  custom:framework-win-MediaFoundation: 216162199b28c13a410421893ffa2e32 -> 
  custom:video-decoder-ogg-theora: a1e56fd34408186e4bbccfd4996cb3dc -> 
  custom:container-muxer-webm: aa71ff27fc2769a1b78a27578f13a17b -> 
  custom:container-demuxer-webm: 4f35f7cbe854078d1ac9338744f61a02 -> 
  custom:container-demuxer-ogg: 62fdf1f143b41e24485cea50d1cbac27 -> 
  custom:video-encoder-webm-vp8: eb34c28f22e8b96e1ab97ce403110664 -> 
  custom:video-decoder-webm-vp8: 9c59270c3fd7afecdb556c50c9e8de78 -> 
  custom:audio-decoder-ogg-vorbis: bf7c407c2cedff20999df2af8eb42d56 -> 
  custom:audio-encoder-webm-vorbis: bf7c407c2cedff20999df2af8eb42d56 -> 
========================================================================
Received Import Request.
  Time since last request: 45.655485 seconds.
  path: Assets/FightingMotionsVolume1/Animator/Player.controller
  artifactKey: Guid(479ca087741db7a479e6a1197831d572) Importer(815301076,1909f56bfc062723c751e8b465ee728b)
Start importing Assets/FightingMotionsVolume1/Animator/Player.controller using Guid(479ca087741db7a479e6a1197831d572) Importer(815301076,1909f56bfc062723c751e8b465ee728b)  -> (artifact id: '907da1ef07b4896b84870852ad373811') in 0.015818 seconds 
  Import took 0.018252 seconds .

========================================================================
Received Prepare
Registering precompiled user dll's ...
Registered in 0.003498 seconds.
Begin MonoManager ReloadAssembly
Native extension for WindowsStandalone target not found
Refreshing native plugins compatible for Editor in 0.45 ms, found 2 plugins.
Preloading 0 native plugins for Editor in 0.00 ms.
Mono: successfully reloaded assembly
- Completed reload, in  0.913 seconds
Domain Reload Profiling:
	ReloadAssembly (913ms)
		BeginReloadAssembly (126ms)
			ExecutionOrderSort (0ms)
			DisableScriptedObjects (5ms)
			BackupInstance (0ms)
			ReleaseScriptingObjects (0ms)
			CreateAndSetChildDomain (56ms)
		EndReloadAssembly (728ms)
			LoadAssemblies (82ms)
			RebuildTransferFunctionScriptingTraits (0ms)
			SetupTypeCache (252ms)
			ReleaseScriptCaches (1ms)
			RebuildScriptCaches (35ms)
			SetupLoadedEditorAssemblies (270ms)
				LogAssemblyErrors (0ms)
				InitializePlatformSupportModulesInManaged (4ms)
				SetLoadedEditorAssemblies (0ms)
				RefreshPlugins (0ms)
				BeforeProcessingInitializeOnLoad (65ms)
				ProcessInitializeOnLoadAttributes (187ms)
				ProcessInitializeOnLoadMethodAttributes (8ms)
				AfterProcessingInitializeOnLoad (5ms)
				EditorAssembliesLoaded (0ms)
			ExecutionOrderSort2 (0ms)
			AwakeInstancesAfterBackupRestoration (6ms)
Platform modules already initialized, skipping
Refreshing native plugins compatible for Editor in 0.38 ms, found 2 plugins.
Preloading 0 native plugins for Editor in 0.00 ms.
Unloading 1509 Unused Serialized files (Serialized files now loaded: 0)
System memory in use before: 94.1 MB.
System memory in use after: 92.9 MB.

Unloading 18 unused Assets to reduce memory usage. Loaded Objects now: 2010.
Total: 3.739400 ms (FindLiveObjects: 0.176100 ms CreateObjectMapping: 0.045800 ms MarkObjects: 2.615700 ms  DeleteObjects: 0.900900 ms)

AssetImportParameters requested are different than current active one (requested -> active):
  custom:framework-win-MediaFoundation: 216162199b28c13a410421893ffa2e32 -> 
  custom:video-decoder-ogg-theora: a1e56fd34408186e4bbccfd4996cb3dc -> 
  custom:container-muxer-webm: aa71ff27fc2769a1b78a27578f13a17b -> 
  custom:container-demuxer-webm: 4f35f7cbe854078d1ac9338744f61a02 -> 
  custom:container-demuxer-ogg: 62fdf1f143b41e24485cea50d1cbac27 -> 
  custom:video-encoder-webm-vp8: eb34c28f22e8b96e1ab97ce403110664 -> 
  custom:video-decoder-webm-vp8: 9c59270c3fd7afecdb556c50c9e8de78 -> 
  custom:audio-decoder-ogg-vorbis: bf7c407c2cedff20999df2af8eb42d56 -> 
  custom:audio-encoder-webm-vorbis: bf7c407c2cedff20999df2af8eb42d56 -> 
========================================================================
Received Import Request.
  Time since last request: 130.403151 seconds.
  path: Assets/unity-chan!/Unity-chan! Model/Art
  artifactKey: Guid(defce7c728fb01d49a7a7e9205dbde77) Importer(815301076,1909f56bfc062723c751e8b465ee728b)
Start importing Assets/unity-chan!/Unity-chan! Model/Art using Guid(defce7c728fb01d49a7a7e9205dbde77) Importer(815301076,1909f56bfc062723c751e8b465ee728b)  -> (artifact id: '4aca67682a69ff282d45018f8ab601fd') in 0.018242 seconds 
  Import took 0.021285 seconds .

========================================================================
Received Import Request.
  Time since last request: 1.298707 seconds.
  path: Assets/unity-chan!/Unity-chan! Model/Art/Models
  artifactKey: Guid(0651926009c11fa4b939d33f086c4028) Importer(815301076,1909f56bfc062723c751e8b465ee728b)
Start importing Assets/unity-chan!/Unity-chan! Model/Art/Models using Guid(0651926009c11fa4b939d33f086c4028) Importer(815301076,1909f56bfc062723c751e8b465ee728b)  -> (artifact id: 'e81ab3adb86631fdce5a76506127f157') in 0.007586 seconds 
  Import took 0.010974 seconds .

========================================================================
Received Prepare
Registering precompiled user dll's ...
Registered in 0.003802 seconds.
Begin MonoManager ReloadAssembly
Native extension for WindowsStandalone target not found
Refreshing native plugins compatible for Editor in 0.49 ms, found 2 plugins.
Preloading 0 native plugins for Editor in 0.00 ms.
Mono: successfully reloaded assembly
- Completed reload, in  0.896 seconds
Domain Reload Profiling:
	ReloadAssembly (897ms)
		BeginReloadAssembly (97ms)
			ExecutionOrderSort (0ms)
			DisableScriptedObjects (4ms)
			BackupInstance (0ms)
			ReleaseScriptingObjects (0ms)
			CreateAndSetChildDomain (31ms)
		EndReloadAssembly (741ms)
			LoadAssemblies (78ms)
			RebuildTransferFunctionScriptingTraits (0ms)
			SetupTypeCache (260ms)
			ReleaseScriptCaches (1ms)
			RebuildScriptCaches (36ms)
			SetupLoadedEditorAssemblies (266ms)
				LogAssemblyErrors (0ms)
				InitializePlatformSupportModulesInManaged (4ms)
				SetLoadedEditorAssemblies (1ms)
				RefreshPlugins (1ms)
				BeforeProcessingInitializeOnLoad (69ms)
				ProcessInitializeOnLoadAttributes (178ms)
				ProcessInitializeOnLoadMethodAttributes (8ms)
				AfterProcessingInitializeOnLoad (4ms)
				EditorAssembliesLoaded (0ms)
			ExecutionOrderSort2 (0ms)
			AwakeInstancesAfterBackupRestoration (6ms)
Platform modules already initialized, skipping
Refreshing native plugins compatible for Editor in 0.37 ms, found 2 plugins.
Preloading 0 native plugins for Editor in 0.00 ms.
Unloading 1509 Unused Serialized files (Serialized files now loaded: 0)
System memory in use before: 94.1 MB.
System memory in use after: 93.0 MB.

Unloading 18 unused Assets to reduce memory usage. Loaded Objects now: 2012.
Total: 3.502700 ms (FindLiveObjects: 0.145600 ms CreateObjectMapping: 0.044800 ms MarkObjects: 2.302100 ms  DeleteObjects: 1.009300 ms)

AssetImportParameters requested are different than current active one (requested -> active):
  custom:framework-win-MediaFoundation: 216162199b28c13a410421893ffa2e32 -> 
  custom:video-decoder-ogg-theora: a1e56fd34408186e4bbccfd4996cb3dc -> 
  custom:container-muxer-webm: aa71ff27fc2769a1b78a27578f13a17b -> 
  custom:container-demuxer-webm: 4f35f7cbe854078d1ac9338744f61a02 -> 
  custom:container-demuxer-ogg: 62fdf1f143b41e24485cea50d1cbac27 -> 
  custom:video-encoder-webm-vp8: eb34c28f22e8b96e1ab97ce403110664 -> 
  custom:video-decoder-webm-vp8: 9c59270c3fd7afecdb556c50c9e8de78 -> 
  custom:audio-decoder-ogg-vorbis: bf7c407c2cedff20999df2af8eb42d56 -> 
  custom:audio-encoder-webm-vorbis: bf7c407c2cedff20999df2af8eb42d56 -> 
========================================================================
Received Import Request.
  Time since last request: 1822.945414 seconds.
  path: Assets/Anim.cs
  artifactKey: Guid(5bb0597d802cc8b4faae4f1dff418d3d) Importer(815301076,1909f56bfc062723c751e8b465ee728b)
Start importing Assets/Anim.cs using Guid(5bb0597d802cc8b4faae4f1dff418d3d) Importer(815301076,1909f56bfc062723c751e8b465ee728b)  -> (artifact id: 'e77842dfb3840fd669ceccdf652b3bfb') in 0.046282 seconds 
  Import took 0.053153 seconds .

========================================================================
Received Prepare
Registering precompiled user dll's ...
Registered in 0.003490 seconds.
Begin MonoManager ReloadAssembly
Native extension for WindowsStandalone target not found
Refreshing native plugins compatible for Editor in 0.38 ms, found 2 plugins.
Preloading 0 native plugins for Editor in 0.00 ms.
Mono: successfully reloaded assembly
- Completed reload, in  1.007 seconds
Domain Reload Profiling:
	ReloadAssembly (1007ms)
		BeginReloadAssembly (126ms)
			ExecutionOrderSort (0ms)
			DisableScriptedObjects (5ms)
			BackupInstance (0ms)
			ReleaseScriptingObjects (0ms)
			CreateAndSetChildDomain (31ms)
		EndReloadAssembly (818ms)
			LoadAssemblies (97ms)
			RebuildTransferFunctionScriptingTraits (0ms)
			SetupTypeCache (294ms)
			ReleaseScriptCaches (1ms)
			RebuildScriptCaches (37ms)
			SetupLoadedEditorAssemblies (292ms)
				LogAssemblyErrors (0ms)
				InitializePlatformSupportModulesInManaged (4ms)
				SetLoadedEditorAssemblies (1ms)
				RefreshPlugins (0ms)
				BeforeProcessingInitializeOnLoad (87ms)
				ProcessInitializeOnLoadAttributes (186ms)
				ProcessInitializeOnLoadMethodAttributes (9ms)
				AfterProcessingInitializeOnLoad (5ms)
				EditorAssembliesLoaded (0ms)
			ExecutionOrderSort2 (0ms)
			AwakeInstancesAfterBackupRestoration (7ms)
Platform modules already initialized, skipping
Refreshing native plugins compatible for Editor in 0.40 ms, found 2 plugins.
Preloading 0 native plugins for Editor in 0.00 ms.
Unloading 1510 Unused Serialized files (Serialized files now loaded: 0)
System memory in use before: 94.1 MB.
System memory in use after: 93.0 MB.

Unloading 18 unused Assets to reduce memory usage. Loaded Objects now: 2015.
Total: 3.487400 ms (FindLiveObjects: 0.158000 ms CreateObjectMapping: 0.051200 ms MarkObjects: 2.314800 ms  DeleteObjects: 0.962300 ms)

AssetImportParameters requested are different than current active one (requested -> active):
  custom:framework-win-MediaFoundation: 216162199b28c13a410421893ffa2e32 -> 
  custom:video-decoder-ogg-theora: a1e56fd34408186e4bbccfd4996cb3dc -> 
  custom:container-muxer-webm: aa71ff27fc2769a1b78a27578f13a17b -> 
  custom:container-demuxer-webm: 4f35f7cbe854078d1ac9338744f61a02 -> 
  custom:container-demuxer-ogg: 62fdf1f143b41e24485cea50d1cbac27 -> 
  custom:video-encoder-webm-vp8: eb34c28f22e8b96e1ab97ce403110664 -> 
  custom:video-decoder-webm-vp8: 9c59270c3fd7afecdb556c50c9e8de78 -> 
  custom:audio-decoder-ogg-vorbis: bf7c407c2cedff20999df2af8eb42d56 -> 
  custom:audio-encoder-webm-vorbis: bf7c407c2cedff20999df2af8eb42d56 -> 
========================================================================
Received Import Request.
  Time since last request: 152.281044 seconds.
  path: Assets/Anim.cs
  artifactKey: Guid(5bb0597d802cc8b4faae4f1dff418d3d) Importer(815301076,1909f56bfc062723c751e8b465ee728b)
Start importing Assets/Anim.cs using Guid(5bb0597d802cc8b4faae4f1dff418d3d) Importer(815301076,1909f56bfc062723c751e8b465ee728b)  -> (artifact id: '4a2aa5235cd966e34bd0438cae2ad841') in 0.006410 seconds 
  Import took 0.010145 seconds .

========================================================================
Received Import Request.
  Time since last request: 40.864546 seconds.
  path: Assets/Anim.cs
  artifactKey: Guid(5bb0597d802cc8b4faae4f1dff418d3d) Importer(815301076,1909f56bfc062723c751e8b465ee728b)
Start importing Assets/Anim.cs using Guid(5bb0597d802cc8b4faae4f1dff418d3d) Importer(815301076,1909f56bfc062723c751e8b465ee728b)  -> (artifact id: '7bccd8993741800fbeb195a562f9ac3f') in 0.003296 seconds 
  Import took 0.009440 seconds .

========================================================================
Received Prepare
Registering precompiled user dll's ...
Registered in 0.005412 seconds.
Begin MonoManager ReloadAssembly
Native extension for WindowsStandalone target not found
Refreshing native plugins compatible for Editor in 0.41 ms, found 2 plugins.
Preloading 0 native plugins for Editor in 0.00 ms.
Mono: successfully reloaded assembly
- Completed reload, in  1.007 seconds
Domain Reload Profiling:
	ReloadAssembly (1008ms)
		BeginReloadAssembly (114ms)
			ExecutionOrderSort (0ms)
			DisableScriptedObjects (5ms)
			BackupInstance (0ms)
			ReleaseScriptingObjects (0ms)
			CreateAndSetChildDomain (28ms)
		EndReloadAssembly (824ms)
			LoadAssemblies (84ms)
			RebuildTransferFunctionScriptingTraits (0ms)
			SetupTypeCache (311ms)
			ReleaseScriptCaches (1ms)
			RebuildScriptCaches (39ms)
			SetupLoadedEditorAssemblies (277ms)
				LogAssemblyErrors (0ms)
				InitializePlatformSupportModulesInManaged (6ms)
				SetLoadedEditorAssemblies (1ms)
				RefreshPlugins (0ms)
				BeforeProcessingInitializeOnLoad (71ms)
				ProcessInitializeOnLoadAttributes (185ms)
				ProcessInitializeOnLoadMethodAttributes (9ms)
				AfterProcessingInitializeOnLoad (5ms)
				EditorAssembliesLoaded (1ms)
			ExecutionOrderSort2 (0ms)
			AwakeInstancesAfterBackupRestoration (7ms)
Platform modules already initialized, skipping
Refreshing native plugins compatible for Editor in 0.37 ms, found 2 plugins.
Preloading 0 native plugins for Editor in 0.00 ms.
Unloading 1510 Unused Serialized files (Serialized files now loaded: 0)
System memory in use before: 94.1 MB.
System memory in use after: 93.0 MB.

Unloading 18 unused Assets to reduce memory usage. Loaded Objects now: 2017.
Total: 3.463400 ms (FindLiveObjects: 0.142200 ms CreateObjectMapping: 0.046400 ms MarkObjects: 2.245600 ms  DeleteObjects: 1.028300 ms)

AssetImportParameters requested are different than current active one (requested -> active):
  custom:framework-win-MediaFoundation: 216162199b28c13a410421893ffa2e32 -> 
  custom:video-decoder-ogg-theora: a1e56fd34408186e4bbccfd4996cb3dc -> 
  custom:container-muxer-webm: aa71ff27fc2769a1b78a27578f13a17b -> 
  custom:container-demuxer-webm: 4f35f7cbe854078d1ac9338744f61a02 -> 
  custom:container-demuxer-ogg: 62fdf1f143b41e24485cea50d1cbac27 -> 
  custom:video-encoder-webm-vp8: eb34c28f22e8b96e1ab97ce403110664 -> 
  custom:video-decoder-webm-vp8: 9c59270c3fd7afecdb556c50c9e8de78 -> 
  custom:audio-decoder-ogg-vorbis: bf7c407c2cedff20999df2af8eb42d56 -> 
  custom:audio-encoder-webm-vorbis: bf7c407c2cedff20999df2af8eb42d56 -> 
AssetImportWorkerClient::OnTransportError - code=2 error=End of file
