Using pre-set license
Built from '2020.3/staging' branch; Version is '2020.3.23f1 (c5d91304a876) revision 12966163'; Using compiler version '192528614'; Build Type 'Release'
OS: 'Windows 10 Pro; OS build 19042.1415; Version 2009; 64bit' Language: 'ko' Physical Memory: 16350 MB
BatchMode: 1, IsHumanControllingUs: 0, StartBugReporterOnCrash: 0, Is64bit: 1, IsPro: 0

COMMAND LINE ARGUMENTS:
C:\Program Files\Unity\Hub\Editor\2020.3.23f1\Editor\Unity.exe
-adb2
-batchMode
-noUpm
-name
AssetImportWorker0
-projectPath
D:/Github/Scrolldnjswhd/HotLine
-logFile
Logs/AssetImportWorker0.log
-srvPort
50471
Successfully changed project path to: D:/Github/Scrolldnjswhd/HotLine
D:/Github/Scrolldnjswhd/HotLine
Using Asset Import Pipeline V2.
Refreshing native plugins compatible for Editor in 86.87 ms, found 2 plugins.
Preloading 0 native plugins for Editor in 0.00 ms.
Initialize engine version: 2020.3.23f1 (c5d91304a876)
[Subsystems] Discovering subsystems at path C:/Program Files/Unity/Hub/Editor/2020.3.23f1/Editor/Data/Resources/UnitySubsystems
[Subsystems] Discovering subsystems at path D:/Github/Scrolldnjswhd/HotLine/Assets
GfxDevice: creating device client; threaded=0
Direct3D:
    Version:  Direct3D 11.0 [level 11.1]
    Renderer: NVIDIA GeForce GTX 1050 Ti (ID=0x1c82)
    Vendor:   
    VRAM:     4018 MB
    Driver:   30.0.14.7196
Initialize mono
Mono path[0] = 'C:/Program Files/Unity/Hub/Editor/2020.3.23f1/Editor/Data/Managed'
Mono path[1] = 'C:/Program Files/Unity/Hub/Editor/2020.3.23f1/Editor/Data/MonoBleedingEdge/lib/mono/unityjit'
Mono config path = 'C:/Program Files/Unity/Hub/Editor/2020.3.23f1/Editor/Data/MonoBleedingEdge/etc'
Using monoOptions --debugger-agent=transport=dt_socket,embedding=1,server=y,suspend=n,address=127.0.0.1:56700
Begin MonoManager ReloadAssembly
Registering precompiled unity dll's ...
Register platform support module: C:/Program Files/Unity/Hub/Editor/2020.3.23f1/Editor/Data/PlaybackEngines/WindowsStandaloneSupport/UnityEditor.WindowsStandalone.Extensions.dll
Registered in 0.005853 seconds.
Native extension for WindowsStandalone target not found
Refreshing native plugins compatible for Editor in 83.43 ms, found 2 plugins.
Preloading 0 native plugins for Editor in 0.00 ms.
Mono: successfully reloaded assembly
- Completed reload, in  1.260 seconds
Domain Reload Profiling:
	ReloadAssembly (1260ms)
		BeginReloadAssembly (141ms)
			ExecutionOrderSort (0ms)
			DisableScriptedObjects (0ms)
			BackupInstance (0ms)
			ReleaseScriptingObjects (0ms)
			CreateAndSetChildDomain (2ms)
		EndReloadAssembly (953ms)
			LoadAssemblies (132ms)
			RebuildTransferFunctionScriptingTraits (0ms)
			SetupTypeCache (299ms)
			ReleaseScriptCaches (0ms)
			RebuildScriptCaches (59ms)
			SetupLoadedEditorAssemblies (363ms)
				LogAssemblyErrors (0ms)
				InitializePlatformSupportModulesInManaged (10ms)
				SetLoadedEditorAssemblies (0ms)
				RefreshPlugins (84ms)
				BeforeProcessingInitializeOnLoad (37ms)
				ProcessInitializeOnLoadAttributes (171ms)
				ProcessInitializeOnLoadMethodAttributes (61ms)
				AfterProcessingInitializeOnLoad (0ms)
				EditorAssembliesLoaded (0ms)
			ExecutionOrderSort2 (0ms)
			AwakeInstancesAfterBackupRestoration (0ms)
Platform modules already initialized, skipping
Registering precompiled user dll's ...
Registered in 0.013050 seconds.
Begin MonoManager ReloadAssembly
Native extension for WindowsStandalone target not found
Refreshing native plugins compatible for Editor in 0.81 ms, found 2 plugins.
Preloading 0 native plugins for Editor in 0.00 ms.
Mono: successfully reloaded assembly
- Completed reload, in  2.152 seconds
Domain Reload Profiling:
	ReloadAssembly (2154ms)
		BeginReloadAssembly (312ms)
			ExecutionOrderSort (0ms)
			DisableScriptedObjects (12ms)
			BackupInstance (0ms)
			ReleaseScriptingObjects (0ms)
			CreateAndSetChildDomain (32ms)
		EndReloadAssembly (1699ms)
			LoadAssemblies (200ms)
			RebuildTransferFunctionScriptingTraits (0ms)
			SetupTypeCache (582ms)
			ReleaseScriptCaches (1ms)
			RebuildScriptCaches (83ms)
			SetupLoadedEditorAssemblies (666ms)
				LogAssemblyErrors (0ms)
				InitializePlatformSupportModulesInManaged (11ms)
				SetLoadedEditorAssemblies (1ms)
				RefreshPlugins (1ms)
				BeforeProcessingInitializeOnLoad (169ms)
				ProcessInitializeOnLoadAttributes (431ms)
				ProcessInitializeOnLoadMethodAttributes (32ms)
				AfterProcessingInitializeOnLoad (20ms)
				EditorAssembliesLoaded (1ms)
			ExecutionOrderSort2 (0ms)
			AwakeInstancesAfterBackupRestoration (16ms)
Platform modules already initialized, skipping
========================================================================
Worker process is ready to serve import requests
Launched and connected shader compiler UnityShaderCompiler.exe after 0.17 seconds
Refreshing native plugins compatible for Editor in 1.39 ms, found 2 plugins.
Preloading 0 native plugins for Editor in 0.00 ms.
Unloading 1632 Unused Serialized files (Serialized files now loaded: 0)
System memory in use before: 77.6 MB.
System memory in use after: 77.6 MB.

Unloading 23 unused Assets to reduce memory usage. Loaded Objects now: 2071.
Total: 6.577023 ms (FindLiveObjects: 0.585689 ms CreateObjectMapping: 0.438533 ms MarkObjects: 5.425201 ms  DeleteObjects: 0.120756 ms)

AssetImportParameters requested are different than current active one (requested -> active):
  custom:framework-win-MediaFoundation: 216162199b28c13a410421893ffa2e32 -> 
  custom:video-decoder-ogg-theora: a1e56fd34408186e4bbccfd4996cb3dc -> 
  custom:container-muxer-webm: aa71ff27fc2769a1b78a27578f13a17b -> 
  custom:container-demuxer-webm: 4f35f7cbe854078d1ac9338744f61a02 -> 
  custom:container-demuxer-ogg: 62fdf1f143b41e24485cea50d1cbac27 -> 
  custom:video-encoder-webm-vp8: eb34c28f22e8b96e1ab97ce403110664 -> 
  custom:video-decoder-webm-vp8: 9c59270c3fd7afecdb556c50c9e8de78 -> 
  custom:audio-decoder-ogg-vorbis: bf7c407c2cedff20999df2af8eb42d56 -> 
  custom:audio-encoder-webm-vorbis: bf7c407c2cedff20999df2af8eb42d56 -> 
========================================================================
Received Import Request.
  path: Assets/Resources/Animation/Enemy/Mafia/ClubTop/ClubAttack.anim
  artifactKey: Guid(b4eda78a0662f2d42bb4bbd86b77d820) Importer(815301076,1909f56bfc062723c751e8b465ee728b)
Start importing Assets/Resources/Animation/Enemy/Mafia/ClubTop/ClubAttack.anim using Guid(b4eda78a0662f2d42bb4bbd86b77d820) Importer(815301076,1909f56bfc062723c751e8b465ee728b)  -> (artifact id: '47952d83cd208373c73cc8254ff7e813') in 0.110996 seconds 
  Import took 0.115902 seconds .

========================================================================
Received Import Request.
  Time since last request: 0.000457 seconds.
  path: Assets/Resources/Animation/Enemy/Mafia/MafiaTop.controller
  artifactKey: Guid(4dde24b981066f24f9df25d3342dcd81) Importer(815301076,1909f56bfc062723c751e8b465ee728b)
Start importing Assets/Resources/Animation/Enemy/Mafia/MafiaTop.controller using Guid(4dde24b981066f24f9df25d3342dcd81) Importer(815301076,1909f56bfc062723c751e8b465ee728b)  -> (artifact id: '8f7a6ae010fa051315b087fbc338e935') in 0.072855 seconds 
  Import took 0.077705 seconds .

========================================================================
Received Prepare
Refreshing native plugins compatible for Editor in 5.61 ms, found 2 plugins.
Preloading 0 native plugins for Editor in 0.00 ms.
Unloading 12 Unused Serialized files (Serialized files now loaded: 0)
System memory in use before: 44.3 MB.
System memory in use after: 44.4 MB.

Unloading 12 unused Assets to reduce memory usage. Loaded Objects now: 2071.
Total: 4.803334 ms (FindLiveObjects: 0.327556 ms CreateObjectMapping: 0.091911 ms MarkObjects: 4.357467 ms  DeleteObjects: 0.021022 ms)

AssetImportParameters requested are different than current active one (requested -> active):
  custom:framework-win-MediaFoundation: 216162199b28c13a410421893ffa2e32 -> 
  custom:video-decoder-ogg-theora: a1e56fd34408186e4bbccfd4996cb3dc -> 
  custom:container-muxer-webm: aa71ff27fc2769a1b78a27578f13a17b -> 
  custom:container-demuxer-webm: 4f35f7cbe854078d1ac9338744f61a02 -> 
  custom:container-demuxer-ogg: 62fdf1f143b41e24485cea50d1cbac27 -> 
  custom:video-encoder-webm-vp8: eb34c28f22e8b96e1ab97ce403110664 -> 
  custom:video-decoder-webm-vp8: 9c59270c3fd7afecdb556c50c9e8de78 -> 
  custom:audio-decoder-ogg-vorbis: bf7c407c2cedff20999df2af8eb42d56 -> 
  custom:audio-encoder-webm-vorbis: bf7c407c2cedff20999df2af8eb42d56 -> 
========================================================================
Received Import Request.
  Time since last request: 18.619573 seconds.
  path: Assets/Resources/Script/Enemy
  artifactKey: Guid(71faaab531b42d8448305ece8bfce094) Importer(815301076,1909f56bfc062723c751e8b465ee728b)
Start importing Assets/Resources/Script/Enemy using Guid(71faaab531b42d8448305ece8bfce094) Importer(815301076,1909f56bfc062723c751e8b465ee728b)  -> (artifact id: '13d993f05f0e2d688bbfb5620d991dcc') in 0.044958 seconds 
  Import took 0.049630 seconds .

========================================================================
Received Import Request.
  Time since last request: 1.530122 seconds.
  path: Assets/Resources/Script/Enemy/MafiaMovement
  artifactKey: Guid(192fcd227a8190247880b460930dc122) Importer(815301076,1909f56bfc062723c751e8b465ee728b)
Start importing Assets/Resources/Script/Enemy/MafiaMovement using Guid(192fcd227a8190247880b460930dc122) Importer(815301076,1909f56bfc062723c751e8b465ee728b)  -> (artifact id: 'fc3866a0659a07deb0336c1d54f6d80a') in 0.043696 seconds 
  Import took 0.048485 seconds .

========================================================================
Received Import Request.
  Time since last request: 2.836379 seconds.
  path: Assets/Resources/Script/Enemy/MafiaMovement/MafiaMoveTest.cs
  artifactKey: Guid(d8ce5b8e01352b5468a31f4a7bbacdb2) Importer(815301076,1909f56bfc062723c751e8b465ee728b)
Start importing Assets/Resources/Script/Enemy/MafiaMovement/MafiaMoveTest.cs using Guid(d8ce5b8e01352b5468a31f4a7bbacdb2) Importer(815301076,1909f56bfc062723c751e8b465ee728b)  -> (artifact id: '8dadab88aec18d405210fa61e81db631') in 0.070115 seconds 
  Import took 0.076994 seconds .

========================================================================
Received Import Request.
  Time since last request: 194.910465 seconds.
  path: Assets/HLM1 sprite files/Weapons/sprBGSword.png
  artifactKey: Guid(0f702cf1dc0f05e4dacd83eb30a0048a) Importer(815301076,1909f56bfc062723c751e8b465ee728b)
Start importing Assets/HLM1 sprite files/Weapons/sprBGSword.png using Guid(0f702cf1dc0f05e4dacd83eb30a0048a) Importer(815301076,1909f56bfc062723c751e8b465ee728b)  -> (artifact id: '2c17825bd52f725aa3adc22f111e1319') in 0.349255 seconds 
  Import took 0.354171 seconds .

========================================================================
Received Import Request.
  Time since last request: 0.000347 seconds.
  path: Assets/HLM1 sprite files/Weapons/sprBriefcase.png
  artifactKey: Guid(6054fa53b39458e4cb4801755e118bb1) Importer(815301076,1909f56bfc062723c751e8b465ee728b)
Start importing Assets/HLM1 sprite files/Weapons/sprBriefcase.png using Guid(6054fa53b39458e4cb4801755e118bb1) Importer(815301076,1909f56bfc062723c751e8b465ee728b)  -> (artifact id: '6d9cf4b3991d73f7c9d6f4d9a9de4160') in 0.107329 seconds 
  Import took 0.111585 seconds .

========================================================================
Received Import Request.
  Time since last request: 0.000465 seconds.
  path: Assets/HLM1 sprite files/Weapons/sprTrophy.png
  artifactKey: Guid(d055832bb405ca64cb23418b08df6137) Importer(815301076,1909f56bfc062723c751e8b465ee728b)
Start importing Assets/HLM1 sprite files/Weapons/sprTrophy.png using Guid(d055832bb405ca64cb23418b08df6137) Importer(815301076,1909f56bfc062723c751e8b465ee728b)  -> (artifact id: '1ccf14a8d1e04a5a4fb4aaa41b45280c') in 0.084738 seconds 
  Import took 0.088783 seconds .

========================================================================
Received Import Request.
  Time since last request: 0.000448 seconds.
  path: Assets/HLM1 sprite files/Weapons/sprite1413.png
  artifactKey: Guid(d1e11a0c5a42e964dbc02c3b48bc6ebb) Importer(815301076,1909f56bfc062723c751e8b465ee728b)
Start importing Assets/HLM1 sprite files/Weapons/sprite1413.png using Guid(d1e11a0c5a42e964dbc02c3b48bc6ebb) Importer(815301076,1909f56bfc062723c751e8b465ee728b)  -> (artifact id: '436541bb397fecdf3d5c0a1fc73e0c2f') in 0.180190 seconds 
  Import took 0.184552 seconds .

========================================================================
Received Import Request.
  Time since last request: 0.000428 seconds.
  path: Assets/HLM1 sprite files/Skyline/sprPalmTrees_strip8.png
  artifactKey: Guid(4bde2482ad5733a4f898692d92fa84c1) Importer(815301076,1909f56bfc062723c751e8b465ee728b)
Start importing Assets/HLM1 sprite files/Skyline/sprPalmTrees_strip8.png using Guid(4bde2482ad5733a4f898692d92fa84c1) Importer(815301076,1909f56bfc062723c751e8b465ee728b)  -> (artifact id: '0d85a97b9e88bd4b8d2917a366156d01') in 0.077203 seconds 
  Import took 0.081738 seconds .

========================================================================
Received Import Request.
  Time since last request: 0.000433 seconds.
  path: Assets/HLM1 sprite files/Weapons/sprNinjaKnife.png
  artifactKey: Guid(7b23129fdcb522840959687ca7ecfdcf) Importer(815301076,1909f56bfc062723c751e8b465ee728b)
Start importing Assets/HLM1 sprite files/Weapons/sprNinjaKnife.png using Guid(7b23129fdcb522840959687ca7ecfdcf) Importer(815301076,1909f56bfc062723c751e8b465ee728b)  -> (artifact id: '5d953a91b1e42be2f50cb9a8b56cc704') in 0.093131 seconds 
  Import took 0.097728 seconds .

========================================================================
Received Import Request.
  Time since last request: 0.000335 seconds.
  path: Assets/HLM1 sprite files/Weapons/sprCleaver.png
  artifactKey: Guid(0f7b8ec8de87e8a4a84022327526a8a0) Importer(815301076,1909f56bfc062723c751e8b465ee728b)
Start importing Assets/HLM1 sprite files/Weapons/sprCleaver.png using Guid(0f7b8ec8de87e8a4a84022327526a8a0) Importer(815301076,1909f56bfc062723c751e8b465ee728b)  -> (artifact id: '4ec81903ccae01be7af2e7a4f103ba75') in 0.088577 seconds 
  Import took 0.093007 seconds .

========================================================================
Received Import Request.
  Time since last request: 0.000435 seconds.
  path: Assets/HLM1 sprite files/Skyline/sprHouseSilhouettes_strip3.png
  artifactKey: Guid(ffd16ab76143c00408f1de3d522b4397) Importer(815301076,1909f56bfc062723c751e8b465ee728b)
Start importing Assets/HLM1 sprite files/Skyline/sprHouseSilhouettes_strip3.png using Guid(ffd16ab76143c00408f1de3d522b4397) Importer(815301076,1909f56bfc062723c751e8b465ee728b)  -> (artifact id: '1086d40ce4580fd181dc2e0aecd203b6') in 0.060444 seconds 
  Import took 0.064706 seconds .

========================================================================
Received Import Request.
  Time since last request: 0.000431 seconds.
  path: Assets/HLM1 sprite files/Weapons/sprBottleFlames_strip5.png
  artifactKey: Guid(bd76d7261650fb9468f2354fbb7b0073) Importer(815301076,1909f56bfc062723c751e8b465ee728b)
Start importing Assets/HLM1 sprite files/Weapons/sprBottleFlames_strip5.png using Guid(bd76d7261650fb9468f2354fbb7b0073) Importer(815301076,1909f56bfc062723c751e8b465ee728b)  -> (artifact id: 'b43b50138d0a55b6475cf84e7f38ee58') in 0.060307 seconds 
  Import took 0.064680 seconds .

========================================================================
Received Import Request.
  Time since last request: 0.000360 seconds.
  path: Assets/HLM1 sprite files/Weapons/sprBottleExplodeFlame_strip9.png
  artifactKey: Guid(5e3db3cf7371ad645b1e0caf7ead9f2d) Importer(815301076,1909f56bfc062723c751e8b465ee728b)
Start importing Assets/HLM1 sprite files/Weapons/sprBottleExplodeFlame_strip9.png using Guid(5e3db3cf7371ad645b1e0caf7ead9f2d) Importer(815301076,1909f56bfc062723c751e8b465ee728b)  -> (artifact id: '3f6cbfe12846b1970c230741f48f1fb6') in 0.076555 seconds 
  Import took 0.081039 seconds .

========================================================================
Received Import Request.
  Time since last request: 0.000473 seconds.
  path: Assets/HLM1 sprite files/Weapons/sprCleaverDrop.png
  artifactKey: Guid(523d46c5913fcc6488f515486bed2d3c) Importer(815301076,1909f56bfc062723c751e8b465ee728b)
Start importing Assets/HLM1 sprite files/Weapons/sprCleaverDrop.png using Guid(523d46c5913fcc6488f515486bed2d3c) Importer(815301076,1909f56bfc062723c751e8b465ee728b)  -> (artifact id: '9e2df56b27efd9d3a05342f1aa7129da') in 0.094405 seconds 
  Import took 0.098798 seconds .

========================================================================
Received Import Request.
  Time since last request: 0.000349 seconds.
  path: Assets/HLM1 sprite files/Skyline/sprHouses_strip6.png
  artifactKey: Guid(6bf9239f94dc8e54abe926d46d225468) Importer(815301076,1909f56bfc062723c751e8b465ee728b)
Start importing Assets/HLM1 sprite files/Skyline/sprHouses_strip6.png using Guid(6bf9239f94dc8e54abe926d46d225468) Importer(815301076,1909f56bfc062723c751e8b465ee728b)  -> (artifact id: '4344bd034e965b09632674e568c30d85') in 0.133846 seconds 
  Import took 0.138500 seconds .

========================================================================
Received Import Request.
  Time since last request: 0.000323 seconds.
  path: Assets/HLM1 sprite files/Weapons/sprThrowWeapons_strip8.png
  artifactKey: Guid(679c03925fd84414bb93d78ed56ac34e) Importer(815301076,1909f56bfc062723c751e8b465ee728b)
Start importing Assets/HLM1 sprite files/Weapons/sprThrowWeapons_strip8.png using Guid(679c03925fd84414bb93d78ed56ac34e) Importer(815301076,1909f56bfc062723c751e8b465ee728b)  -> (artifact id: '46a33f515be710f2cfd28c9dd1d2869a') in 0.061059 seconds 
  Import took 0.065400 seconds .

========================================================================
Received Import Request.
  Time since last request: 0.000312 seconds.
  path: Assets/HLM1 sprite files/Skyline/sprHouse_strip10.png
  artifactKey: Guid(b1208fef1d5db4242821631746436729) Importer(815301076,1909f56bfc062723c751e8b465ee728b)
Start importing Assets/HLM1 sprite files/Skyline/sprHouse_strip10.png using Guid(b1208fef1d5db4242821631746436729) Importer(815301076,1909f56bfc062723c751e8b465ee728b)  -> (artifact id: '56ff5682fac703f3c8b062a622bf2433') in 0.103668 seconds 
  Import took 0.108128 seconds .

========================================================================
Received Import Request.
  Time since last request: 0.000467 seconds.
  path: Assets/HLM1 sprite files/Weapons/sprWeaponMask.png
  artifactKey: Guid(356f324e1b4df864b9919f518a7bb025) Importer(815301076,1909f56bfc062723c751e8b465ee728b)
Start importing Assets/HLM1 sprite files/Weapons/sprWeaponMask.png using Guid(356f324e1b4df864b9919f518a7bb025) Importer(815301076,1909f56bfc062723c751e8b465ee728b)  -> (artifact id: '73c99bcb0262768acec665c18ce1368c') in 0.102136 seconds 
  Import took 0.107440 seconds .

========================================================================
Received Import Request.
  Time since last request: 0.000396 seconds.
  path: Assets/HLM1 sprite files/Skyline/sprTitle_strip4.png
  artifactKey: Guid(2346ce336e2b9e543a65a8407e81b250) Importer(815301076,1909f56bfc062723c751e8b465ee728b)
Start importing Assets/HLM1 sprite files/Skyline/sprTitle_strip4.png using Guid(2346ce336e2b9e543a65a8407e81b250) Importer(815301076,1909f56bfc062723c751e8b465ee728b)  -> (artifact id: 'd770035880474fde0c5a42f2a210e8fb') in 0.172005 seconds 
  Import took 0.177208 seconds .

========================================================================
Received Import Request.
  Time since last request: 0.000407 seconds.
  path: Assets/HLM1 sprite files/Weapons/sprBikerKnife.png
  artifactKey: Guid(80d500c7cc5c1c4469cf0b28d001aab3) Importer(815301076,1909f56bfc062723c751e8b465ee728b)
Start importing Assets/HLM1 sprite files/Weapons/sprBikerKnife.png using Guid(80d500c7cc5c1c4469cf0b28d001aab3) Importer(815301076,1909f56bfc062723c751e8b465ee728b)  -> (artifact id: '8f630ff244c45b79a0b697b9c85cbe8b') in 0.306348 seconds 
  Import took 0.311133 seconds .

========================================================================
Received Import Request.
  Time since last request: 0.000555 seconds.
  path: Assets/HLM1 sprite files/Weapons/sprWeaponsTest_strip12.png
  artifactKey: Guid(051427e9df357b84983801c844d31097) Importer(815301076,1909f56bfc062723c751e8b465ee728b)
Start importing Assets/HLM1 sprite files/Weapons/sprWeaponsTest_strip12.png using Guid(051427e9df357b84983801c844d31097) Importer(815301076,1909f56bfc062723c751e8b465ee728b)  -> (artifact id: '1592ef4cac94440fabdd6b8c257ef7ac') in 0.120801 seconds 
  Import took 0.126196 seconds .

========================================================================
Received Import Request.
  Time since last request: 0.000351 seconds.
  path: Assets/HLM1 sprite files/Weapons/sprBigWeapons_strip23.png
  artifactKey: Guid(fc8a9de376a111541ba3f5ceaf22ff2d) Importer(815301076,1909f56bfc062723c751e8b465ee728b)
Start importing Assets/HLM1 sprite files/Weapons/sprBigWeapons_strip23.png using Guid(fc8a9de376a111541ba3f5ceaf22ff2d) Importer(815301076,1909f56bfc062723c751e8b465ee728b)  -> (artifact id: 'dd97d8cf7847a41412359a38c4089e97') in 0.165474 seconds 
  Import took 0.170108 seconds .

========================================================================
Received Import Request.
  Time since last request: 0.000376 seconds.
  path: Assets/HLM1 sprite files/Weapons/sprMolotov_strip4.png
  artifactKey: Guid(11a14df49326c964886bb8e5546ff45d) Importer(815301076,1909f56bfc062723c751e8b465ee728b)
Start importing Assets/HLM1 sprite files/Weapons/sprMolotov_strip4.png using Guid(11a14df49326c964886bb8e5546ff45d) Importer(815301076,1909f56bfc062723c751e8b465ee728b)  -> (artifact id: '50ba5ad59e4af92da862ee21dcd8552c') in 0.167830 seconds 
  Import took 0.172532 seconds .

========================================================================
Received Import Request.
  Time since last request: 0.000377 seconds.
  path: Assets/HLM1 sprite files/Weapons/sprWeapons_strip35.png
  artifactKey: Guid(31feaa3de1746b546805c3cb40dc8bca) Importer(815301076,1909f56bfc062723c751e8b465ee728b)
Start importing Assets/HLM1 sprite files/Weapons/sprWeapons_strip35.png using Guid(31feaa3de1746b546805c3cb40dc8bca) Importer(815301076,1909f56bfc062723c751e8b465ee728b)  -> (artifact id: '85b48d6da6abbdf03dea19658179c513') in 0.250539 seconds 
  Import took 0.256403 seconds .

========================================================================
Received Import Request.
  Time since last request: 0.000463 seconds.
  path: Assets/HLM1 sprite files/Skyline/sprWave_strip4.png
  artifactKey: Guid(c9a54681c83cb06499d8c849d6c416a3) Importer(815301076,1909f56bfc062723c751e8b465ee728b)
Start importing Assets/HLM1 sprite files/Skyline/sprWave_strip4.png using Guid(c9a54681c83cb06499d8c849d6c416a3) Importer(815301076,1909f56bfc062723c751e8b465ee728b)  -> (artifact id: 'e1da1638b8581be0dbe7a5708e180ccb') in 0.066820 seconds 
  Import took 0.072039 seconds .

========================================================================
Received Import Request.
  Time since last request: 0.000367 seconds.
  path: Assets/HLM1 sprite files/Weapons/sprBossgun.png
  artifactKey: Guid(7c5319fc309ea2240b917a57abe367e5) Importer(815301076,1909f56bfc062723c751e8b465ee728b)
Start importing Assets/HLM1 sprite files/Weapons/sprBossgun.png using Guid(7c5319fc309ea2240b917a57abe367e5) Importer(815301076,1909f56bfc062723c751e8b465ee728b)  -> (artifact id: '7e54aaf7905df6b1ba22ed13852fd223') in 0.222801 seconds 
  Import took 0.227496 seconds .

========================================================================
Received Import Request.
  Time since last request: 0.000320 seconds.
  path: Assets/HLM1 sprite files/Weapons/sprBreakingBottle_strip4.png
  artifactKey: Guid(18089cadedcb00a4fa886a6b228618f7) Importer(815301076,1909f56bfc062723c751e8b465ee728b)
Start importing Assets/HLM1 sprite files/Weapons/sprBreakingBottle_strip4.png using Guid(18089cadedcb00a4fa886a6b228618f7) Importer(815301076,1909f56bfc062723c751e8b465ee728b)  -> (artifact id: '2c17033fe49d1fb5e81b12d035448d25') in 0.067124 seconds 
  Import took 0.071368 seconds .

========================================================================
Received Import Request.
  Time since last request: 5.918066 seconds.
  path: Assets/HLM1 sprite files/Combat/sprAim_strip2.png
  artifactKey: Guid(75ff6830edd73c44da7559cf77318cde) Importer(815301076,1909f56bfc062723c751e8b465ee728b)
Start importing Assets/HLM1 sprite files/Combat/sprAim_strip2.png using Guid(75ff6830edd73c44da7559cf77318cde) Importer(815301076,1909f56bfc062723c751e8b465ee728b)  -> (artifact id: 'cd202a1cce9384680f3190e805492128') in 1.444174 seconds 
  Import took 1.449773 seconds .

========================================================================
Received Import Request.
  Time since last request: 0.000556 seconds.
  path: Assets/HLM1 sprite files/Combat/sprArrow_strip12.png
  artifactKey: Guid(52c53d021b810f84bad3e0cbb98e41b7) Importer(815301076,1909f56bfc062723c751e8b465ee728b)
Start importing Assets/HLM1 sprite files/Combat/sprArrow_strip12.png using Guid(52c53d021b810f84bad3e0cbb98e41b7) Importer(815301076,1909f56bfc062723c751e8b465ee728b)  -> (artifact id: 'b67f36e9de2de9ee2b7b6c23c25ab16e') in 0.096312 seconds 
  Import took 0.101867 seconds .

========================================================================
Received Import Request.
  Time since last request: 0.000393 seconds.
  path: Assets/HLM1 sprite files/Combat/sprCursorAction_strip2.png
  artifactKey: Guid(098aeb9f582e40244ad5fbbc8180c995) Importer(815301076,1909f56bfc062723c751e8b465ee728b)
Start importing Assets/HLM1 sprite files/Combat/sprCursorAction_strip2.png using Guid(098aeb9f582e40244ad5fbbc8180c995) Importer(815301076,1909f56bfc062723c751e8b465ee728b)  -> (artifact id: 'ee41db51560601880392308a6c24a0ab') in 0.187222 seconds 
  Import took 0.191720 seconds .

========================================================================
Received Import Request.
  Time since last request: 0.000387 seconds.
  path: Assets/HLM1 sprite files/Combat/sprBullet_strip4.png
  artifactKey: Guid(8a30e9c9faea01b4491e53f346d709b8) Importer(815301076,1909f56bfc062723c751e8b465ee728b)
Start importing Assets/HLM1 sprite files/Combat/sprBullet_strip4.png using Guid(8a30e9c9faea01b4491e53f346d709b8) Importer(815301076,1909f56bfc062723c751e8b465ee728b)  -> (artifact id: '05cfae6981b7fe21a167493415c418b6') in 0.118437 seconds 
  Import took 0.123129 seconds .

========================================================================
Received Import Request.
  Time since last request: 0.000336 seconds.
  path: Assets/HLM1 sprite files/Combat/sprMag.png
  artifactKey: Guid(f33ee55500967944b9e7057fac354a5c) Importer(815301076,1909f56bfc062723c751e8b465ee728b)
Start importing Assets/HLM1 sprite files/Combat/sprMag.png using Guid(f33ee55500967944b9e7057fac354a5c) Importer(815301076,1909f56bfc062723c751e8b465ee728b)  -> (artifact id: 'bb87674069ba8541817289e41be06222') in 0.170274 seconds 
  Import took 0.174532 seconds .

========================================================================
Received Import Request.
  Time since last request: 0.000364 seconds.
  path: Assets/HLM1 sprite files/Combat/sprM16Shell.png
  artifactKey: Guid(34530f69b46399f4da6f91193a4271bb) Importer(815301076,1909f56bfc062723c751e8b465ee728b)
Start importing Assets/HLM1 sprite files/Combat/sprM16Shell.png using Guid(34530f69b46399f4da6f91193a4271bb) Importer(815301076,1909f56bfc062723c751e8b465ee728b)  -> (artifact id: '3f07ca82b8db22963059c8c6585dc0cb') in 0.154214 seconds 
  Import took 0.158821 seconds .

========================================================================
Received Import Request.
  Time since last request: 0.000341 seconds.
  path: Assets/HLM1 sprite files/Combat/sprShotgunShell.png
  artifactKey: Guid(6cf0d58f92937114dacdf7a0273adb22) Importer(815301076,1909f56bfc062723c751e8b465ee728b)
Start importing Assets/HLM1 sprite files/Combat/sprShotgunShell.png using Guid(6cf0d58f92937114dacdf7a0273adb22) Importer(815301076,1909f56bfc062723c751e8b465ee728b)  -> (artifact id: 'b088c7b2b23d94ca1f289ed65cc75fc4') in 0.384738 seconds 
  Import took 0.389335 seconds .

========================================================================
Received Import Request.
  Time since last request: 0.000336 seconds.
  path: Assets/HLM1 sprite files/Combat/sprMagnetic_strip7.png
  artifactKey: Guid(25d235d4056ec244183760e1f2866553) Importer(815301076,1909f56bfc062723c751e8b465ee728b)
Start importing Assets/HLM1 sprite files/Combat/sprMagnetic_strip7.png using Guid(25d235d4056ec244183760e1f2866553) Importer(815301076,1909f56bfc062723c751e8b465ee728b)  -> (artifact id: 'afaaa6201746c7bd69caab1ef1699766') in 0.208805 seconds 
  Import took 0.213280 seconds .

========================================================================
Received Import Request.
  Time since last request: 0.000301 seconds.
  path: Assets/HLM1 sprite files/Combat/sprGoArrow_strip4.png
  artifactKey: Guid(5676eb333913a8149a0e4a1cdbacf46b) Importer(815301076,1909f56bfc062723c751e8b465ee728b)
Start importing Assets/HLM1 sprite files/Combat/sprGoArrow_strip4.png using Guid(5676eb333913a8149a0e4a1cdbacf46b) Importer(815301076,1909f56bfc062723c751e8b465ee728b)  -> (artifact id: '4f8bf51db31ec5a5eb872cf443d60062') in 0.179506 seconds 
  Import took 0.184374 seconds .

========================================================================
Received Import Request.
  Time since last request: 0.000462 seconds.
  path: Assets/HLM1 sprite files/Combat/sprBulletHit_strip11.png
  artifactKey: Guid(7bef051ebcc06054cabdebb2bb3870a4) Importer(815301076,1909f56bfc062723c751e8b465ee728b)
Start importing Assets/HLM1 sprite files/Combat/sprBulletHit_strip11.png using Guid(7bef051ebcc06054cabdebb2bb3870a4) Importer(815301076,1909f56bfc062723c751e8b465ee728b)  -> (artifact id: '5a06eeee4b7746e79ffad5aa0bd61a7f') in 0.228890 seconds 
  Import took 0.234205 seconds .

========================================================================
Received Import Request.
  Time since last request: 0.000371 seconds.
  path: Assets/HLM1 sprite files/Combat/sprArrowGray_strip12.png
  artifactKey: Guid(9725b908b4082f244b2ae26270a5dd29) Importer(815301076,1909f56bfc062723c751e8b465ee728b)
Start importing Assets/HLM1 sprite files/Combat/sprArrowGray_strip12.png using Guid(9725b908b4082f244b2ae26270a5dd29) Importer(815301076,1909f56bfc062723c751e8b465ee728b)  -> (artifact id: '7d5eee29c499a7fed6f2f328fd7bab63') in 0.067948 seconds 
  Import took 0.073112 seconds .

========================================================================
Received Import Request.
  Time since last request: 0.000422 seconds.
  path: Assets/HLM1 sprite files/Combat/sprUziShell.png
  artifactKey: Guid(d48ad8f812fe13e498d1a566bf37ab32) Importer(815301076,1909f56bfc062723c751e8b465ee728b)
Start importing Assets/HLM1 sprite files/Combat/sprUziShell.png using Guid(d48ad8f812fe13e498d1a566bf37ab32) Importer(815301076,1909f56bfc062723c751e8b465ee728b)  -> (artifact id: 'eb3cb63e002635378a34a64c50f45f62') in 0.369549 seconds 
  Import took 0.374210 seconds .

========================================================================
Received Import Request.
  Time since last request: 28.799127 seconds.
  path: Assets/HLM1 sprite files/Combat/sprBullet_strip4.png
  artifactKey: Guid(8a30e9c9faea01b4491e53f346d709b8) Importer(815301076,1909f56bfc062723c751e8b465ee728b)
Start importing Assets/HLM1 sprite files/Combat/sprBullet_strip4.png using Guid(8a30e9c9faea01b4491e53f346d709b8) Importer(815301076,1909f56bfc062723c751e8b465ee728b)  -> (artifact id: 'd4009cb1fc15407ea0b1b717c6e90a71') in 0.090349 seconds 
  Import took 0.095950 seconds .

========================================================================
Received Import Request.
  Time since last request: 98.412400 seconds.
  path: Assets/HLM1 sprite files/Combat/sprBulletHit_strip11.png
  artifactKey: Guid(7bef051ebcc06054cabdebb2bb3870a4) Importer(815301076,1909f56bfc062723c751e8b465ee728b)
Start importing Assets/HLM1 sprite files/Combat/sprBulletHit_strip11.png using Guid(7bef051ebcc06054cabdebb2bb3870a4) Importer(815301076,1909f56bfc062723c751e8b465ee728b)  -> (artifact id: 'd720b02aa3950933c1268c76e5c342ee') in 0.400342 seconds 
  Import took 0.406685 seconds .

========================================================================
Received Import Request.
  Time since last request: 56.018513 seconds.
  path: Assets/HLM1 sprite files/Combat/sprGoArrow_strip4.png
  artifactKey: Guid(5676eb333913a8149a0e4a1cdbacf46b) Importer(815301076,1909f56bfc062723c751e8b465ee728b)
Start importing Assets/HLM1 sprite files/Combat/sprGoArrow_strip4.png using Guid(5676eb333913a8149a0e4a1cdbacf46b) Importer(815301076,1909f56bfc062723c751e8b465ee728b)  -> (artifact id: 'b9ddd09f797790b1baea14cd0f4cef57') in 0.386799 seconds 
  Import took 0.392078 seconds .

========================================================================
Received Import Request.
  Time since last request: 24.737335 seconds.
  path: Assets/HLM1 sprite files/Combat/sprArrow_strip12.png
  artifactKey: Guid(52c53d021b810f84bad3e0cbb98e41b7) Importer(815301076,1909f56bfc062723c751e8b465ee728b)
Start importing Assets/HLM1 sprite files/Combat/sprArrow_strip12.png using Guid(52c53d021b810f84bad3e0cbb98e41b7) Importer(815301076,1909f56bfc062723c751e8b465ee728b)  -> (artifact id: '89d21ca785f7b0f6e99c5cb2625ccb8f') in 0.129073 seconds 
  Import took 0.135097 seconds .

========================================================================
Received Import Request.
  Time since last request: 7.741230 seconds.
  path: Assets/HLM1 sprite files/Combat/sprArrowGray_strip12.png
  artifactKey: Guid(9725b908b4082f244b2ae26270a5dd29) Importer(815301076,1909f56bfc062723c751e8b465ee728b)
Start importing Assets/HLM1 sprite files/Combat/sprArrowGray_strip12.png using Guid(9725b908b4082f244b2ae26270a5dd29) Importer(815301076,1909f56bfc062723c751e8b465ee728b)  -> (artifact id: '30bb17f455eefc3b7556c480476c669d') in 0.130769 seconds 
  Import took 0.137281 seconds .

========================================================================
Received Import Request.
  Time since last request: 79.555552 seconds.
  path: Assets/Map/FullHouse.png
  artifactKey: Guid(1ca2f0ac6daf9294cb2240c72341a561) Importer(815301076,1909f56bfc062723c751e8b465ee728b)
Start importing Assets/Map/FullHouse.png using Guid(1ca2f0ac6daf9294cb2240c72341a561) Importer(815301076,1909f56bfc062723c751e8b465ee728b)  -> (artifact id: '499e96178b934442c74ad0be29722b7c') in 0.071822 seconds 
  Import took 0.078688 seconds .

========================================================================
Received Import Request.
  Time since last request: 0.000482 seconds.
  path: Assets/Map/FullHouseWalls.png
  artifactKey: Guid(a55a825c5265a354aa8d352105372cad) Importer(815301076,1909f56bfc062723c751e8b465ee728b)
Start importing Assets/Map/FullHouseWalls.png using Guid(a55a825c5265a354aa8d352105372cad) Importer(815301076,1909f56bfc062723c751e8b465ee728b)  -> (artifact id: 'b000bb19d4abd325f1021be525caf902') in 0.070471 seconds 
  Import took 0.075814 seconds .

========================================================================
Received Import Request.
  Time since last request: 0.000423 seconds.
  path: Assets/Map/test.png
  artifactKey: Guid(43054fc042b55b74788d568c6cddf4a1) Importer(815301076,1909f56bfc062723c751e8b465ee728b)
Start importing Assets/Map/test.png using Guid(43054fc042b55b74788d568c6cddf4a1) Importer(815301076,1909f56bfc062723c751e8b465ee728b)  -> (artifact id: '0b04496558710c291d7e1d02c0bfa1ef') in 0.158022 seconds 
  Import took 0.162588 seconds .

========================================================================
Received Import Request.
  Time since last request: 127.170418 seconds.
  path: Assets/Resources/Material/Tmesh.mat
  artifactKey: Guid(3cd07c3d58534a74d8d883ec1a61d054) Importer(815301076,1909f56bfc062723c751e8b465ee728b)
Start importing Assets/Resources/Material/Tmesh.mat using Guid(3cd07c3d58534a74d8d883ec1a61d054) Importer(815301076,1909f56bfc062723c751e8b465ee728b)  -> (artifact id: 'a008a295abeb73082e145696db6bed4d') in 0.136002 seconds 
  Import took 0.141844 seconds .

========================================================================
Received Import Request.
  Time since last request: 0.450701 seconds.
  path: Assets/Resources/Font/retro_computer_personal_use.ttf
  artifactKey: Guid(b7cad4f984d9bc34086849a629411e3a) Importer(815301076,1909f56bfc062723c751e8b465ee728b)
Start importing Assets/Resources/Font/retro_computer_personal_use.ttf using Guid(b7cad4f984d9bc34086849a629411e3a) Importer(815301076,1909f56bfc062723c751e8b465ee728b)  -> (artifact id: 'b77021f099459c9525bdf28908187687') in 0.111474 seconds 
  Import took 0.116563 seconds .

========================================================================
Received Import Request.
  Time since last request: 1.317672 seconds.
  path: Assets/Resources/Prefap/WeaponItem/Bat.prefab
  artifactKey: Guid(6eb415ee052fb4748963c090665bcf1e) Importer(815301076,1909f56bfc062723c751e8b465ee728b)
Start importing Assets/Resources/Prefap/WeaponItem/Bat.prefab using Guid(6eb415ee052fb4748963c090665bcf1e) Importer(815301076,1909f56bfc062723c751e8b465ee728b)  -> (artifact id: 'e15324ed171fd06e3595d063e94fd707') in 0.081747 seconds 
  Import took 0.087281 seconds .

========================================================================
Received Import Request.
  Time since last request: 0.867768 seconds.
  path: Assets/Resources/Prefap/Dog.prefab
  artifactKey: Guid(6e93dcb1ad6a82149bfd0c0e293172f9) Importer(815301076,1909f56bfc062723c751e8b465ee728b)
Start importing Assets/Resources/Prefap/Dog.prefab using Guid(6e93dcb1ad6a82149bfd0c0e293172f9) Importer(815301076,1909f56bfc062723c751e8b465ee728b) Asset 'Dog': Transition 'DogWalk -> DogRun' in state 'DogWalk' doesn't have an Exit Time or any condition, transition will be ignored
UnityEngine.StackTraceUtility:ExtractStackTrace ()
UnityEditor.EditorUtility:Internal_InstantiateRemoveAllNonAnimationComponentsSingle (UnityEngine.Object,UnityEngine.Vector3,UnityEngine.Quaternion)
UnityEditor.EditorUtility:InstantiateRemoveAllNonAnimationComponents (UnityEngine.Object,UnityEngine.Vector3,UnityEngine.Quaternion)
UnityEditor.EditorUtility:InstantiateForAnimatorPreview (UnityEngine.Object)
UnityEditor.GameObjectInspector/PreviewData:UpdateGameObject (UnityEngine.Object)
UnityEditor.GameObjectInspector/PreviewData:.ctor (UnityEngine.Object)
UnityEditor.GameObjectInspector:GetPreviewData ()
UnityEditor.GameObjectInspector:RenderStaticPreview (string,UnityEngine.Object[],int,int)
UnityEditor.AssetPreviewUpdater:CreatePreviewForAsset (UnityEngine.Object,UnityEngine.Object[],string)

[C:\buildslave\unity\build\Editor/Src/Animation/StateMachine.cpp line 1847]

Asset 'Dog': Transition 'DogRun -> DogWalk' in state 'DogRun' doesn't have an Exit Time or any condition, transition will be ignored
UnityEngine.StackTraceUtility:ExtractStackTrace ()
UnityEditor.EditorUtility:Internal_InstantiateRemoveAllNonAnimationComponentsSingle (UnityEngine.Object,UnityEngine.Vector3,UnityEngine.Quaternion)
UnityEditor.EditorUtility:InstantiateRemoveAllNonAnimationComponents (UnityEngine.Object,UnityEngine.Vector3,UnityEngine.Quaternion)
UnityEditor.EditorUtility:InstantiateForAnimatorPreview (UnityEngine.Object)
UnityEditor.GameObjectInspector/PreviewData:UpdateGameObject (UnityEngine.Object)
UnityEditor.GameObjectInspector/PreviewData:.ctor (UnityEngine.Object)
UnityEditor.GameObjectInspector:GetPreviewData ()
UnityEditor.GameObjectInspector:RenderStaticPreview (string,UnityEngine.Object[],int,int)
UnityEditor.AssetPreviewUpdater:CreatePreviewForAsset (UnityEngine.Object,UnityEngine.Object[],string)

[C:\buildslave\unity\build\Editor/Src/Animation/StateMachine.cpp line 1847]

 -> (artifact id: '11ab38cdd120381abc9eb534ed7c4dcf') in 0.129480 seconds 
  Import took 0.134574 seconds .

========================================================================
Received Import Request.
  Time since last request: 0.000372 seconds.
  path: Assets/Resources/Prefap/EnemyMafia.prefab
  artifactKey: Guid(1c9683738c1c2714e920096cb6f2d187) Importer(815301076,1909f56bfc062723c751e8b465ee728b)
Start importing Assets/Resources/Prefap/EnemyMafia.prefab using Guid(1c9683738c1c2714e920096cb6f2d187) Importer(815301076,1909f56bfc062723c751e8b465ee728b)  -> (artifact id: 'ca643d2a46299dab975c57103937848d') in 0.063419 seconds 
  Import took 0.068314 seconds .

========================================================================
Received Import Request.
  Time since last request: 0.000432 seconds.
  path: Assets/Resources/Prefap/EnemyMafiaBat.prefab
  artifactKey: Guid(ef16f07a60fe5ae418131e7c752caa0c) Importer(815301076,1909f56bfc062723c751e8b465ee728b)
Start importing Assets/Resources/Prefap/EnemyMafiaBat.prefab using Guid(ef16f07a60fe5ae418131e7c752caa0c) Importer(815301076,1909f56bfc062723c751e8b465ee728b) Asset 'MafiaTop': Transition 'M16idel -> M16walk' in state 'M16idel' doesn't have an Exit Time or any condition, transition will be ignored
UnityEngine.StackTraceUtility:ExtractStackTrace ()
UnityEditor.EditorUtility:Internal_InstantiateRemoveAllNonAnimationComponentsSingle (UnityEngine.Object,UnityEngine.Vector3,UnityEngine.Quaternion)
UnityEditor.EditorUtility:InstantiateRemoveAllNonAnimationComponents (UnityEngine.Object,UnityEngine.Vector3,UnityEngine.Quaternion)
UnityEditor.EditorUtility:InstantiateForAnimatorPreview (UnityEngine.Object)
UnityEditor.GameObjectInspector/PreviewData:UpdateGameObject (UnityEngine.Object)
UnityEditor.GameObjectInspector/PreviewData:.ctor (UnityEngine.Object)
UnityEditor.GameObjectInspector:GetPreviewData ()
UnityEditor.GameObjectInspector:RenderStaticPreview (string,UnityEngine.Object[],int,int)
UnityEditor.AssetPreviewUpdater:CreatePreviewForAsset (UnityEngine.Object,UnityEngine.Object[],string)

[C:\buildslave\unity\build\Editor/Src/Animation/StateMachine.cpp line 1847]

Asset 'MafiaTop': Transition 'M16walk -> M16Attack' in state 'M16walk' doesn't have an Exit Time or any condition, transition will be ignored
UnityEngine.StackTraceUtility:ExtractStackTrace ()
UnityEditor.EditorUtility:Internal_InstantiateRemoveAllNonAnimationComponentsSingle (UnityEngine.Object,UnityEngine.Vector3,UnityEngine.Quaternion)
UnityEditor.EditorUtility:InstantiateRemoveAllNonAnimationComponents (UnityEngine.Object,UnityEngine.Vector3,UnityEngine.Quaternion)
UnityEditor.EditorUtility:InstantiateForAnimatorPreview (UnityEngine.Object)
UnityEditor.GameObjectInspector/PreviewData:UpdateGameObject (UnityEngine.Object)
UnityEditor.GameObjectInspector/PreviewData:.ctor (UnityEngine.Object)
UnityEditor.GameObjectInspector:GetPreviewData ()
UnityEditor.GameObjectInspector:RenderStaticPreview (string,UnityEngine.Object[],int,int)
UnityEditor.AssetPreviewUpdater:CreatePreviewForAsset (UnityEngine.Object,UnityEngine.Object[],string)

[C:\buildslave\unity\build\Editor/Src/Animation/StateMachine.cpp line 1847]

Asset 'MafiaTop': Transition 'M16Attack -> M16idel' in state 'M16Attack' doesn't have an Exit Time or any condition, transition will be ignored
UnityEngine.StackTraceUtility:ExtractStackTrace ()
UnityEditor.EditorUtility:Internal_InstantiateRemoveAllNonAnimationComponentsSingle (UnityEngine.Object,UnityEngine.Vector3,UnityEngine.Quaternion)
UnityEditor.EditorUtility:InstantiateRemoveAllNonAnimationComponents (UnityEngine.Object,UnityEngine.Vector3,UnityEngine.Quaternion)
UnityEditor.EditorUtility:InstantiateForAnimatorPreview (UnityEngine.Object)
UnityEditor.GameObjectInspector/PreviewData:UpdateGameObject (UnityEngine.Object)
UnityEditor.GameObjectInspector/PreviewData:.ctor (UnityEngine.Object)
UnityEditor.GameObjectInspector:GetPreviewData ()
UnityEditor.GameObjectInspector:RenderStaticPreview (string,UnityEngine.Object[],int,int)
UnityEditor.AssetPreviewUpdater:CreatePreviewForAsset (UnityEngine.Object,UnityEngine.Object[],string)

[C:\buildslave\unity\build\Editor/Src/Animation/StateMachine.cpp line 1847]

Asset 'MafiaTop': Transition 'KnockBackWall -> GetUpWall' in state 'KnockBackWall' doesn't have an Exit Time or any condition, transition will be ignored
UnityEngine.StackTraceUtility:ExtractStackTrace ()
UnityEditor.EditorUtility:Internal_InstantiateRemoveAllNonAnimationComponentsSingle (UnityEngine.Object,UnityEngine.Vector3,UnityEngine.Quaternion)
UnityEditor.EditorUtility:InstantiateRemoveAllNonAnimationComponents (UnityEngine.Object,UnityEngine.Vector3,UnityEngine.Quaternion)
UnityEditor.EditorUtility:InstantiateForAnimatorPreview (UnityEngine.Object)
UnityEditor.GameObjectInspector/PreviewData:UpdateGameObject (UnityEngine.Object)
UnityEditor.GameObjectInspector/PreviewData:.ctor (UnityEngine.Object)
UnityEditor.GameObjectInspector:GetPreviewData ()
UnityEditor.GameObjectInspector:RenderStaticPreview (string,UnityEngine.Object[],int,int)
UnityEditor.AssetPreviewUpdater:CreatePreviewForAsset (UnityEngine.Object,UnityEngine.Object[],string)

[C:\buildslave\unity\build\Editor/Src/Animation/StateMachine.cpp line 1847]

Asset 'MafiaTop': Transition 'KnockBack -> KnockBackWall' in state 'KnockBack' doesn't have an Exit Time or any condition, transition will be ignored
UnityEngine.StackTraceUtility:ExtractStackTrace ()
UnityEditor.EditorUtility:Internal_InstantiateRemoveAllNonAnimationComponentsSingle (UnityEngine.Object,UnityEngine.Vector3,UnityEngine.Quaternion)
UnityEditor.EditorUtility:InstantiateRemoveAllNonAnimationComponents (UnityEngine.Object,UnityEngine.Vector3,UnityEngine.Quaternion)
UnityEditor.EditorUtility:InstantiateForAnimatorPreview (UnityEngine.Object)
UnityEditor.GameObjectInspector/PreviewData:UpdateGameObject (UnityEngine.Object)
UnityEditor.GameObjectInspector/PreviewData:.ctor (UnityEngine.Object)
UnityEditor.GameObjectInspector:GetPreviewData ()
UnityEditor.GameObjectInspector:RenderStaticPreview (string,UnityEngine.Object[],int,int)
UnityEditor.AssetPreviewUpdater:CreatePreviewForAsset (UnityEngine.Object,UnityEngine.Object[],string)

[C:\buildslave\unity\build\Editor/Src/Animation/StateMachine.cpp line 1847]

Asset 'MafiaTop': Transition 'KnockBack -> Getup' in state 'KnockBack' doesn't have an Exit Time or any condition, transition will be ignored
UnityEngine.StackTraceUtility:ExtractStackTrace ()
UnityEditor.EditorUtility:Internal_InstantiateRemoveAllNonAnimationComponentsSingle (UnityEngine.Object,UnityEngine.Vector3,UnityEngine.Quaternion)
UnityEditor.EditorUtility:InstantiateRemoveAllNonAnimationComponents (UnityEngine.Object,UnityEngine.Vector3,UnityEngine.Quaternion)
UnityEditor.EditorUtility:InstantiateForAnimatorPreview (UnityEngine.Object)
UnityEditor.GameObjectInspector/PreviewData:UpdateGameObject (UnityEngine.Object)
UnityEditor.GameObjectInspector/PreviewData:.ctor (UnityEngine.Object)
UnityEditor.GameObjectInspector:GetPreviewData ()
UnityEditor.GameObjectInspector:RenderStaticPreview (string,UnityEngine.Object[],int,int)
UnityEditor.AssetPreviewUpdater:CreatePreviewForAsset (UnityEngine.Object,UnityEngine.Object[],string)

[C:\buildslave\unity\build\Editor/Src/Animation/StateMachine.cpp line 1847]

Asset 'MafiaTop': Transition 'AnyState -> KnockBack' in state 'AnyState' doesn't have an Exit Time or any condition, transition will be ignored
UnityEngine.StackTraceUtility:ExtractStackTrace ()
UnityEditor.EditorUtility:Internal_InstantiateRemoveAllNonAnimationComponentsSingle (UnityEngine.Object,UnityEngine.Vector3,UnityEngine.Quaternion)
UnityEditor.EditorUtility:InstantiateRemoveAllNonAnimationComponents (UnityEngine.Object,UnityEngine.Vector3,UnityEngine.Quaternion)
UnityEditor.EditorUtility:InstantiateForAnimatorPreview (UnityEngine.Object)
UnityEditor.GameObjectInspector/PreviewData:UpdateGameObject (UnityEngine.Object)
UnityEditor.GameObjectInspector/PreviewData:.ctor (UnityEngine.Object)
UnityEditor.GameObjectInspector:GetPreviewData ()
UnityEditor.GameObjectInspector:RenderStaticPreview (string,UnityEngine.Object[],int,int)
UnityEditor.AssetPreviewUpdater:CreatePreviewForAsset (UnityEngine.Object,UnityEngine.Object[],string)

[C:\buildslave\unity\build\Editor/Src/Animation/StateMachine.cpp line 1847]

 -> (artifact id: '328df4d72357a2ec527077da1ee18d4f') in 0.085941 seconds 
  Import took 0.091783 seconds .

========================================================================
Received Import Request.
  Time since last request: 0.000429 seconds.
  path: Assets/Resources/Prefap/MouseCursor.prefab
  artifactKey: Guid(caefd9558adb03744b3b8bb2d8bcfcf2) Importer(815301076,1909f56bfc062723c751e8b465ee728b)
Start importing Assets/Resources/Prefap/MouseCursor.prefab using Guid(caefd9558adb03744b3b8bb2d8bcfcf2) Importer(815301076,1909f56bfc062723c751e8b465ee728b)  -> (artifact id: '79777e7509938724e39270d3ac1651c0') in 0.064091 seconds 
  Import took 0.068688 seconds .

========================================================================
Received Import Request.
  Time since last request: 0.000313 seconds.
  path: Assets/Resources/Prefap/Jaket.prefab
  artifactKey: Guid(76a1c6185be828c468461c5321998392) Importer(815301076,1909f56bfc062723c751e8b465ee728b)
Start importing Assets/Resources/Prefap/Jaket.prefab using Guid(76a1c6185be828c468461c5321998392) Importer(815301076,1909f56bfc062723c751e8b465ee728b)  -> (artifact id: '7e1164b73a26ef95bb42cf9817ba8fdf') in 0.078105 seconds 
  Import took 0.083107 seconds .

========================================================================
Received Import Request.
  Time since last request: 3.480555 seconds.
  path: Assets/Resources/Prefap/Bullet.prefab
  artifactKey: Guid(d23c012cb25b0584391f45194a69d762) Importer(815301076,1909f56bfc062723c751e8b465ee728b)
Start importing Assets/Resources/Prefap/Bullet.prefab using Guid(d23c012cb25b0584391f45194a69d762) Importer(815301076,1909f56bfc062723c751e8b465ee728b)  -> (artifact id: 'd37c5804f44fb18199b16f4b3aadf917') in 0.070248 seconds 
  Import took 0.076308 seconds .

AssetImportWorkerClient::OnTransportError - code=2 error=End of file
